<?xml version="1.0" encoding="UTF-8"?>
<!-- Generated by org.testng.reporters.JUnitReportReporter -->
<testsuite hostname="Asplap2656" failures="0" tests="1" name="com.OrangeHRM.testscripts.TimeSheetTestSuite" time="38.079" errors="0" timestamp="2024-01-25T13:51:10 IST" skipped="0">
  <testcase classname="com.OrangeHRM.testscripts.TimeSheetTestSuite" name="TC301" time="38.079">
    <system-out>
      <![CDATA[<div class="test-event"> <font color="maroon"> <small> &emsp; &emsp;--- 25 Jan 13:42:46 249 - TestCaseID:: TC301</small> </font> </div>
<div class="test-event"> <font color="maroon"> <small> &emsp; &emsp;--- 25 Jan 13:42:47 260 - <b>1</b> - Driver::initialize::Get - com.OrangeHRM.utils.WebDriverFactory.getDriver(WebDriverFactory.java:767)</small> </font> </div>
<div class="test-event"> <font color="maroon"> <small> &emsp; &emsp;--- 25 Jan 13:42:47 261 - WebDriver session: ChromeDriver: chrome on windows (05f34c5217e84c64e8e2c0d1ee0c8c7a)</small> </font> </div>
&emsp;<div class="test-title"> <strong><font size = "3" color = "#000080">create timesheet and submit</font> </strong> </div>&emsp;<div><strong>Steps:</strong></div><!-- Report -->&emsp;
<div class="test-event"> <font color="maroon"> <small> &emsp; &emsp;--- 25 Jan 13:42:47 263 - Fetching test data from excel sheet</small> </font> </div>
<div class="test-event"> <font color="maroon"> <small> &emsp; &emsp;--- 25 Jan 13:43:01 463 - Entered value Admin in Username field</small> </font> </div>
<div class="test-event"> <font color="maroon"> <small> &emsp; &emsp;--- 25 Jan 13:43:01 765 - Entered value admin123 in Password field</small> </font> </div>
<div class="test-event"> <font color="maroon"> <small> &emsp; &emsp;--- 25 Jan 13:43:01 786 - Webelement dimension: (485, 46)</small> </font> </div>
<div class="test-event"> <font color="maroon"> <small> &emsp; &emsp;--- 25 Jan 13:43:01 833 - Clicked on Login button</small> </font> </div>
<div class="test-message">&emsp;Login to Application&emsp;<a href=".\ScreenShot\TC301_17.png" target="_blank" >[ScreenShot]</a></div>
<div class="test-event"> <font color="maroon"> <small> &emsp; &emsp;--- 25 Jan 13:43:03 809 - Page URL:: https://opensource-demo.orangehrmlive.com/web/index.php/dashboard/index</small> </font> </div>
<div class="test-event"> <font color="maroon"> <small> &emsp; &emsp;--- 25 Jan 13:43:03 809 - <b>0</b> - Page Load Wait: (Sync) - com.OrangeHRM.utils.WaitUtils.waitForPageLoad(WaitUtils.java:50)</small> </font> </div>
<div class="test-event"> <font color="maroon"> <small> &emsp; &emsp;--- 25 Jan 13:43:03 856 - [[ChromeDriver: chrome on windows (05f34c5217e84c64e8e2c0d1ee0c8c7a)] -> css selector: p[class*='orangehrm-copyright']] displayed</small> </font> </div>
<div class="test-event"> <font color="maroon"> <small> &emsp; &emsp;--- 25 Jan 13:43:03 898 - [[ChromeDriver: chrome on windows (05f34c5217e84c64e8e2c0d1ee0c8c7a)] -> css selector: span[class*='oxd-main-menu-item--name']] displayed</small> </font> </div>
<div class="test-event"> <font color="maroon"> <small> &emsp; &emsp;--- 25 Jan 13:43:03 938 - PIM Element displayed</small> </font> </div>
<div class="test-event"> <font color="maroon"> <small> &emsp; &emsp;--- 25 Jan 13:43:03 966 - Webelement dimension: (39, 19)</small> </font> </div>
<div class="test-event"> <font color="maroon"> <small> &emsp; &emsp;--- 25 Jan 13:43:05 370 - Clicked on PIM</small> </font> </div>
<div class="test-message">&emsp;Main menu : PIM selected&emsp;<a href=".\ScreenShot\TC301_18.png" target="_blank" >[ScreenShot]</a></div>
<div class="test-event"> <font color="maroon"> <small> &emsp; &emsp;--- 25 Jan 13:43:05 918 - Page URL:: https://opensource-demo.orangehrmlive.com/web/index.php/pim/viewemployeelist</small> </font> </div>
<div class="test-event"> <font color="maroon"> <small> &emsp; &emsp;--- 25 Jan 13:43:05 919 - <b>0</b> - Page Load Wait: (Sync) - com.OrangeHRM.utils.WaitUtils.waitForPageLoad(WaitUtils.java:50)</small> </font> </div>
<div class="test-event"> <font color="maroon"> <small> &emsp; &emsp;--- 25 Jan 13:43:05 953 - [[ChromeDriver: chrome on windows (05f34c5217e84c64e8e2c0d1ee0c8c7a)] -> css selector: h6[class*='oxd-topbar-header']] displayed</small> </font> </div>
<div class="test-event"> <font color="maroon"> <small> &emsp; &emsp;--- 25 Jan 13:43:05 981 - Webelement dimension: (109, 30)</small> </font> </div>
<div class="test-event"> <font color="maroon"> <small> &emsp; &emsp;--- 25 Jan 13:43:06 806 - Clicked on Add button</small> </font> </div>
<div class="test-event"> <font color="maroon"> <small> &emsp; &emsp;--- 25 Jan 13:43:07 701 - Entered value Isaura in FirstName</small> </font> </div>
<div class="test-event"> <font color="maroon"> <small> &emsp; &emsp;--- 25 Jan 13:43:08 040 - Entered value Streich in LastName</small> </font> </div>
<div class="test-event"> <font color="maroon"> <small> &emsp; &emsp;--- 25 Jan 13:43:08 383 - Entered value 95 in Employeee Id</small> </font> </div>
<div class="test-event"> <font color="maroon"> <small> &emsp; &emsp;--- 25 Jan 13:43:08 405 - Webelement dimension: (33, 17)</small> </font> </div>
<div class="test-event"> <font color="maroon"> <small> &emsp; &emsp;--- 25 Jan 13:43:08 462 - Clicked on Create login details</small> </font> </div>
<div class="test-event"> <font color="maroon"> <small> &emsp; &emsp;--- 25 Jan 13:43:08 515 - Username Element displayed</small> </font> </div>
<div class="test-event"> <font color="maroon"> <small> &emsp; &emsp;--- 25 Jan 13:43:08 978 - Entered value markus.cormier in Username</small> </font> </div>
<div class="test-message">&emsp;Username: markus.cormier selected&emsp;<a href=".\ScreenShot\TC301_19.png" target="_blank" >[ScreenShot]</a></div>
<div class="test-event"> <font color="maroon"> <small> &emsp; &emsp;--- 25 Jan 13:43:09 561 - Password Element displayed</small> </font> </div>
<div class="test-event"> <font color="maroon"> <small> &emsp; &emsp;--- 25 Jan 13:43:09 972 - Entered value 4r8536e in Password</small> </font> </div>
<div class="test-message">&emsp;Password: 4r8536e selected&emsp;<a href=".\ScreenShot\TC301_20.png" target="_blank" >[ScreenShot]</a></div>
<div class="test-event"> <font color="maroon"> <small> &emsp; &emsp;--- 25 Jan 13:43:10 485 - Confirm Password Element displayed</small> </font> </div>
<div class="test-event"> <font color="maroon"> <small> &emsp; &emsp;--- 25 Jan 13:43:10 890 - Entered value 4r8536e in Confirm Password</small> </font> </div>
<div class="test-message">&emsp;Confirm Password: 4r8536e selected&emsp;<a href=".\ScreenShot\TC301_21.png" target="_blank" >[ScreenShot]</a></div>
<div class="test-event"> <font color="maroon"> <small> &emsp; &emsp;--- 25 Jan 13:43:11 359 - Webelement dimension: (100, 31)</small> </font> </div>
<div class="test-event"> <font color="maroon"> <small> &emsp; &emsp;--- 25 Jan 13:43:11 413 - Clicked on Save button</small> </font> </div>
<div class="test-event"> <font color="maroon"> <small> &emsp; &emsp;--- 25 Jan 13:43:13 940 - [[ChromeDriver: chrome on windows (05f34c5217e84c64e8e2c0d1ee0c8c7a)] -> css selector: div[class*='oxd-toast--success']] displayed</small> </font> </div>
<div class="test-event"> <font color="maroon"> <small> &emsp; &emsp;--- 25 Jan 13:43:14 000 - Webelement dimension: (162, 54)</small> </font> </div>
<div class="test-event"> <font color="maroon"> <small> &emsp; &emsp;--- 25 Jan 13:43:14 089 - Clicked on User profile</small> </font> </div>
<div class="test-event"> <font color="maroon"> <small> &emsp; &emsp;--- 25 Jan 13:43:14 132 - Webelement dimension: (160, 26)</small> </font> </div>
<div class="test-event"> <font color="maroon"> <small> &emsp; &emsp;--- 25 Jan 13:43:15 091 - Clicked on Logout button</small> </font> </div>
<div class="test-message">&emsp;Logout to application&emsp;<a href=".\ScreenShot\TC301_22.png" target="_blank" >[ScreenShot]</a></div>
<div class="test-event"> <font color="maroon"> <small> &emsp; &emsp;--- 25 Jan 13:43:15 536 - Page URL:: https://opensource-demo.orangehrmlive.com/web/index.php/auth/login</small> </font> </div>
<div class="test-event"> <font color="maroon"> <small> &emsp; &emsp;--- 25 Jan 13:43:15 536 - <b>0</b> - Page Load Wait: (Sync) - com.OrangeHRM.utils.WaitUtils.waitForPageLoad(WaitUtils.java:50)</small> </font> </div>
<div class="test-event"> <font color="maroon"> <small> &emsp; &emsp;--- 25 Jan 13:43:15 563 - [[ChromeDriver: chrome on windows (05f34c5217e84c64e8e2c0d1ee0c8c7a)] -> css selector: button[class*='orangehrm-login-button']] displayed</small> </font> </div>
<div class="test-event"> <font color="maroon"> <small> &emsp; &emsp;--- 25 Jan 13:43:15 822 - Entered value markus.cormier in Username field</small> </font> </div>
<div class="test-event"> <font color="maroon"> <small> &emsp; &emsp;--- 25 Jan 13:43:16 114 - Entered value 4r8536e in Password field</small> </font> </div>
<div class="test-event"> <font color="maroon"> <small> &emsp; &emsp;--- 25 Jan 13:43:16 134 - Webelement dimension: (485, 46)</small> </font> </div>
<div class="test-event"> <font color="maroon"> <small> &emsp; &emsp;--- 25 Jan 13:43:16 180 - Clicked on Login button</small> </font> </div>
<div class="test-message">&emsp;Login to Application&emsp;<a href=".\ScreenShot\TC301_23.png" target="_blank" >[ScreenShot]</a></div>
<div class="test-event"> <font color="maroon"> <small> &emsp; &emsp;--- 25 Jan 13:43:17 885 - Page URL:: https://opensource-demo.orangehrmlive.com/web/index.php/dashboard/index</small> </font> </div>
<div class="test-event"> <font color="maroon"> <small> &emsp; &emsp;--- 25 Jan 13:43:17 886 - <b>0</b> - Page Load Wait: (Sync) - com.OrangeHRM.utils.WaitUtils.waitForPageLoad(WaitUtils.java:50)</small> </font> </div>
<div class="test-event"> <font color="maroon"> <small> &emsp; &emsp;--- 25 Jan 13:43:17 917 - [[ChromeDriver: chrome on windows (05f34c5217e84c64e8e2c0d1ee0c8c7a)] -> css selector: p[class*='orangehrm-copyright']] displayed</small> </font> </div>
<div class="test-event"> <font color="maroon"> <small> &emsp; &emsp;--- 25 Jan 13:43:17 946 - [[ChromeDriver: chrome on windows (05f34c5217e84c64e8e2c0d1ee0c8c7a)] -> css selector: span[class*='oxd-main-menu-item--name']] displayed</small> </font> </div>
<div class="test-event"> <font color="maroon"> <small> &emsp; &emsp;--- 25 Jan 13:43:17 978 - Time Element displayed</small> </font> </div>
<div class="test-event"> <font color="maroon"> <small> &emsp; &emsp;--- 25 Jan 13:43:17 997 - Webelement dimension: (45, 19)</small> </font> </div>
<div class="test-event"> <font color="maroon"> <small> &emsp; &emsp;--- 25 Jan 13:43:19 570 - Clicked on Time</small> </font> </div>
<div class="test-message">&emsp;Main menu : Time selected&emsp;<a href=".\ScreenShot\TC301_24.png" target="_blank" >[ScreenShot]</a></div>
<div class="test-event"> <font color="maroon"> <small> &emsp; &emsp;--- 25 Jan 13:43:20 064 - Page URL:: https://opensource-demo.orangehrmlive.com/web/index.php/time/viewmytimesheet</small> </font> </div>
<div class="test-event"> <font color="maroon"> <small> &emsp; &emsp;--- 25 Jan 13:43:20 064 - <b>0</b> - Page Load Wait: (Sync) - com.OrangeHRM.utils.WaitUtils.waitForPageLoad(WaitUtils.java:50)</small> </font> </div>
<div class="test-event"> <font color="maroon"> <small> &emsp; &emsp;--- 25 Jan 13:43:20 105 - [[ChromeDriver: chrome on windows (05f34c5217e84c64e8e2c0d1ee0c8c7a)] -> xpath: //h6[text()='My Timesheet']] displayed</small> </font> </div>
<div class="test-event"> <font color="maroon"> <small> &emsp; &emsp;--- 25 Jan 13:43:21 280 - Webelement dimension: (109, 31)</small> </font> </div>
<div class="test-event"> <font color="maroon"> <small> &emsp; &emsp;--- 25 Jan 13:43:21 362 - Clicked on Submit button</small> </font> </div>
<div class="test-event"> <font color="maroon"> <small> &emsp; &emsp;--- 25 Jan 13:43:21 957 - [[ChromeDriver: chrome on windows (05f34c5217e84c64e8e2c0d1ee0c8c7a)] -> css selector: div[class*='oxd-toast--success']] displayed</small> </font> </div>
<div class="test-event"> <font color="maroon"> <small> &emsp; &emsp;--- 25 Jan 13:43:22 803 - WebElement: [[ChromeDriver: chrome on windows (05f34c5217e84c64e8e2c0d1ee0c8c7a)] -> xpath: //p[text()='Status: Submitted']]</small> </font> </div>
<div class="test-event"> <font color="maroon"> <small> &emsp; &emsp;--- 25 Jan 13:43:22 837 - Submitted Label displayed</small> </font> </div>
<div class="test-event"> <font color="maroon"> <small> &emsp; &emsp;--- 25 Jan 13:43:23 393 - Table rows Element displayed</small> </font> </div>
<div class="test-event"> <font color="maroon"> <small> &emsp; &emsp;--- 25 Jan 13:43:23 418 - Table rows elements displayed size: 1</small> </font> </div>
<div class="test-event"> <font color="maroon"> <small> &emsp; &emsp;--- 25 Jan 13:43:23 490 - Text value displayed for Table field : Submitted</small> </font> </div>
<div class="test-event"> <font color="maroon"> <small> &emsp; &emsp;--- 25 Jan 13:43:23 539 - Text value displayed for Table field : Isaura Streich</small> </font> </div>
<div class="test-event"> <font color="maroon"> <small> &emsp; &emsp;--- 25 Jan 13:43:23 590 - Text value displayed for Table field : 2024-01-25</small> </font> </div>
<div class="test-event"> <font color="maroon"> <small> &emsp; &emsp;--- 25 Jan 13:43:23 603 - WebDriver session: ChromeDriver: chrome on windows (05f34c5217e84c64e8e2c0d1ee0c8c7a)</small> </font> </div>
<div class="test-message">&emsp;Leave Details is verified successfully&emsp;<a href=".\ScreenShot\TC301_25.png" target="_blank" >[ScreenShot]</a></div>
<div class="test-result"><br><font color="green"><strong> Test Passed. </strong></font> </div>&emsp;
<div class="test-event"> <font color="maroon"> <small> &emsp; &emsp;--- 25 Jan 13:43:24 090 - WebDriver session: ChromeDriver: chrome on windows (05f34c5217e84c64e8e2c0d1ee0c8c7a)</small> </font> </div>]]>
    </system-out>
  </testcase> <!-- TC301 -->
  <system-out>
    <![CDATA[<div class="test-event"> <font color="maroon"> <small> &emsp; &emsp;--- 25 Jan 13:41:16 399 - TestCaseID:: TC401</small> </font> </div>
<div class="test-event"> <font color="maroon"> <small> &emsp; &emsp;--- 25 Jan 13:41:18 505 - <b>2</b> - Driver::initialize::Get - com.OrangeHRM.utils.WebDriverFactory.getDriver(WebDriverFactory.java:767)</small> </font> </div>
<div class="test-event"> <font color="maroon"> <small> &emsp; &emsp;--- 25 Jan 13:41:18 516 - WebDriver session: ChromeDriver: chrome on windows (d74dcbe4851c0c74c6cdff59fe3d8594)</small> </font> </div>
&emsp;<div class="test-title"> <strong><font size = "3" color = "#000080">Add new candidate and Hire</font> </strong> </div>&emsp;<div><strong>Steps:</strong></div><!-- Report -->&emsp;
<div class="test-event"> <font color="maroon"> <small> &emsp; &emsp;--- 25 Jan 13:41:18 546 - Fetching test data from excel sheet</small> </font> </div>
<div class="test-event"> <font color="maroon"> <small> &emsp; &emsp;--- 25 Jan 13:41:34 357 - Entered value Admin in Username field</small> </font> </div>
<div class="test-event"> <font color="maroon"> <small> &emsp; &emsp;--- 25 Jan 13:41:35 244 - Entered value admin123 in Password field</small> </font> </div>
<div class="test-event"> <font color="maroon"> <small> &emsp; &emsp;--- 25 Jan 13:41:35 390 - Webelement dimension: (485, 46)</small> </font> </div>
<div class="test-event"> <font color="maroon"> <small> &emsp; &emsp;--- 25 Jan 13:41:37 173 - Clicked on Login button</small> </font> </div>
<div class="test-message">&emsp;Login to Application&emsp;<a href=".\ScreenShot\TC401_1.png" target="_blank" >[ScreenShot]</a></div>
<div class="test-event"> <font color="maroon"> <small> &emsp; &emsp;--- 25 Jan 13:41:38 236 - Page URL:: https://opensource-demo.orangehrmlive.com/web/index.php/dashboard/index</small> </font> </div>
<div class="test-event"> <font color="maroon"> <small> &emsp; &emsp;--- 25 Jan 13:41:38 238 - <b>0</b> - Page Load Wait: (Sync) - com.OrangeHRM.utils.WaitUtils.waitForPageLoad(WaitUtils.java:50)</small> </font> </div>
<div class="test-event"> <font color="maroon"> <small> &emsp; &emsp;--- 25 Jan 13:41:38 376 - [[ChromeDriver: chrome on windows (d74dcbe4851c0c74c6cdff59fe3d8594)] -> css selector: p[class*='orangehrm-copyright']] displayed</small> </font> </div>
<div class="test-event"> <font color="maroon"> <small> &emsp; &emsp;--- 25 Jan 13:41:39 012 - [[ChromeDriver: chrome on windows (d74dcbe4851c0c74c6cdff59fe3d8594)] -> css selector: p.oxd-userdropdown-name] displayed</small> </font> </div>
<div class="test-event"> <font color="maroon"> <small> &emsp; &emsp;--- 25 Jan 13:41:39 426 - [[ChromeDriver: chrome on windows (d74dcbe4851c0c74c6cdff59fe3d8594)] -> css selector: span[class*='oxd-main-menu-item--name']] displayed</small> </font> </div>
<div class="test-event"> <font color="maroon"> <small> &emsp; &emsp;--- 25 Jan 13:41:39 667 - Recruitment Element displayed</small> </font> </div>
<div class="test-event"> <font color="maroon"> <small> &emsp; &emsp;--- 25 Jan 13:41:39 771 - Webelement dimension: (91, 19)</small> </font> </div>
<div class="test-event"> <font color="maroon"> <small> &emsp; &emsp;--- 25 Jan 13:41:40 839 - Clicked on Recruitment</small> </font> </div>
<div class="test-message">&emsp;Main menu : Recruitment selected&emsp;<a href=".\ScreenShot\TC401_2.png" target="_blank" >[ScreenShot]</a></div>
<div class="test-event"> <font color="maroon"> <small> &emsp; &emsp;--- 25 Jan 13:41:41 743 - Page URL:: https://opensource-demo.orangehrmlive.com/web/index.php/recruitment/viewcandidates</small> </font> </div>
<div class="test-event"> <font color="maroon"> <small> &emsp; &emsp;--- 25 Jan 13:41:41 743 - <b>0</b> - Page Load Wait: (Sync) - com.OrangeHRM.utils.WaitUtils.waitForPageLoad(WaitUtils.java:50)</small> </font> </div>
<div class="test-event"> <font color="maroon"> <small> &emsp; &emsp;--- 25 Jan 13:41:42 145 - [[ChromeDriver: chrome on windows (d74dcbe4851c0c74c6cdff59fe3d8594)] -> xpath: //h6[text()='Recruitment']] displayed</small> </font> </div>
<div class="test-event"> <font color="maroon"> <small> &emsp; &emsp;--- 25 Jan 13:41:42 197 - Webelement dimension: (109, 31)</small> </font> </div>
<div class="test-event"> <font color="maroon"> <small> &emsp; &emsp;--- 25 Jan 13:41:43 075 - Clicked on Add button</small> </font> </div>
<div class="test-event"> <font color="maroon"> <small> &emsp; &emsp;--- 25 Jan 13:41:44 367 - Entered value Odilia in FirstName</small> </font> </div>
<div class="test-event"> <font color="maroon"> <small> &emsp; &emsp;--- 25 Jan 13:41:45 111 - Entered value Conn in LastName</small> </font> </div>
<div class="test-event"> <font color="maroon"> <small> &emsp; &emsp;--- 25 Jan 13:41:45 205 - Vacancy Element displayed</small> </font> </div>
<div class="test-event"> <font color="maroon"> <small> &emsp; &emsp;--- 25 Jan 13:41:45 280 - Webelement dimension: (541, 45)</small> </font> </div>
<div class="test-event"> <font color="maroon"> <small> &emsp; &emsp;--- 25 Jan 13:41:45 430 - Clicked on Vacancy</small> </font> </div>
<div class="test-event"> <font color="maroon"> <small> &emsp; &emsp;--- 25 Jan 13:41:45 491 - Options elements displayed: 7</small> </font> </div>
<div class="test-event"> <font color="maroon"> <small> &emsp; &emsp;--- 25 Jan 13:41:45 523 - Options elements displayed size: 7</small> </font> </div>
<div class="test-event"> <font color="maroon"> <small> &emsp; &emsp;--- 25 Jan 13:41:45 847 - Vacancy Element displayed</small> </font> </div>
<div class="test-event"> <font color="maroon"> <small> &emsp; &emsp;--- 25 Jan 13:41:45 912 - Webelement dimension: (135, 16)</small> </font> </div>
<div class="test-event"> <font color="maroon"> <small> &emsp; &emsp;--- 25 Jan 13:41:46 059 - Clicked on Senior Support Specialist</small> </font> </div>
<div class="test-message">&emsp;Vacancy: Senior Support Specialist selected&emsp;<a href=".\ScreenShot\TC401_3.png" target="_blank" >[ScreenShot]</a></div>
<div class="test-event"> <font color="maroon"> <small> &emsp; &emsp;--- 25 Jan 13:41:46 942 - Email Element displayed</small> </font> </div>
<div class="test-event"> <font color="maroon"> <small> &emsp; &emsp;--- 25 Jan 13:41:48 091 - Entered value luana.jones@hotmail.com in Email</small> </font> </div>
<div class="test-message">&emsp;Email: luana.jones@hotmail.com selected&emsp;<a href=".\ScreenShot\TC401_4.png" target="_blank" >[ScreenShot]</a></div>
<div class="test-event"> <font color="maroon"> <small> &emsp; &emsp;--- 25 Jan 13:41:48 729 - Date of Application Element displayed</small> </font> </div>
<div class="test-event"> <font color="maroon"> <small> &emsp; &emsp;--- 25 Jan 13:41:49 469 - Entered value 1994-10-24 in Date of Application</small> </font> </div>
<div class="test-message">&emsp;Date of Application: 1994-10-24 selected&emsp;<a href=".\ScreenShot\TC401_5.png" target="_blank" >[ScreenShot]</a></div>
<div class="test-event"> <font color="maroon"> <small> &emsp; &emsp;--- 25 Jan 13:41:50 205 - Contact Number Element displayed</small> </font> </div>
<div class="test-event"> <font color="maroon"> <small> &emsp; &emsp;--- 25 Jan 13:41:51 128 - Entered value 0643898377 in Contact Number</small> </font> </div>
<div class="test-message">&emsp;Contact Number: 0643898377 selected&emsp;<a href=".\ScreenShot\TC401_6.png" target="_blank" >[ScreenShot]</a></div>
<div class="test-event"> <font color="maroon"> <small> &emsp; &emsp;--- 25 Jan 13:41:52 004 - Webelement dimension: (100, 31)</small> </font> </div>
<div class="test-event"> <font color="maroon"> <small> &emsp; &emsp;--- 25 Jan 13:41:52 220 - Clicked on Save candidate</small> </font> </div>
<div class="test-event"> <font color="maroon"> <small> &emsp; &emsp;--- 25 Jan 13:41:53 163 - [[ChromeDriver: chrome on windows (d74dcbe4851c0c74c6cdff59fe3d8594)] -> css selector: div[class*='oxd-toast--success']] displayed</small> </font> </div>
<div class="test-event"> <font color="maroon"> <small> &emsp; &emsp;--- 25 Jan 13:41:57 505 - [[ChromeDriver: chrome on windows (d74dcbe4851c0c74c6cdff59fe3d8594)] -> xpath: //p[text()='Status: Application Initiated']] displayed</small> </font> </div>
<div class="test-event"> <font color="maroon"> <small> &emsp; &emsp;--- 25 Jan 13:41:58 042 - Webelement dimension: (118, 30)</small> </font> </div>
<div class="test-event"> <font color="maroon"> <small> &emsp; &emsp;--- 25 Jan 13:41:58 680 - Clicked on Shortlist Candidate</small> </font> </div>
<div class="test-message">&emsp;Candidate :Shortlist in interview&emsp;<a href=".\ScreenShot\TC401_7.png" target="_blank" >[ScreenShot]</a></div>
<div class="test-event"> <font color="maroon"> <small> &emsp; &emsp;--- 25 Jan 13:41:59 793 - Webelement dimension: (100, 31)</small> </font> </div>
<div class="test-event"> <font color="maroon"> <small> &emsp; &emsp;--- 25 Jan 13:42:00 017 - Clicked on Save candidate</small> </font> </div>
<div class="test-event"> <font color="maroon"> <small> &emsp; &emsp;--- 25 Jan 13:42:01 147 - [[ChromeDriver: chrome on windows (d74dcbe4851c0c74c6cdff59fe3d8594)] -> css selector: div[class*='oxd-toast--success']] displayed</small> </font> </div>
<div class="test-event"> <font color="maroon"> <small> &emsp; &emsp;--- 25 Jan 13:42:04 997 - [[ChromeDriver: chrome on windows (d74dcbe4851c0c74c6cdff59fe3d8594)] -> xpath: //p[text()='Status: Shortlisted']] displayed</small> </font> </div>
<div class="test-event"> <font color="maroon"> <small> &emsp; &emsp;--- 25 Jan 13:42:05 346 - Webelement dimension: (185, 30)</small> </font> </div>
<div class="test-event"> <font color="maroon"> <small> &emsp; &emsp;--- 25 Jan 13:42:06 278 - Clicked on Schedule Interview</small> </font> </div>
<div class="test-message">&emsp;Candidate :Schedule in interview&emsp;<a href=".\ScreenShot\TC401_8.png" target="_blank" >[ScreenShot]</a></div>
<div class="test-event"> <font color="maroon"> <small> &emsp; &emsp;--- 25 Jan 13:42:07 315 - Interview Title Element displayed</small> </font> </div>
<div class="test-event"> <font color="maroon"> <small> &emsp; &emsp;--- 25 Jan 13:42:08 174 - Entered value Internal Quality Director in Interview Title</small> </font> </div>
<div class="test-message">&emsp;Interview Title: Internal Quality Director selected&emsp;<a href=".\ScreenShot\TC401_9.png" target="_blank" >[ScreenShot]</a></div>
<div class="test-event"> <font color="maroon"> <small> &emsp; &emsp;--- 25 Jan 13:42:08 681 - Date Element displayed</small> </font> </div>
<div class="test-event"> <font color="maroon"> <small> &emsp; &emsp;--- 25 Jan 13:42:09 320 - Entered value 1994-10-24 in Date</small> </font> </div>
<div class="test-message">&emsp;Date: 1994-10-24 selected&emsp;<a href=".\ScreenShot\TC401_10.png" target="_blank" >[ScreenShot]</a></div>
<div class="test-event"> <font color="maroon"> <small> &emsp; &emsp;--- 25 Jan 13:42:12 462 - Options Element displayed</small> </font> </div>
<div class="test-event"> <font color="maroon"> <small> &emsp; &emsp;--- 25 Jan 13:42:12 513 - Options elements displayed size: 1</small> </font> </div>
<div class="test-event"> <font color="maroon"> <small> &emsp; &emsp;--- 25 Jan 13:42:12 639 - Webelement dimension: (532, 35)</small> </font> </div>
<div class="test-event"> <font color="maroon"> <small> &emsp; &emsp;--- 25 Jan 13:42:12 695 - Clicked on Option field</small> </font> </div>
<div class="test-message">&emsp;Interviewer Name: Paul Collings selected&emsp;<a href=".\ScreenShot\TC401_11.png" target="_blank" >[ScreenShot]</a></div>
<div class="test-event"> <font color="maroon"> <small> &emsp; &emsp;--- 25 Jan 13:42:13 227 - Webelement dimension: (100, 31)</small> </font> </div>
<div class="test-event"> <font color="maroon"> <small> &emsp; &emsp;--- 25 Jan 13:42:13 322 - Clicked on Save Schedule Interview</small> </font> </div>
<div class="test-event"> <font color="maroon"> <small> &emsp; &emsp;--- 25 Jan 13:42:13 779 - [[ChromeDriver: chrome on windows (d74dcbe4851c0c74c6cdff59fe3d8594)] -> css selector: div[class*='oxd-toast--success']] displayed</small> </font> </div>
<div class="test-event"> <font color="maroon"> <small> &emsp; &emsp;--- 25 Jan 13:42:18 063 - [[ChromeDriver: chrome on windows (d74dcbe4851c0c74c6cdff59fe3d8594)] -> xpath: //p[text()='Status: Interview Scheduled']] displayed</small> </font> </div>
<div class="test-event"> <font color="maroon"> <small> &emsp; &emsp;--- 25 Jan 13:42:18 422 - Webelement dimension: (208, 30)</small> </font> </div>
<div class="test-event"> <font color="maroon"> <small> &emsp; &emsp;--- 25 Jan 13:42:18 986 - Clicked on Mark Interview Passed</small> </font> </div>
<div class="test-event"> <font color="maroon"> <small> &emsp; &emsp;--- 25 Jan 13:42:19 584 - Webelement dimension: (100, 31)</small> </font> </div>
<div class="test-event"> <font color="maroon"> <small> &emsp; &emsp;--- 25 Jan 13:42:19 974 - Clicked on Save Mark Interview Passed</small> </font> </div>
<div class="test-event"> <font color="maroon"> <small> &emsp; &emsp;--- 25 Jan 13:42:20 603 - [[ChromeDriver: chrome on windows (d74dcbe4851c0c74c6cdff59fe3d8594)] -> css selector: div[class*='oxd-toast--success']] displayed</small> </font> </div>
<div class="test-event"> <font color="maroon"> <small> &emsp; &emsp;--- 25 Jan 13:42:24 815 - [[ChromeDriver: chrome on windows (d74dcbe4851c0c74c6cdff59fe3d8594)] -> xpath: //p[text()='Status: Interview Passed']] displayed</small> </font> </div>
<div class="test-event"> <font color="maroon"> <small> &emsp; &emsp;--- 25 Jan 13:42:25 464 - Webelement dimension: (121, 30)</small> </font> </div>
<div class="test-event"> <font color="maroon"> <small> &emsp; &emsp;--- 25 Jan 13:42:26 115 - Clicked on Offer Job</small> </font> </div>
<div class="test-message">&emsp;Candidate got offer&emsp;<a href=".\ScreenShot\TC401_12.png" target="_blank" >[ScreenShot]</a></div>
<div class="test-event"> <font color="maroon"> <small> &emsp; &emsp;--- 25 Jan 13:42:26 601 - Webelement dimension: (100, 31)</small> </font> </div>
<div class="test-event"> <font color="maroon"> <small> &emsp; &emsp;--- 25 Jan 13:42:26 935 - Clicked on Save Offer Job</small> </font> </div>
<div class="test-event"> <font color="maroon"> <small> &emsp; &emsp;--- 25 Jan 13:42:27 550 - [[ChromeDriver: chrome on windows (d74dcbe4851c0c74c6cdff59fe3d8594)] -> css selector: div[class*='oxd-toast--success']] displayed</small> </font> </div>
<div class="test-event"> <font color="maroon"> <small> &emsp; &emsp;--- 25 Jan 13:42:31 654 - [[ChromeDriver: chrome on windows (d74dcbe4851c0c74c6cdff59fe3d8594)] -> xpath: //p[text()='Status: Job Offered']] displayed</small> </font> </div>
<div class="test-event"> <font color="maroon"> <small> &emsp; &emsp;--- 25 Jan 13:42:31 996 - Webelement dimension: (100, 30)</small> </font> </div>
<div class="test-event"> <font color="maroon"> <small> &emsp; &emsp;--- 25 Jan 13:42:32 606 - Clicked on Hire</small> </font> </div>
<div class="test-message">&emsp;Candidate Hired&emsp;<a href=".\ScreenShot\TC401_13.png" target="_blank" >[ScreenShot]</a></div>
<div class="test-event"> <font color="maroon"> <small> &emsp; &emsp;--- 25 Jan 13:42:33 045 - Webelement dimension: (100, 31)</small> </font> </div>
<div class="test-event"> <font color="maroon"> <small> &emsp; &emsp;--- 25 Jan 13:42:33 453 - Clicked on Save Hire Candidate</small> </font> </div>
<div class="test-event"> <font color="maroon"> <small> &emsp; &emsp;--- 25 Jan 13:42:34 072 - [[ChromeDriver: chrome on windows (d74dcbe4851c0c74c6cdff59fe3d8594)] -> css selector: div[class*='oxd-toast--success']] displayed</small> </font> </div>
<div class="test-event"> <font color="maroon"> <small> &emsp; &emsp;--- 25 Jan 13:42:38 240 - [[ChromeDriver: chrome on windows (d74dcbe4851c0c74c6cdff59fe3d8594)] -> xpath: //p[text()='Status: Hired']] displayed</small> </font> </div>
<div class="test-event"> <font color="maroon"> <small> &emsp; &emsp;--- 25 Jan 13:42:38 285 - [[ChromeDriver: chrome on windows (d74dcbe4851c0c74c6cdff59fe3d8594)] -> css selector: span[class*='oxd-main-menu-item--name']] displayed</small> </font> </div>
<div class="test-event"> <font color="maroon"> <small> &emsp; &emsp;--- 25 Jan 13:42:38 317 - Recruitment Element displayed</small> </font> </div>
<div class="test-event"> <font color="maroon"> <small> &emsp; &emsp;--- 25 Jan 13:42:38 340 - Webelement dimension: (91, 19)</small> </font> </div>
<div class="test-event"> <font color="maroon"> <small> &emsp; &emsp;--- 25 Jan 13:42:39 390 - Clicked on Recruitment</small> </font> </div>
<div class="test-message">&emsp;Main menu : Recruitment selected&emsp;<a href=".\ScreenShot\TC401_14.png" target="_blank" >[ScreenShot]</a></div>
<div class="test-event"> <font color="maroon"> <small> &emsp; &emsp;--- 25 Jan 13:42:40 022 - Page URL:: https://opensource-demo.orangehrmlive.com/web/index.php/recruitment/viewcandidates</small> </font> </div>
<div class="test-event"> <font color="maroon"> <small> &emsp; &emsp;--- 25 Jan 13:42:40 023 - <b>0</b> - Page Load Wait: (Sync) - com.OrangeHRM.utils.WaitUtils.waitForPageLoad(WaitUtils.java:50)</small> </font> </div>
<div class="test-event"> <font color="maroon"> <small> &emsp; &emsp;--- 25 Jan 13:42:40 066 - [[ChromeDriver: chrome on windows (d74dcbe4851c0c74c6cdff59fe3d8594)] -> xpath: //h6[text()='Recruitment']] displayed</small> </font> </div>
<div class="test-event"> <font color="maroon"> <small> &emsp; &emsp;--- 25 Jan 13:42:43 482 - Options Element displayed</small> </font> </div>
<div class="test-event"> <font color="maroon"> <small> &emsp; &emsp;--- 25 Jan 13:42:43 507 - Webelement dimension: (391, 35)</small> </font> </div>
<div class="test-event"> <font color="maroon"> <small> &emsp; &emsp;--- 25 Jan 13:42:43 576 - Clicked on Option field</small> </font> </div>
<div class="test-message">&emsp;Employee Name: Odilia Conn selected&emsp;<a href=".\ScreenShot\TC401_15.png" target="_blank" >[ScreenShot]</a></div>
<div class="test-event"> <font color="maroon"> <small> &emsp; &emsp;--- 25 Jan 13:42:44 477 - Webelement dimension: (107, 31)</small> </font> </div>
<div class="test-event"> <font color="maroon"> <small> &emsp; &emsp;--- 25 Jan 13:42:44 542 - Clicked on Search button</small> </font> </div>
<div class="test-event"> <font color="maroon"> <small> &emsp; &emsp;--- 25 Jan 13:42:45 105 - Table rows Element displayed</small> </font> </div>
<div class="test-event"> <font color="maroon"> <small> &emsp; &emsp;--- 25 Jan 13:42:45 127 - Table rows elements displayed size: 1</small> </font> </div>
<div class="test-event"> <font color="maroon"> <small> &emsp; &emsp;--- 25 Jan 13:42:45 211 - Text value displayed for Table field : Senior Support Specialist</small> </font> </div>
<div class="test-event"> <font color="maroon"> <small> &emsp; &emsp;--- 25 Jan 13:42:45 276 - Text value displayed for Table field : Odilia Conn</small> </font> </div>
<div class="test-event"> <font color="maroon"> <small> &emsp; &emsp;--- 25 Jan 13:42:45 332 - Text value displayed for Table field : Dominic Chase</small> </font> </div>
<div class="test-event"> <font color="maroon"> <small> &emsp; &emsp;--- 25 Jan 13:42:45 383 - Text value displayed for Table field : 1994-10-24</small> </font> </div>
<div class="test-event"> <font color="maroon"> <small> &emsp; &emsp;--- 25 Jan 13:42:45 429 - Text value displayed for Table field : Hired</small> </font> </div>
<div class="test-event"> <font color="maroon"> <small> &emsp; &emsp;--- 25 Jan 13:42:45 447 - WebDriver session: ChromeDriver: chrome on windows (d74dcbe4851c0c74c6cdff59fe3d8594)</small> </font> </div>
<div class="test-message">&emsp;Candidate Details is verified successfully&emsp;<a href=".\ScreenShot\TC401_16.png" target="_blank" >[ScreenShot]</a></div>
<div class="test-result"><br><font color="green"><strong> Test Passed. </strong></font> </div>&emsp;
<div class="test-event"> <font color="maroon"> <small> &emsp; &emsp;--- 25 Jan 13:42:45 883 - WebDriver session: ChromeDriver: chrome on windows (d74dcbe4851c0c74c6cdff59fe3d8594)</small> </font> </div>
<div class="test-event"> <font color="maroon"> <small> &emsp; &emsp;--- 25 Jan 13:42:46 249 - TestCaseID:: TC301</small> </font> </div>
<div class="test-event"> <font color="maroon"> <small> &emsp; &emsp;--- 25 Jan 13:42:47 260 - <b>1</b> - Driver::initialize::Get - com.OrangeHRM.utils.WebDriverFactory.getDriver(WebDriverFactory.java:767)</small> </font> </div>
<div class="test-event"> <font color="maroon"> <small> &emsp; &emsp;--- 25 Jan 13:42:47 261 - WebDriver session: ChromeDriver: chrome on windows (05f34c5217e84c64e8e2c0d1ee0c8c7a)</small> </font> </div>
&emsp;<div class="test-title"> <strong><font size = "3" color = "#000080">create timesheet and submit</font> </strong> </div>&emsp;<div><strong>Steps:</strong></div><!-- Report -->&emsp;
<div class="test-event"> <font color="maroon"> <small> &emsp; &emsp;--- 25 Jan 13:42:47 263 - Fetching test data from excel sheet</small> </font> </div>
<div class="test-event"> <font color="maroon"> <small> &emsp; &emsp;--- 25 Jan 13:43:01 463 - Entered value Admin in Username field</small> </font> </div>
<div class="test-event"> <font color="maroon"> <small> &emsp; &emsp;--- 25 Jan 13:43:01 765 - Entered value admin123 in Password field</small> </font> </div>
<div class="test-event"> <font color="maroon"> <small> &emsp; &emsp;--- 25 Jan 13:43:01 786 - Webelement dimension: (485, 46)</small> </font> </div>
<div class="test-event"> <font color="maroon"> <small> &emsp; &emsp;--- 25 Jan 13:43:01 833 - Clicked on Login button</small> </font> </div>
<div class="test-message">&emsp;Login to Application&emsp;<a href=".\ScreenShot\TC301_17.png" target="_blank" >[ScreenShot]</a></div>
<div class="test-event"> <font color="maroon"> <small> &emsp; &emsp;--- 25 Jan 13:43:03 809 - Page URL:: https://opensource-demo.orangehrmlive.com/web/index.php/dashboard/index</small> </font> </div>
<div class="test-event"> <font color="maroon"> <small> &emsp; &emsp;--- 25 Jan 13:43:03 809 - <b>0</b> - Page Load Wait: (Sync) - com.OrangeHRM.utils.WaitUtils.waitForPageLoad(WaitUtils.java:50)</small> </font> </div>
<div class="test-event"> <font color="maroon"> <small> &emsp; &emsp;--- 25 Jan 13:43:03 856 - [[ChromeDriver: chrome on windows (05f34c5217e84c64e8e2c0d1ee0c8c7a)] -> css selector: p[class*='orangehrm-copyright']] displayed</small> </font> </div>
<div class="test-event"> <font color="maroon"> <small> &emsp; &emsp;--- 25 Jan 13:43:03 898 - [[ChromeDriver: chrome on windows (05f34c5217e84c64e8e2c0d1ee0c8c7a)] -> css selector: span[class*='oxd-main-menu-item--name']] displayed</small> </font> </div>
<div class="test-event"> <font color="maroon"> <small> &emsp; &emsp;--- 25 Jan 13:43:03 938 - PIM Element displayed</small> </font> </div>
<div class="test-event"> <font color="maroon"> <small> &emsp; &emsp;--- 25 Jan 13:43:03 966 - Webelement dimension: (39, 19)</small> </font> </div>
<div class="test-event"> <font color="maroon"> <small> &emsp; &emsp;--- 25 Jan 13:43:05 370 - Clicked on PIM</small> </font> </div>
<div class="test-message">&emsp;Main menu : PIM selected&emsp;<a href=".\ScreenShot\TC301_18.png" target="_blank" >[ScreenShot]</a></div>
<div class="test-event"> <font color="maroon"> <small> &emsp; &emsp;--- 25 Jan 13:43:05 918 - Page URL:: https://opensource-demo.orangehrmlive.com/web/index.php/pim/viewemployeelist</small> </font> </div>
<div class="test-event"> <font color="maroon"> <small> &emsp; &emsp;--- 25 Jan 13:43:05 919 - <b>0</b> - Page Load Wait: (Sync) - com.OrangeHRM.utils.WaitUtils.waitForPageLoad(WaitUtils.java:50)</small> </font> </div>
<div class="test-event"> <font color="maroon"> <small> &emsp; &emsp;--- 25 Jan 13:43:05 953 - [[ChromeDriver: chrome on windows (05f34c5217e84c64e8e2c0d1ee0c8c7a)] -> css selector: h6[class*='oxd-topbar-header']] displayed</small> </font> </div>
<div class="test-event"> <font color="maroon"> <small> &emsp; &emsp;--- 25 Jan 13:43:05 981 - Webelement dimension: (109, 30)</small> </font> </div>
<div class="test-event"> <font color="maroon"> <small> &emsp; &emsp;--- 25 Jan 13:43:06 806 - Clicked on Add button</small> </font> </div>
<div class="test-event"> <font color="maroon"> <small> &emsp; &emsp;--- 25 Jan 13:43:07 701 - Entered value Isaura in FirstName</small> </font> </div>
<div class="test-event"> <font color="maroon"> <small> &emsp; &emsp;--- 25 Jan 13:43:08 040 - Entered value Streich in LastName</small> </font> </div>
<div class="test-event"> <font color="maroon"> <small> &emsp; &emsp;--- 25 Jan 13:43:08 383 - Entered value 95 in Employeee Id</small> </font> </div>
<div class="test-event"> <font color="maroon"> <small> &emsp; &emsp;--- 25 Jan 13:43:08 405 - Webelement dimension: (33, 17)</small> </font> </div>
<div class="test-event"> <font color="maroon"> <small> &emsp; &emsp;--- 25 Jan 13:43:08 462 - Clicked on Create login details</small> </font> </div>
<div class="test-event"> <font color="maroon"> <small> &emsp; &emsp;--- 25 Jan 13:43:08 515 - Username Element displayed</small> </font> </div>
<div class="test-event"> <font color="maroon"> <small> &emsp; &emsp;--- 25 Jan 13:43:08 978 - Entered value markus.cormier in Username</small> </font> </div>
<div class="test-message">&emsp;Username: markus.cormier selected&emsp;<a href=".\ScreenShot\TC301_19.png" target="_blank" >[ScreenShot]</a></div>
<div class="test-event"> <font color="maroon"> <small> &emsp; &emsp;--- 25 Jan 13:43:09 561 - Password Element displayed</small> </font> </div>
<div class="test-event"> <font color="maroon"> <small> &emsp; &emsp;--- 25 Jan 13:43:09 972 - Entered value 4r8536e in Password</small> </font> </div>
<div class="test-message">&emsp;Password: 4r8536e selected&emsp;<a href=".\ScreenShot\TC301_20.png" target="_blank" >[ScreenShot]</a></div>
<div class="test-event"> <font color="maroon"> <small> &emsp; &emsp;--- 25 Jan 13:43:10 485 - Confirm Password Element displayed</small> </font> </div>
<div class="test-event"> <font color="maroon"> <small> &emsp; &emsp;--- 25 Jan 13:43:10 890 - Entered value 4r8536e in Confirm Password</small> </font> </div>
<div class="test-message">&emsp;Confirm Password: 4r8536e selected&emsp;<a href=".\ScreenShot\TC301_21.png" target="_blank" >[ScreenShot]</a></div>
<div class="test-event"> <font color="maroon"> <small> &emsp; &emsp;--- 25 Jan 13:43:11 359 - Webelement dimension: (100, 31)</small> </font> </div>
<div class="test-event"> <font color="maroon"> <small> &emsp; &emsp;--- 25 Jan 13:43:11 413 - Clicked on Save button</small> </font> </div>
<div class="test-event"> <font color="maroon"> <small> &emsp; &emsp;--- 25 Jan 13:43:13 940 - [[ChromeDriver: chrome on windows (05f34c5217e84c64e8e2c0d1ee0c8c7a)] -> css selector: div[class*='oxd-toast--success']] displayed</small> </font> </div>
<div class="test-event"> <font color="maroon"> <small> &emsp; &emsp;--- 25 Jan 13:43:14 000 - Webelement dimension: (162, 54)</small> </font> </div>
<div class="test-event"> <font color="maroon"> <small> &emsp; &emsp;--- 25 Jan 13:43:14 089 - Clicked on User profile</small> </font> </div>
<div class="test-event"> <font color="maroon"> <small> &emsp; &emsp;--- 25 Jan 13:43:14 132 - Webelement dimension: (160, 26)</small> </font> </div>
<div class="test-event"> <font color="maroon"> <small> &emsp; &emsp;--- 25 Jan 13:43:15 091 - Clicked on Logout button</small> </font> </div>
<div class="test-message">&emsp;Logout to application&emsp;<a href=".\ScreenShot\TC301_22.png" target="_blank" >[ScreenShot]</a></div>
<div class="test-event"> <font color="maroon"> <small> &emsp; &emsp;--- 25 Jan 13:43:15 536 - Page URL:: https://opensource-demo.orangehrmlive.com/web/index.php/auth/login</small> </font> </div>
<div class="test-event"> <font color="maroon"> <small> &emsp; &emsp;--- 25 Jan 13:43:15 536 - <b>0</b> - Page Load Wait: (Sync) - com.OrangeHRM.utils.WaitUtils.waitForPageLoad(WaitUtils.java:50)</small> </font> </div>
<div class="test-event"> <font color="maroon"> <small> &emsp; &emsp;--- 25 Jan 13:43:15 563 - [[ChromeDriver: chrome on windows (05f34c5217e84c64e8e2c0d1ee0c8c7a)] -> css selector: button[class*='orangehrm-login-button']] displayed</small> </font> </div>
<div class="test-event"> <font color="maroon"> <small> &emsp; &emsp;--- 25 Jan 13:43:15 822 - Entered value markus.cormier in Username field</small> </font> </div>
<div class="test-event"> <font color="maroon"> <small> &emsp; &emsp;--- 25 Jan 13:43:16 114 - Entered value 4r8536e in Password field</small> </font> </div>
<div class="test-event"> <font color="maroon"> <small> &emsp; &emsp;--- 25 Jan 13:43:16 134 - Webelement dimension: (485, 46)</small> </font> </div>
<div class="test-event"> <font color="maroon"> <small> &emsp; &emsp;--- 25 Jan 13:43:16 180 - Clicked on Login button</small> </font> </div>
<div class="test-message">&emsp;Login to Application&emsp;<a href=".\ScreenShot\TC301_23.png" target="_blank" >[ScreenShot]</a></div>
<div class="test-event"> <font color="maroon"> <small> &emsp; &emsp;--- 25 Jan 13:43:17 885 - Page URL:: https://opensource-demo.orangehrmlive.com/web/index.php/dashboard/index</small> </font> </div>
<div class="test-event"> <font color="maroon"> <small> &emsp; &emsp;--- 25 Jan 13:43:17 886 - <b>0</b> - Page Load Wait: (Sync) - com.OrangeHRM.utils.WaitUtils.waitForPageLoad(WaitUtils.java:50)</small> </font> </div>
<div class="test-event"> <font color="maroon"> <small> &emsp; &emsp;--- 25 Jan 13:43:17 917 - [[ChromeDriver: chrome on windows (05f34c5217e84c64e8e2c0d1ee0c8c7a)] -> css selector: p[class*='orangehrm-copyright']] displayed</small> </font> </div>
<div class="test-event"> <font color="maroon"> <small> &emsp; &emsp;--- 25 Jan 13:43:17 946 - [[ChromeDriver: chrome on windows (05f34c5217e84c64e8e2c0d1ee0c8c7a)] -> css selector: span[class*='oxd-main-menu-item--name']] displayed</small> </font> </div>
<div class="test-event"> <font color="maroon"> <small> &emsp; &emsp;--- 25 Jan 13:43:17 978 - Time Element displayed</small> </font> </div>
<div class="test-event"> <font color="maroon"> <small> &emsp; &emsp;--- 25 Jan 13:43:17 997 - Webelement dimension: (45, 19)</small> </font> </div>
<div class="test-event"> <font color="maroon"> <small> &emsp; &emsp;--- 25 Jan 13:43:19 570 - Clicked on Time</small> </font> </div>
<div class="test-message">&emsp;Main menu : Time selected&emsp;<a href=".\ScreenShot\TC301_24.png" target="_blank" >[ScreenShot]</a></div>
<div class="test-event"> <font color="maroon"> <small> &emsp; &emsp;--- 25 Jan 13:43:20 064 - Page URL:: https://opensource-demo.orangehrmlive.com/web/index.php/time/viewmytimesheet</small> </font> </div>
<div class="test-event"> <font color="maroon"> <small> &emsp; &emsp;--- 25 Jan 13:43:20 064 - <b>0</b> - Page Load Wait: (Sync) - com.OrangeHRM.utils.WaitUtils.waitForPageLoad(WaitUtils.java:50)</small> </font> </div>
<div class="test-event"> <font color="maroon"> <small> &emsp; &emsp;--- 25 Jan 13:43:20 105 - [[ChromeDriver: chrome on windows (05f34c5217e84c64e8e2c0d1ee0c8c7a)] -> xpath: //h6[text()='My Timesheet']] displayed</small> </font> </div>
<div class="test-event"> <font color="maroon"> <small> &emsp; &emsp;--- 25 Jan 13:43:21 280 - Webelement dimension: (109, 31)</small> </font> </div>
<div class="test-event"> <font color="maroon"> <small> &emsp; &emsp;--- 25 Jan 13:43:21 362 - Clicked on Submit button</small> </font> </div>
<div class="test-event"> <font color="maroon"> <small> &emsp; &emsp;--- 25 Jan 13:43:21 957 - [[ChromeDriver: chrome on windows (05f34c5217e84c64e8e2c0d1ee0c8c7a)] -> css selector: div[class*='oxd-toast--success']] displayed</small> </font> </div>
<div class="test-event"> <font color="maroon"> <small> &emsp; &emsp;--- 25 Jan 13:43:22 803 - WebElement: [[ChromeDriver: chrome on windows (05f34c5217e84c64e8e2c0d1ee0c8c7a)] -> xpath: //p[text()='Status: Submitted']]</small> </font> </div>
<div class="test-event"> <font color="maroon"> <small> &emsp; &emsp;--- 25 Jan 13:43:22 837 - Submitted Label displayed</small> </font> </div>
<div class="test-event"> <font color="maroon"> <small> &emsp; &emsp;--- 25 Jan 13:43:23 393 - Table rows Element displayed</small> </font> </div>
<div class="test-event"> <font color="maroon"> <small> &emsp; &emsp;--- 25 Jan 13:43:23 418 - Table rows elements displayed size: 1</small> </font> </div>
<div class="test-event"> <font color="maroon"> <small> &emsp; &emsp;--- 25 Jan 13:43:23 490 - Text value displayed for Table field : Submitted</small> </font> </div>
<div class="test-event"> <font color="maroon"> <small> &emsp; &emsp;--- 25 Jan 13:43:23 539 - Text value displayed for Table field : Isaura Streich</small> </font> </div>
<div class="test-event"> <font color="maroon"> <small> &emsp; &emsp;--- 25 Jan 13:43:23 590 - Text value displayed for Table field : 2024-01-25</small> </font> </div>
<div class="test-event"> <font color="maroon"> <small> &emsp; &emsp;--- 25 Jan 13:43:23 603 - WebDriver session: ChromeDriver: chrome on windows (05f34c5217e84c64e8e2c0d1ee0c8c7a)</small> </font> </div>
<div class="test-message">&emsp;Leave Details is verified successfully&emsp;<a href=".\ScreenShot\TC301_25.png" target="_blank" >[ScreenShot]</a></div>
<div class="test-result"><br><font color="green"><strong> Test Passed. </strong></font> </div>&emsp;
<div class="test-event"> <font color="maroon"> <small> &emsp; &emsp;--- 25 Jan 13:43:24 090 - WebDriver session: ChromeDriver: chrome on windows (05f34c5217e84c64e8e2c0d1ee0c8c7a)</small> </font> </div>
<div class="test-event"> <font color="maroon"> <small> &emsp; &emsp;--- 25 Jan 13:43:25 341 - TestCaseID:: TC101</small> </font> </div>
<div class="test-event"> <font color="maroon"> <small> &emsp; &emsp;--- 25 Jan 13:43:26 282 - <b>0</b> - Driver::initialize::Get - com.OrangeHRM.utils.WebDriverFactory.getDriver(WebDriverFactory.java:767)</small> </font> </div>
<div class="test-event"> <font color="maroon"> <small> &emsp; &emsp;--- 25 Jan 13:43:26 283 - WebDriver session: ChromeDriver: chrome on windows (fb5ddb742724dc22c4bdacbe00b1cd59)</small> </font> </div>
&emsp;<div class="test-title"> <strong><font size = "3" color = "#000080">Create a System User(Admin)</font> </strong> </div>&emsp;<div><strong>Steps:</strong></div><!-- Report -->&emsp;
<div class="test-event"> <font color="maroon"> <small> &emsp; &emsp;--- 25 Jan 13:43:26 285 - Fetching test data from excel sheet</small> </font> </div>
<div class="test-event"> <font color="maroon"> <small> &emsp; &emsp;--- 25 Jan 13:43:37 427 - Entered value Admin in Username field</small> </font> </div>
<div class="test-event"> <font color="maroon"> <small> &emsp; &emsp;--- 25 Jan 13:43:37 723 - Entered value admin123 in Password field</small> </font> </div>
<div class="test-event"> <font color="maroon"> <small> &emsp; &emsp;--- 25 Jan 13:43:37 746 - Webelement dimension: (485, 46)</small> </font> </div>
<div class="test-event"> <font color="maroon"> <small> &emsp; &emsp;--- 25 Jan 13:43:39 122 - Clicked on Login button</small> </font> </div>
<div class="test-message">&emsp;Login to Application&emsp;<a href=".\ScreenShot\TC101_26.png" target="_blank" >[ScreenShot]</a></div>
<div class="test-event"> <font color="maroon"> <small> &emsp; &emsp;--- 25 Jan 13:43:39 835 - Page URL:: https://opensource-demo.orangehrmlive.com/web/index.php/dashboard/index</small> </font> </div>
<div class="test-event"> <font color="maroon"> <small> &emsp; &emsp;--- 25 Jan 13:43:39 837 - <b>0</b> - Page Load Wait: (Sync) - com.OrangeHRM.utils.WaitUtils.waitForPageLoad(WaitUtils.java:50)</small> </font> </div>
<div class="test-event"> <font color="maroon"> <small> &emsp; &emsp;--- 25 Jan 13:43:40 119 - [[ChromeDriver: chrome on windows (fb5ddb742724dc22c4bdacbe00b1cd59)] -> css selector: p[class*='orangehrm-copyright']] displayed</small> </font> </div>
<div class="test-event"> <font color="maroon"> <small> &emsp; &emsp;--- 25 Jan 13:43:40 166 - [[ChromeDriver: chrome on windows (fb5ddb742724dc22c4bdacbe00b1cd59)] -> css selector: span[class*='oxd-main-menu-item--name']] displayed</small> </font> </div>
<div class="test-event"> <font color="maroon"> <small> &emsp; &emsp;--- 25 Jan 13:43:40 203 - PIM Element displayed</small> </font> </div>
<div class="test-event"> <font color="maroon"> <small> &emsp; &emsp;--- 25 Jan 13:43:40 229 - Webelement dimension: (39, 19)</small> </font> </div>
<div class="test-event"> <font color="maroon"> <small> &emsp; &emsp;--- 25 Jan 13:43:41 700 - Clicked on PIM</small> </font> </div>
<div class="test-message">&emsp;Main menu : PIM selected&emsp;<a href=".\ScreenShot\TC101_27.png" target="_blank" >[ScreenShot]</a></div>
<div class="test-event"> <font color="maroon"> <small> &emsp; &emsp;--- 25 Jan 13:43:42 201 - Page URL:: https://opensource-demo.orangehrmlive.com/web/index.php/pim/viewemployeelist</small> </font> </div>
<div class="test-event"> <font color="maroon"> <small> &emsp; &emsp;--- 25 Jan 13:43:42 202 - <b>0</b> - Page Load Wait: (Sync) - com.OrangeHRM.utils.WaitUtils.waitForPageLoad(WaitUtils.java:50)</small> </font> </div>
<div class="test-event"> <font color="maroon"> <small> &emsp; &emsp;--- 25 Jan 13:43:42 246 - [[ChromeDriver: chrome on windows (fb5ddb742724dc22c4bdacbe00b1cd59)] -> css selector: h6[class*='oxd-topbar-header']] displayed</small> </font> </div>
<div class="test-event"> <font color="maroon"> <small> &emsp; &emsp;--- 25 Jan 13:43:42 269 - Webelement dimension: (109, 30)</small> </font> </div>
<div class="test-event"> <font color="maroon"> <small> &emsp; &emsp;--- 25 Jan 13:43:43 031 - Clicked on Add button</small> </font> </div>
<div class="test-event"> <font color="maroon"> <small> &emsp; &emsp;--- 25 Jan 13:43:43 915 - Entered value Corrina in FirstName</small> </font> </div>
<div class="test-event"> <font color="maroon"> <small> &emsp; &emsp;--- 25 Jan 13:43:44 280 - Entered value Flatley in LastName</small> </font> </div>
<div class="test-event"> <font color="maroon"> <small> &emsp; &emsp;--- 25 Jan 13:43:44 649 - Entered value 39 in Employeee Id</small> </font> </div>
<div class="test-event"> <font color="maroon"> <small> &emsp; &emsp;--- 25 Jan 13:43:44 677 - Webelement dimension: (100, 31)</small> </font> </div>
<div class="test-event"> <font color="maroon"> <small> &emsp; &emsp;--- 25 Jan 13:43:44 730 - Clicked on Save button</small> </font> </div>
<div class="test-event"> <font color="maroon"> <small> &emsp; &emsp;--- 25 Jan 13:43:45 637 - [[ChromeDriver: chrome on windows (fb5ddb742724dc22c4bdacbe00b1cd59)] -> css selector: div[class*='oxd-toast--success']] displayed</small> </font> </div>
<div class="test-event"> <font color="maroon"> <small> &emsp; &emsp;--- 25 Jan 13:43:45 685 - [[ChromeDriver: chrome on windows (fb5ddb742724dc22c4bdacbe00b1cd59)] -> css selector: span[class*='oxd-main-menu-item--name']] displayed</small> </font> </div>
<div class="test-event"> <font color="maroon"> <small> &emsp; &emsp;--- 25 Jan 13:43:45 726 - Admin Element displayed</small> </font> </div>
<div class="test-event"> <font color="maroon"> <small> &emsp; &emsp;--- 25 Jan 13:43:45 752 - Webelement dimension: (56, 19)</small> </font> </div>
<div class="test-event"> <font color="maroon"> <small> &emsp; &emsp;--- 25 Jan 13:43:47 165 - Clicked on Admin</small> </font> </div>
<div class="test-message">&emsp;Main menu : Admin selected&emsp;<a href=".\ScreenShot\TC101_28.png" target="_blank" >[ScreenShot]</a></div>
<div class="test-event"> <font color="maroon"> <small> &emsp; &emsp;--- 25 Jan 13:43:47 718 - Page URL:: https://opensource-demo.orangehrmlive.com/web/index.php/admin/viewsystemusers</small> </font> </div>
<div class="test-event"> <font color="maroon"> <small> &emsp; &emsp;--- 25 Jan 13:43:47 718 - <b>0</b> - Page Load Wait: (Sync) - com.OrangeHRM.utils.WaitUtils.waitForPageLoad(WaitUtils.java:50)</small> </font> </div>
<div class="test-event"> <font color="maroon"> <small> &emsp; &emsp;--- 25 Jan 13:43:47 757 - [[ChromeDriver: chrome on windows (fb5ddb742724dc22c4bdacbe00b1cd59)] -> css selector: h5[class*='oxd-table-filter-title']] displayed</small> </font> </div>
<div class="test-event"> <font color="maroon"> <small> &emsp; &emsp;--- 25 Jan 13:43:47 777 - Webelement dimension: (109, 30)</small> </font> </div>
<div class="test-event"> <font color="maroon"> <small> &emsp; &emsp;--- 25 Jan 13:43:48 367 - Clicked on Add button</small> </font> </div>
<div class="test-event"> <font color="maroon"> <small> &emsp; &emsp;--- 25 Jan 13:43:48 922 - User Role Element displayed</small> </font> </div>
<div class="test-event"> <font color="maroon"> <small> &emsp; &emsp;--- 25 Jan 13:43:48 948 - Webelement dimension: (824, 45)</small> </font> </div>
<div class="test-event"> <font color="maroon"> <small> &emsp; &emsp;--- 25 Jan 13:43:48 996 - Clicked on User Role</small> </font> </div>
<div class="test-event"> <font color="maroon"> <small> &emsp; &emsp;--- 25 Jan 13:43:49 026 - Options elements displayed: 2</small> </font> </div>
<div class="test-event"> <font color="maroon"> <small> &emsp; &emsp;--- 25 Jan 13:43:49 044 - Options elements displayed size: 2</small> </font> </div>
<div class="test-event"> <font color="maroon"> <small> &emsp; &emsp;--- 25 Jan 13:43:49 082 - Webelement dimension: (22, 16)</small> </font> </div>
<div class="test-event"> <font color="maroon"> <small> &emsp; &emsp;--- 25 Jan 13:43:49 133 - Clicked on ESS</small> </font> </div>
<div class="test-message">&emsp;User Role: ESS selected&emsp;<a href=".\ScreenShot\TC101_29.png" target="_blank" >[ScreenShot]</a></div>
<div class="test-message">&emsp;User Role: ESS selected&emsp;<a href=".\ScreenShot\TC101_30.png" target="_blank" >[ScreenShot]</a></div>
<div class="test-event"> <font color="maroon"> <small> &emsp; &emsp;--- 25 Jan 13:43:54 905 - Options Element displayed</small> </font> </div>
<div class="test-event"> <font color="maroon"> <small> &emsp; &emsp;--- 25 Jan 13:43:54 922 - Webelement dimension: (815, 35)</small> </font> </div>
<div class="test-event"> <font color="maroon"> <small> &emsp; &emsp;--- 25 Jan 13:43:54 965 - Clicked on Option field</small> </font> </div>
<div class="test-message">&emsp;Employee Name: Corrina Flatley selected&emsp;<a href=".\ScreenShot\TC101_31.png" target="_blank" >[ScreenShot]</a></div>
<div class="test-event"> <font color="maroon"> <small> &emsp; &emsp;--- 25 Jan 13:43:55 444 - Status Element displayed</small> </font> </div>
<div class="test-event"> <font color="maroon"> <small> &emsp; &emsp;--- 25 Jan 13:43:55 464 - Webelement dimension: (824, 45)</small> </font> </div>
<div class="test-event"> <font color="maroon"> <small> &emsp; &emsp;--- 25 Jan 13:43:55 507 - Clicked on Status</small> </font> </div>
<div class="test-event"> <font color="maroon"> <small> &emsp; &emsp;--- 25 Jan 13:43:55 527 - Options elements displayed: 2</small> </font> </div>
<div class="test-event"> <font color="maroon"> <small> &emsp; &emsp;--- 25 Jan 13:43:55 547 - Options elements displayed size: 2</small> </font> </div>
<div class="test-event"> <font color="maroon"> <small> &emsp; &emsp;--- 25 Jan 13:43:55 582 - Webelement dimension: (47, 16)</small> </font> </div>
<div class="test-event"> <font color="maroon"> <small> &emsp; &emsp;--- 25 Jan 13:43:55 645 - Clicked on Disabled</small> </font> </div>
<div class="test-message">&emsp;Status: Disabled selected&emsp;<a href=".\ScreenShot\TC101_32.png" target="_blank" >[ScreenShot]</a></div>
<div class="test-message">&emsp;Status: Disabled selected&emsp;<a href=".\ScreenShot\TC101_33.png" target="_blank" >[ScreenShot]</a></div>
<div class="test-event"> <font color="maroon"> <small> &emsp; &emsp;--- 25 Jan 13:43:56 570 - Username Element displayed</small> </font> </div>
<div class="test-event"> <font color="maroon"> <small> &emsp; &emsp;--- 25 Jan 13:43:56 944 - Entered value lindsey.mitchell in Username</small> </font> </div>
<div class="test-message">&emsp;Username: lindsey.mitchell selected&emsp;<a href=".\ScreenShot\TC101_34.png" target="_blank" >[ScreenShot]</a></div>
<div class="test-event"> <font color="maroon"> <small> &emsp; &emsp;--- 25 Jan 13:43:57 411 - Password Element displayed</small> </font> </div>
<div class="test-event"> <font color="maroon"> <small> &emsp; &emsp;--- 25 Jan 13:43:57 800 - Entered value ah45r1m39 in Password</small> </font> </div>
<div class="test-message">&emsp;Password: ah45r1m39 selected&emsp;<a href=".\ScreenShot\TC101_35.png" target="_blank" >[ScreenShot]</a></div>
<div class="test-event"> <font color="maroon"> <small> &emsp; &emsp;--- 25 Jan 13:43:58 254 - Confirm Password Element displayed</small> </font> </div>
<div class="test-event"> <font color="maroon"> <small> &emsp; &emsp;--- 25 Jan 13:43:58 675 - Entered value ah45r1m39 in Confirm Password</small> </font> </div>
<div class="test-message">&emsp;Confirm Password: ah45r1m39 selected&emsp;<a href=".\ScreenShot\TC101_36.png" target="_blank" >[ScreenShot]</a></div>
<div class="test-event"> <font color="maroon"> <small> &emsp; &emsp;--- 25 Jan 13:43:59 125 - Webelement dimension: (100, 31)</small> </font> </div>
<div class="test-event"> <font color="maroon"> <small> &emsp; &emsp;--- 25 Jan 13:43:59 166 - Clicked on Save button</small> </font> </div>
<div class="test-event"> <font color="maroon"> <small> &emsp; &emsp;--- 25 Jan 13:44:00 934 - [[ChromeDriver: chrome on windows (fb5ddb742724dc22c4bdacbe00b1cd59)] -> css selector: div[class*='oxd-toast--success']] displayed</small> </font> </div>
<div class="test-result"><br><font color="green"><strong> Test Passed. </strong></font> </div>&emsp;
<div class="test-event"> <font color="maroon"> <small> &emsp; &emsp;--- 25 Jan 13:44:00 934 - WebDriver session: ChromeDriver: chrome on windows (fb5ddb742724dc22c4bdacbe00b1cd59)</small> </font> </div>
<div class="test-event"> <font color="maroon"> <small> &emsp; &emsp;--- 25 Jan 13:44:01 381 - TestCaseID:: TC102</small> </font> </div>
<div class="test-event"> <font color="maroon"> <small> &emsp; &emsp;--- 25 Jan 13:44:03 246 - <b>1</b> - Driver::initialize::Get - com.OrangeHRM.utils.WebDriverFactory.getDriver(WebDriverFactory.java:767)</small> </font> </div>
<div class="test-event"> <font color="maroon"> <small> &emsp; &emsp;--- 25 Jan 13:44:03 247 - WebDriver session: ChromeDriver: chrome on windows (7b9851cc44727b6c7a420b9c06d93133)</small> </font> </div>
&emsp;<div class="test-title"> <strong><font size = "3" color = "#000080">Verify and Delete user(Admin)</font> </strong> </div>&emsp;<div><strong>Steps:</strong></div><!-- Report -->&emsp;
<div class="test-event"> <font color="maroon"> <small> &emsp; &emsp;--- 25 Jan 13:44:03 247 - Fetching test data from excel sheet</small> </font> </div>
<div class="test-event"> <font color="maroon"> <small> &emsp; &emsp;--- 25 Jan 13:44:09 371 - Entered value Admin in Username field</small> </font> </div>
<div class="test-event"> <font color="maroon"> <small> &emsp; &emsp;--- 25 Jan 13:44:09 712 - Entered value admin123 in Password field</small> </font> </div>
<div class="test-event"> <font color="maroon"> <small> &emsp; &emsp;--- 25 Jan 13:44:09 733 - Webelement dimension: (485, 46)</small> </font> </div>
<div class="test-event"> <font color="maroon"> <small> &emsp; &emsp;--- 25 Jan 13:44:11 150 - Clicked on Login button</small> </font> </div>
<div class="test-message">&emsp;Login to Application&emsp;<a href=".\ScreenShot\TC102_37.png" target="_blank" >[ScreenShot]</a></div>
<div class="test-event"> <font color="maroon"> <small> &emsp; &emsp;--- 25 Jan 13:44:11 703 - Page URL:: https://opensource-demo.orangehrmlive.com/web/index.php/dashboard/index</small> </font> </div>
<div class="test-event"> <font color="maroon"> <small> &emsp; &emsp;--- 25 Jan 13:44:11 704 - <b>0</b> - Page Load Wait: (Sync) - com.OrangeHRM.utils.WaitUtils.waitForPageLoad(WaitUtils.java:50)</small> </font> </div>
<div class="test-event"> <font color="maroon"> <small> &emsp; &emsp;--- 25 Jan 13:44:11 742 - [[ChromeDriver: chrome on windows (7b9851cc44727b6c7a420b9c06d93133)] -> css selector: p[class*='orangehrm-copyright']] displayed</small> </font> </div>
<div class="test-event"> <font color="maroon"> <small> &emsp; &emsp;--- 25 Jan 13:44:11 779 - [[ChromeDriver: chrome on windows (7b9851cc44727b6c7a420b9c06d93133)] -> css selector: span[class*='oxd-main-menu-item--name']] displayed</small> </font> </div>
<div class="test-event"> <font color="maroon"> <small> &emsp; &emsp;--- 25 Jan 13:44:11 821 - PIM Element displayed</small> </font> </div>
<div class="test-event"> <font color="maroon"> <small> &emsp; &emsp;--- 25 Jan 13:44:11 847 - Webelement dimension: (39, 19)</small> </font> </div>
<div class="test-event"> <font color="maroon"> <small> &emsp; &emsp;--- 25 Jan 13:44:13 309 - Clicked on PIM</small> </font> </div>
<div class="test-message">&emsp;Main menu : PIM selected&emsp;<a href=".\ScreenShot\TC102_38.png" target="_blank" >[ScreenShot]</a></div>
<div class="test-event"> <font color="maroon"> <small> &emsp; &emsp;--- 25 Jan 13:44:13 840 - Page URL:: https://opensource-demo.orangehrmlive.com/web/index.php/pim/viewemployeelist</small> </font> </div>
<div class="test-event"> <font color="maroon"> <small> &emsp; &emsp;--- 25 Jan 13:44:13 841 - <b>0</b> - Page Load Wait: (Sync) - com.OrangeHRM.utils.WaitUtils.waitForPageLoad(WaitUtils.java:50)</small> </font> </div>
<div class="test-event"> <font color="maroon"> <small> &emsp; &emsp;--- 25 Jan 13:44:13 880 - [[ChromeDriver: chrome on windows (7b9851cc44727b6c7a420b9c06d93133)] -> css selector: h6[class*='oxd-topbar-header']] displayed</small> </font> </div>
<div class="test-event"> <font color="maroon"> <small> &emsp; &emsp;--- 25 Jan 13:44:13 907 - Webelement dimension: (109, 31)</small> </font> </div>
<div class="test-event"> <font color="maroon"> <small> &emsp; &emsp;--- 25 Jan 13:44:14 789 - Clicked on Add button</small> </font> </div>
<div class="test-event"> <font color="maroon"> <small> &emsp; &emsp;--- 25 Jan 13:44:15 692 - Entered value Norris in FirstName</small> </font> </div>
<div class="test-event"> <font color="maroon"> <small> &emsp; &emsp;--- 25 Jan 13:44:16 042 - Entered value Huels in LastName</small> </font> </div>
<div class="test-event"> <font color="maroon"> <small> &emsp; &emsp;--- 25 Jan 13:44:16 381 - Entered value 53 in Employeee Id</small> </font> </div>
<div class="test-event"> <font color="maroon"> <small> &emsp; &emsp;--- 25 Jan 13:44:16 401 - Webelement dimension: (100, 31)</small> </font> </div>
<div class="test-event"> <font color="maroon"> <small> &emsp; &emsp;--- 25 Jan 13:44:16 452 - Clicked on Save button</small> </font> </div>
<div class="test-event"> <font color="maroon"> <small> &emsp; &emsp;--- 25 Jan 13:44:17 056 - [[ChromeDriver: chrome on windows (7b9851cc44727b6c7a420b9c06d93133)] -> css selector: div[class*='oxd-toast--success']] displayed</small> </font> </div>
<div class="test-event"> <font color="maroon"> <small> &emsp; &emsp;--- 25 Jan 13:44:17 091 - [[ChromeDriver: chrome on windows (7b9851cc44727b6c7a420b9c06d93133)] -> css selector: span[class*='oxd-main-menu-item--name']] displayed</small> </font> </div>
<div class="test-event"> <font color="maroon"> <small> &emsp; &emsp;--- 25 Jan 13:44:17 124 - Admin Element displayed</small> </font> </div>
<div class="test-event"> <font color="maroon"> <small> &emsp; &emsp;--- 25 Jan 13:44:17 143 - Webelement dimension: (56, 19)</small> </font> </div>
<div class="test-event"> <font color="maroon"> <small> &emsp; &emsp;--- 25 Jan 13:44:18 175 - Clicked on Admin</small> </font> </div>
<div class="test-message">&emsp;Main menu : Admin selected&emsp;<a href=".\ScreenShot\TC102_39.png" target="_blank" >[ScreenShot]</a></div>
<div class="test-event"> <font color="maroon"> <small> &emsp; &emsp;--- 25 Jan 13:44:18 743 - Page URL:: https://opensource-demo.orangehrmlive.com/web/index.php/admin/viewsystemusers</small> </font> </div>
<div class="test-event"> <font color="maroon"> <small> &emsp; &emsp;--- 25 Jan 13:44:18 743 - <b>0</b> - Page Load Wait: (Sync) - com.OrangeHRM.utils.WaitUtils.waitForPageLoad(WaitUtils.java:50)</small> </font> </div>
<div class="test-event"> <font color="maroon"> <small> &emsp; &emsp;--- 25 Jan 13:44:18 778 - [[ChromeDriver: chrome on windows (7b9851cc44727b6c7a420b9c06d93133)] -> css selector: h5[class*='oxd-table-filter-title']] displayed</small> </font> </div>
<div class="test-event"> <font color="maroon"> <small> &emsp; &emsp;--- 25 Jan 13:44:18 802 - Webelement dimension: (109, 31)</small> </font> </div>
<div class="test-event"> <font color="maroon"> <small> &emsp; &emsp;--- 25 Jan 13:44:19 419 - Clicked on Add button</small> </font> </div>
<div class="test-event"> <font color="maroon"> <small> &emsp; &emsp;--- 25 Jan 13:44:19 980 - User Role Element displayed</small> </font> </div>
<div class="test-event"> <font color="maroon"> <small> &emsp; &emsp;--- 25 Jan 13:44:19 997 - Webelement dimension: (824, 45)</small> </font> </div>
<div class="test-event"> <font color="maroon"> <small> &emsp; &emsp;--- 25 Jan 13:44:20 040 - Clicked on User Role</small> </font> </div>
<div class="test-event"> <font color="maroon"> <small> &emsp; &emsp;--- 25 Jan 13:44:20 068 - Options elements displayed: 2</small> </font> </div>
<div class="test-event"> <font color="maroon"> <small> &emsp; &emsp;--- 25 Jan 13:44:20 085 - Options elements displayed size: 2</small> </font> </div>
<div class="test-event"> <font color="maroon"> <small> &emsp; &emsp;--- 25 Jan 13:44:20 120 - Webelement dimension: (22, 16)</small> </font> </div>
<div class="test-event"> <font color="maroon"> <small> &emsp; &emsp;--- 25 Jan 13:44:20 165 - Clicked on ESS</small> </font> </div>
<div class="test-message">&emsp;User Role: ESS selected&emsp;<a href=".\ScreenShot\TC102_40.png" target="_blank" >[ScreenShot]</a></div>
<div class="test-message">&emsp;User Role: ESS selected&emsp;<a href=".\ScreenShot\TC102_41.png" target="_blank" >[ScreenShot]</a></div>
<div class="test-event"> <font color="maroon"> <small> &emsp; &emsp;--- 25 Jan 13:44:25 769 - Options Element displayed</small> </font> </div>
<div class="test-event"> <font color="maroon"> <small> &emsp; &emsp;--- 25 Jan 13:44:25 799 - Webelement dimension: (815, 35)</small> </font> </div>
<div class="test-event"> <font color="maroon"> <small> &emsp; &emsp;--- 25 Jan 13:44:25 846 - Clicked on Option field</small> </font> </div>
<div class="test-message">&emsp;Employee Name: Norris Huels selected&emsp;<a href=".\ScreenShot\TC102_42.png" target="_blank" >[ScreenShot]</a></div>
<div class="test-event"> <font color="maroon"> <small> &emsp; &emsp;--- 25 Jan 13:44:26 476 - Status Element displayed</small> </font> </div>
<div class="test-event"> <font color="maroon"> <small> &emsp; &emsp;--- 25 Jan 13:44:26 492 - Webelement dimension: (824, 45)</small> </font> </div>
<div class="test-event"> <font color="maroon"> <small> &emsp; &emsp;--- 25 Jan 13:44:26 524 - Clicked on Status</small> </font> </div>
<div class="test-event"> <font color="maroon"> <small> &emsp; &emsp;--- 25 Jan 13:44:26 542 - Options elements displayed: 2</small> </font> </div>
<div class="test-event"> <font color="maroon"> <small> &emsp; &emsp;--- 25 Jan 13:44:26 558 - Options elements displayed size: 2</small> </font> </div>
<div class="test-event"> <font color="maroon"> <small> &emsp; &emsp;--- 25 Jan 13:44:26 576 - Webelement dimension: (43, 16)</small> </font> </div>
<div class="test-event"> <font color="maroon"> <small> &emsp; &emsp;--- 25 Jan 13:44:26 620 - Clicked on Enabled</small> </font> </div>
<div class="test-message">&emsp;Status: Enabled selected&emsp;<a href=".\ScreenShot\TC102_43.png" target="_blank" >[ScreenShot]</a></div>
<div class="test-message">&emsp;Status: Enabled selected&emsp;<a href=".\ScreenShot\TC102_44.png" target="_blank" >[ScreenShot]</a></div>
<div class="test-event"> <font color="maroon"> <small> &emsp; &emsp;--- 25 Jan 13:44:27 654 - Username Element displayed</small> </font> </div>
<div class="test-event"> <font color="maroon"> <small> &emsp; &emsp;--- 25 Jan 13:44:28 111 - Entered value tony.keeling in Username</small> </font> </div>
<div class="test-message">&emsp;Username: tony.keeling selected&emsp;<a href=".\ScreenShot\TC102_45.png" target="_blank" >[ScreenShot]</a></div>
<div class="test-event"> <font color="maroon"> <small> &emsp; &emsp;--- 25 Jan 13:44:28 588 - Password Element displayed</small> </font> </div>
<div class="test-event"> <font color="maroon"> <small> &emsp; &emsp;--- 25 Jan 13:44:29 032 - Entered value 3j87a2os2t in Password</small> </font> </div>
<div class="test-message">&emsp;Password: 3j87a2os2t selected&emsp;<a href=".\ScreenShot\TC102_46.png" target="_blank" >[ScreenShot]</a></div>
<div class="test-event"> <font color="maroon"> <small> &emsp; &emsp;--- 25 Jan 13:44:29 505 - Confirm Password Element displayed</small> </font> </div>
<div class="test-event"> <font color="maroon"> <small> &emsp; &emsp;--- 25 Jan 13:44:29 943 - Entered value 3j87a2os2t in Confirm Password</small> </font> </div>
<div class="test-message">&emsp;Confirm Password: 3j87a2os2t selected&emsp;<a href=".\ScreenShot\TC102_47.png" target="_blank" >[ScreenShot]</a></div>
<div class="test-event"> <font color="maroon"> <small> &emsp; &emsp;--- 25 Jan 13:44:30 488 - Webelement dimension: (100, 31)</small> </font> </div>
<div class="test-event"> <font color="maroon"> <small> &emsp; &emsp;--- 25 Jan 13:44:30 541 - Clicked on Save button</small> </font> </div>
<div class="test-event"> <font color="maroon"> <small> &emsp; &emsp;--- 25 Jan 13:44:32 380 - [[ChromeDriver: chrome on windows (7b9851cc44727b6c7a420b9c06d93133)] -> css selector: div[class*='oxd-toast--success']] displayed</small> </font> </div>
<div class="test-event"> <font color="maroon"> <small> &emsp; &emsp;--- 25 Jan 13:44:32 417 - [[ChromeDriver: chrome on windows (7b9851cc44727b6c7a420b9c06d93133)] -> css selector: span[class*='oxd-main-menu-item--name']] displayed</small> </font> </div>
<div class="test-event"> <font color="maroon"> <small> &emsp; &emsp;--- 25 Jan 13:44:32 439 - Admin Element displayed</small> </font> </div>
<div class="test-event"> <font color="maroon"> <small> &emsp; &emsp;--- 25 Jan 13:44:32 457 - Webelement dimension: (56, 19)</small> </font> </div>
<div class="test-event"> <font color="maroon"> <small> &emsp; &emsp;--- 25 Jan 13:44:33 344 - Clicked on Admin</small> </font> </div>
<div class="test-message">&emsp;Main menu : Admin selected&emsp;<a href=".\ScreenShot\TC102_48.png" target="_blank" >[ScreenShot]</a></div>
<div class="test-event"> <font color="maroon"> <small> &emsp; &emsp;--- 25 Jan 13:44:33 891 - Page URL:: https://opensource-demo.orangehrmlive.com/web/index.php/admin/viewsystemusers</small> </font> </div>
<div class="test-event"> <font color="maroon"> <small> &emsp; &emsp;--- 25 Jan 13:44:33 891 - <b>0</b> - Page Load Wait: (Sync) - com.OrangeHRM.utils.WaitUtils.waitForPageLoad(WaitUtils.java:50)</small> </font> </div>
<div class="test-event"> <font color="maroon"> <small> &emsp; &emsp;--- 25 Jan 13:44:33 923 - [[ChromeDriver: chrome on windows (7b9851cc44727b6c7a420b9c06d93133)] -> css selector: h5[class*='oxd-table-filter-title']] displayed</small> </font> </div>
<div class="test-event"> <font color="maroon"> <small> &emsp; &emsp;--- 25 Jan 13:44:33 944 - Username Element displayed</small> </font> </div>
<div class="test-event"> <font color="maroon"> <small> &emsp; &emsp;--- 25 Jan 13:44:34 426 - Entered value tony.keeling in Username</small> </font> </div>
<div class="test-message">&emsp;Username: tony.keeling selected&emsp;<a href=".\ScreenShot\TC102_49.png" target="_blank" >[ScreenShot]</a></div>
<div class="test-event"> <font color="maroon"> <small> &emsp; &emsp;--- 25 Jan 13:44:34 963 - Webelement dimension: (107, 31)</small> </font> </div>
<div class="test-event"> <font color="maroon"> <small> &emsp; &emsp;--- 25 Jan 13:44:35 029 - Clicked on Search button</small> </font> </div>
<div class="test-event"> <font color="maroon"> <small> &emsp; &emsp;--- 25 Jan 13:44:35 600 - Table rows Element displayed</small> </font> </div>
<div class="test-event"> <font color="maroon"> <small> &emsp; &emsp;--- 25 Jan 13:44:35 629 - Table rows elements displayed size: 1</small> </font> </div>
<div class="test-event"> <font color="maroon"> <small> &emsp; &emsp;--- 25 Jan 13:44:35 664 - [[ChromeDriver: chrome on windows (7b9851cc44727b6c7a420b9c06d93133)] -> xpath: //span[text()='(1) Record Found']] displayed</small> </font> </div>
<div class="test-event"> <font color="maroon"> <small> &emsp; &emsp;--- 25 Jan 13:44:35 740 - Text value displayed for Table field : tony.keeling</small> </font> </div>
<div class="test-event"> <font color="maroon"> <small> &emsp; &emsp;--- 25 Jan 13:44:35 789 - Text value displayed for Table field : ESS</small> </font> </div>
<div class="test-event"> <font color="maroon"> <small> &emsp; &emsp;--- 25 Jan 13:44:35 838 - Text value displayed for Table field : Norris Huels</small> </font> </div>
<div class="test-event"> <font color="maroon"> <small> &emsp; &emsp;--- 25 Jan 13:44:35 891 - Text value displayed for Table field : Enabled</small> </font> </div>
<div class="test-message">&emsp;Given Details is verified successfully&emsp;<a href=".\ScreenShot\TC102_50.png" target="_blank" >[ScreenShot]</a></div>
<div class="test-event"> <font color="maroon"> <small> &emsp; &emsp;--- 25 Jan 13:44:36 353 - Webelement dimension: (36, 36)</small> </font> </div>
<div class="test-event"> <font color="maroon"> <small> &emsp; &emsp;--- 25 Jan 13:44:36 436 - Clicked on Delete icon</small> </font> </div>
<div class="test-event"> <font color="maroon"> <small> &emsp; &emsp;--- 25 Jan 13:44:36 475 - Webelement dimension: (151, 31)</small> </font> </div>
<div class="test-event"> <font color="maroon"> <small> &emsp; &emsp;--- 25 Jan 13:44:36 557 - Clicked on Yes, Delete</small> </font> </div>
<div class="test-message">&emsp;tony.keeling Deleted successfully&emsp;<a href=".\ScreenShot\TC102_51.png" target="_blank" >[ScreenShot]</a></div>
<div class="test-event"> <font color="maroon"> <small> &emsp; &emsp;--- 25 Jan 13:44:37 049 - [[ChromeDriver: chrome on windows (7b9851cc44727b6c7a420b9c06d93133)] -> css selector: div[class*='oxd-toast--success']] displayed</small> </font> </div>
<div class="test-result"><br><font color="green"><strong> Test Passed. </strong></font> </div>&emsp;
<div class="test-event"> <font color="maroon"> <small> &emsp; &emsp;--- 25 Jan 13:44:37 053 - WebDriver session: ChromeDriver: chrome on windows (7b9851cc44727b6c7a420b9c06d93133)</small> </font> </div>
<div class="test-event"> <font color="maroon"> <small> &emsp; &emsp;--- 25 Jan 13:44:37 388 - TestCaseID:: TC501</small> </font> </div>
<div class="test-event"> <font color="maroon"> <small> &emsp; &emsp;--- 25 Jan 13:44:38 362 - <b>0</b> - Driver::initialize::Get - com.OrangeHRM.utils.WebDriverFactory.getDriver(WebDriverFactory.java:767)</small> </font> </div>
<div class="test-event"> <font color="maroon"> <small> &emsp; &emsp;--- 25 Jan 13:44:38 363 - WebDriver session: ChromeDriver: chrome on windows (929dea130c5e730d003721c28c5d9933)</small> </font> </div>
&emsp;<div class="test-title"> <strong><font size = "3" color = "#000080">Create a new Claim</font> </strong> </div>&emsp;<div><strong>Steps:</strong></div><!-- Report -->&emsp;
<div class="test-event"> <font color="maroon"> <small> &emsp; &emsp;--- 25 Jan 13:44:38 365 - Fetching test data from excel sheet</small> </font> </div>
<div class="test-event"> <font color="maroon"> <small> &emsp; &emsp;--- 25 Jan 13:44:47 461 - Entered value Admin in Username field</small> </font> </div>
<div class="test-event"> <font color="maroon"> <small> &emsp; &emsp;--- 25 Jan 13:44:47 859 - Entered value admin123 in Password field</small> </font> </div>
<div class="test-event"> <font color="maroon"> <small> &emsp; &emsp;--- 25 Jan 13:44:47 881 - Webelement dimension: (485, 46)</small> </font> </div>
<div class="test-event"> <font color="maroon"> <small> &emsp; &emsp;--- 25 Jan 13:44:49 550 - Clicked on Login button</small> </font> </div>
<div class="test-message">&emsp;Login to Application&emsp;<a href=".\ScreenShot\TC501_52.png" target="_blank" >[ScreenShot]</a></div>
<div class="test-event"> <font color="maroon"> <small> &emsp; &emsp;--- 25 Jan 13:44:50 178 - Page URL:: https://opensource-demo.orangehrmlive.com/web/index.php/dashboard/index</small> </font> </div>
<div class="test-event"> <font color="maroon"> <small> &emsp; &emsp;--- 25 Jan 13:44:50 179 - <b>0</b> - Page Load Wait: (Sync) - com.OrangeHRM.utils.WaitUtils.waitForPageLoad(WaitUtils.java:50)</small> </font> </div>
<div class="test-event"> <font color="maroon"> <small> &emsp; &emsp;--- 25 Jan 13:44:50 214 - [[ChromeDriver: chrome on windows (929dea130c5e730d003721c28c5d9933)] -> css selector: p[class*='orangehrm-copyright']] displayed</small> </font> </div>
<div class="test-event"> <font color="maroon"> <small> &emsp; &emsp;--- 25 Jan 13:44:50 249 - [[ChromeDriver: chrome on windows (929dea130c5e730d003721c28c5d9933)] -> css selector: span[class*='oxd-main-menu-item--name']] displayed</small> </font> </div>
<div class="test-event"> <font color="maroon"> <small> &emsp; &emsp;--- 25 Jan 13:44:50 284 - PIM Element displayed</small> </font> </div>
<div class="test-event"> <font color="maroon"> <small> &emsp; &emsp;--- 25 Jan 13:44:50 306 - Webelement dimension: (39, 19)</small> </font> </div>
<div class="test-event"> <font color="maroon"> <small> &emsp; &emsp;--- 25 Jan 13:44:52 503 - Clicked on PIM</small> </font> </div>
<div class="test-message">&emsp;Main menu : PIM selected&emsp;<a href=".\ScreenShot\TC501_53.png" target="_blank" >[ScreenShot]</a></div>
<div class="test-event"> <font color="maroon"> <small> &emsp; &emsp;--- 25 Jan 13:44:53 024 - Page URL:: https://opensource-demo.orangehrmlive.com/web/index.php/pim/viewemployeelist</small> </font> </div>
<div class="test-event"> <font color="maroon"> <small> &emsp; &emsp;--- 25 Jan 13:44:53 024 - <b>0</b> - Page Load Wait: (Sync) - com.OrangeHRM.utils.WaitUtils.waitForPageLoad(WaitUtils.java:50)</small> </font> </div>
<div class="test-event"> <font color="maroon"> <small> &emsp; &emsp;--- 25 Jan 13:44:53 101 - [[ChromeDriver: chrome on windows (929dea130c5e730d003721c28c5d9933)] -> css selector: h6[class*='oxd-topbar-header']] displayed</small> </font> </div>
<div class="test-event"> <font color="maroon"> <small> &emsp; &emsp;--- 25 Jan 13:44:53 125 - Webelement dimension: (109, 30)</small> </font> </div>
<div class="test-event"> <font color="maroon"> <small> &emsp; &emsp;--- 25 Jan 13:44:54 026 - Clicked on Add button</small> </font> </div>
<div class="test-event"> <font color="maroon"> <small> &emsp; &emsp;--- 25 Jan 13:44:54 923 - Entered value Shirely in FirstName</small> </font> </div>
<div class="test-event"> <font color="maroon"> <small> &emsp; &emsp;--- 25 Jan 13:44:55 242 - Entered value Hayes in LastName</small> </font> </div>
<div class="test-event"> <font color="maroon"> <small> &emsp; &emsp;--- 25 Jan 13:44:55 572 - Entered value 10 in Employeee Id</small> </font> </div>
<div class="test-event"> <font color="maroon"> <small> &emsp; &emsp;--- 25 Jan 13:44:55 604 - Webelement dimension: (100, 31)</small> </font> </div>
<div class="test-event"> <font color="maroon"> <small> &emsp; &emsp;--- 25 Jan 13:44:55 651 - Clicked on Save button</small> </font> </div>
<div class="test-event"> <font color="maroon"> <small> &emsp; &emsp;--- 25 Jan 13:44:56 267 - [[ChromeDriver: chrome on windows (929dea130c5e730d003721c28c5d9933)] -> css selector: div[class*='oxd-toast--success']] displayed</small> </font> </div>
<div class="test-event"> <font color="maroon"> <small> &emsp; &emsp;--- 25 Jan 13:44:56 312 - [[ChromeDriver: chrome on windows (929dea130c5e730d003721c28c5d9933)] -> css selector: span[class*='oxd-main-menu-item--name']] displayed</small> </font> </div>
<div class="test-event"> <font color="maroon"> <small> &emsp; &emsp;--- 25 Jan 13:44:56 345 - Dashboard Element displayed</small> </font> </div>
<div class="test-event"> <font color="maroon"> <small> &emsp; &emsp;--- 25 Jan 13:44:56 369 - Webelement dimension: (83, 19)</small> </font> </div>
<div class="test-event"> <font color="maroon"> <small> &emsp; &emsp;--- 25 Jan 13:44:57 639 - Clicked on Dashboard</small> </font> </div>
<div class="test-message">&emsp;Main menu : Dashboard selected&emsp;<a href=".\ScreenShot\TC501_54.png" target="_blank" >[ScreenShot]</a></div>
<div class="test-event"> <font color="maroon"> <small> &emsp; &emsp;--- 25 Jan 13:44:58 404 - [[ChromeDriver: chrome on windows (929dea130c5e730d003721c28c5d9933)] -> css selector: span[class*='oxd-main-menu-item--name']] displayed</small> </font> </div>
<div class="test-event"> <font color="maroon"> <small> &emsp; &emsp;--- 25 Jan 13:44:58 441 - Claim Element displayed</small> </font> </div>
<div class="test-event"> <font color="maroon"> <small> &emsp; &emsp;--- 25 Jan 13:44:58 464 - Webelement dimension: (50, 19)</small> </font> </div>
<div class="test-event"> <font color="maroon"> <small> &emsp; &emsp;--- 25 Jan 13:44:59 645 - Clicked on Claim</small> </font> </div>
<div class="test-message">&emsp;Main menu : Claim selected&emsp;<a href=".\ScreenShot\TC501_55.png" target="_blank" >[ScreenShot]</a></div>
<div class="test-event"> <font color="maroon"> <small> &emsp; &emsp;--- 25 Jan 13:45:00 211 - Page URL:: https://opensource-demo.orangehrmlive.com/web/index.php/claim/viewassignclaim</small> </font> </div>
<div class="test-event"> <font color="maroon"> <small> &emsp; &emsp;--- 25 Jan 13:45:00 212 - <b>0</b> - Page Load Wait: (Sync) - com.OrangeHRM.utils.WaitUtils.waitForPageLoad(WaitUtils.java:50)</small> </font> </div>
<div class="test-event"> <font color="maroon"> <small> &emsp; &emsp;--- 25 Jan 13:45:00 253 - [[ChromeDriver: chrome on windows (929dea130c5e730d003721c28c5d9933)] -> xpath: //h6[text()='Claim']] displayed</small> </font> </div>
<div class="test-event"> <font color="maroon"> <small> &emsp; &emsp;--- 25 Jan 13:45:00 305 - Assign Claim Element displayed</small> </font> </div>
<div class="test-event"> <font color="maroon"> <small> &emsp; &emsp;--- 25 Jan 13:45:00 333 - Webelement dimension: (71, 16)</small> </font> </div>
<div class="test-event"> <font color="maroon"> <small> &emsp; &emsp;--- 25 Jan 13:45:01 392 - Clicked on Assign Claim</small> </font> </div>
<div class="test-message">&emsp;Nav menu : Assign Claim selected&emsp;<a href=".\ScreenShot\TC501_56.png" target="_blank" >[ScreenShot]</a></div>
<div class="test-message">&emsp;Employee Name: Shirely Hayes selected&emsp;<a href=".\ScreenShot\TC501_57.png" target="_blank" >[ScreenShot]</a></div>
<div class="test-event"> <font color="maroon"> <small> &emsp; &emsp;--- 25 Jan 13:45:07 009 - Options Element displayed</small> </font> </div>
<div class="test-event"> <font color="maroon"> <small> &emsp; &emsp;--- 25 Jan 13:45:07 027 - Options elements displayed size: 1</small> </font> </div>
<div class="test-event"> <font color="maroon"> <small> &emsp; &emsp;--- 25 Jan 13:45:07 045 - Webelement dimension: (532, 35)</small> </font> </div>
<div class="test-event"> <font color="maroon"> <small> &emsp; &emsp;--- 25 Jan 13:45:07 085 - Clicked on Option field</small> </font> </div>
<div class="test-event"> <font color="maroon"> <small> &emsp; &emsp;--- 25 Jan 13:45:07 116 - Event Element displayed</small> </font> </div>
<div class="test-event"> <font color="maroon"> <small> &emsp; &emsp;--- 25 Jan 13:45:07 134 - Webelement dimension: (541, 45)</small> </font> </div>
<div class="test-event"> <font color="maroon"> <small> &emsp; &emsp;--- 25 Jan 13:45:07 169 - Clicked on Event</small> </font> </div>
<div class="test-event"> <font color="maroon"> <small> &emsp; &emsp;--- 25 Jan 13:45:07 192 - Options elements displayed: 3</small> </font> </div>
<div class="test-event"> <font color="maroon"> <small> &emsp; &emsp;--- 25 Jan 13:45:07 206 - Options elements displayed size: 3</small> </font> </div>
<div class="test-event"> <font color="maroon"> <small> &emsp; &emsp;--- 25 Jan 13:45:07 222 - Webelement dimension: (88, 16)</small> </font> </div>
<div class="test-event"> <font color="maroon"> <small> &emsp; &emsp;--- 25 Jan 13:45:07 260 - Clicked on Accommodation</small> </font> </div>
<div class="test-message">&emsp;Event: Accommodation selected&emsp;<a href=".\ScreenShot\TC501_58.png" target="_blank" >[ScreenShot]</a></div>
<div class="test-message">&emsp;Event: Accommodation selected&emsp;<a href=".\ScreenShot\TC501_59.png" target="_blank" >[ScreenShot]</a></div>
<div class="test-event"> <font color="maroon"> <small> &emsp; &emsp;--- 25 Jan 13:45:08 242 - Currency Element displayed</small> </font> </div>
<div class="test-event"> <font color="maroon"> <small> &emsp; &emsp;--- 25 Jan 13:45:08 256 - Webelement dimension: (541, 45)</small> </font> </div>
<div class="test-event"> <font color="maroon"> <small> &emsp; &emsp;--- 25 Jan 13:45:08 312 - Clicked on Currency</small> </font> </div>
<div class="test-event"> <font color="maroon"> <small> &emsp; &emsp;--- 25 Jan 13:45:08 356 - Options elements displayed: 159</small> </font> </div>
<div class="test-event"> <font color="maroon"> <small> &emsp; &emsp;--- 25 Jan 13:45:08 398 - Options elements displayed size: 159</small> </font> </div>
<div class="test-event"> <font color="maroon"> <small> &emsp; &emsp;--- 25 Jan 13:45:08 761 - Webelement dimension: (25, 16)</small> </font> </div>
<div class="test-event"> <font color="maroon"> <small> &emsp; &emsp;--- 25 Jan 13:45:08 806 - Clicked on Euro</small> </font> </div>
<div class="test-message">&emsp;Currency: Euro selected&emsp;<a href=".\ScreenShot\TC501_60.png" target="_blank" >[ScreenShot]</a></div>
<div class="test-message">&emsp;Currency: Euro selected&emsp;<a href=".\ScreenShot\TC501_61.png" target="_blank" >[ScreenShot]</a></div>
<div class="test-event"> <font color="maroon"> <small> &emsp; &emsp;--- 25 Jan 13:45:09 699 - Webelement dimension: (106, 31)</small> </font> </div>
<div class="test-event"> <font color="maroon"> <small> &emsp; &emsp;--- 25 Jan 13:45:09 751 - Clicked on Create claim request button</small> </font> </div>
<div class="test-event"> <font color="maroon"> <small> &emsp; &emsp;--- 25 Jan 13:45:13 874 - [[ChromeDriver: chrome on windows (929dea130c5e730d003721c28c5d9933)] -> xpath: //label[text()='Reference Id']/parent::div/parent::div //input] displayed</small> </font> </div>
<div class="test-event"> <font color="maroon"> <small> &emsp; &emsp;--- 25 Jan 13:45:14 217 - Webelement dimension: (109, 31)</small> </font> </div>
<div class="test-event"> <font color="maroon"> <small> &emsp; &emsp;--- 25 Jan 13:45:14 290 - Clicked on Add expense button</small> </font> </div>
<div class="test-event"> <font color="maroon"> <small> &emsp; &emsp;--- 25 Jan 13:45:14 326 - Expense Type Element displayed</small> </font> </div>
<div class="test-event"> <font color="maroon"> <small> &emsp; &emsp;--- 25 Jan 13:45:14 368 - Webelement dimension: (447, 45)</small> </font> </div>
<div class="test-event"> <font color="maroon"> <small> &emsp; &emsp;--- 25 Jan 13:45:14 422 - Clicked on Expense Type</small> </font> </div>
<div class="test-event"> <font color="maroon"> <small> &emsp; &emsp;--- 25 Jan 13:45:14 983 - Options elements displayed: 4</small> </font> </div>
<div class="test-event"> <font color="maroon"> <small> &emsp; &emsp;--- 25 Jan 13:45:15 017 - Options elements displayed size: 4</small> </font> </div>
<div class="test-event"> <font color="maroon"> <small> &emsp; &emsp;--- 25 Jan 13:45:15 051 - Webelement dimension: (88, 16)</small> </font> </div>
<div class="test-event"> <font color="maroon"> <small> &emsp; &emsp;--- 25 Jan 13:45:15 101 - Clicked on Accommodation</small> </font> </div>
<div class="test-message">&emsp;Expense Type: Accommodation selected&emsp;<a href=".\ScreenShot\TC501_62.png" target="_blank" >[ScreenShot]</a></div>
<div class="test-message">&emsp;Expense Type: Accommodation selected&emsp;<a href=".\ScreenShot\TC501_63.png" target="_blank" >[ScreenShot]</a></div>
<div class="test-event"> <font color="maroon"> <small> &emsp; &emsp;--- 25 Jan 13:45:16 002 - Date Element displayed</small> </font> </div>
<div class="test-event"> <font color="maroon"> <small> &emsp; &emsp;--- 25 Jan 13:45:16 467 - Entered value 2004-07-22 in Date</small> </font> </div>
<div class="test-message">&emsp;Date: 2004-07-22 selected&emsp;<a href=".\ScreenShot\TC501_64.png" target="_blank" >[ScreenShot]</a></div>
<div class="test-event"> <font color="maroon"> <small> &emsp; &emsp;--- 25 Jan 13:45:16 990 - Amount Element displayed</small> </font> </div>
<div class="test-event"> <font color="maroon"> <small> &emsp; &emsp;--- 25 Jan 13:45:17 401 - Entered value 18.20 in Amount</small> </font> </div>
<div class="test-message">&emsp;Amount: 18.20 selected&emsp;<a href=".\ScreenShot\TC501_65.png" target="_blank" >[ScreenShot]</a></div>
<div class="test-event"> <font color="maroon"> <small> &emsp; &emsp;--- 25 Jan 13:45:17 875 - Webelement dimension: (100, 31)</small> </font> </div>
<div class="test-event"> <font color="maroon"> <small> &emsp; &emsp;--- 25 Jan 13:45:17 919 - Clicked on Save expense button</small> </font> </div>
<div class="test-event"> <font color="maroon"> <small> &emsp; &emsp;--- 25 Jan 13:45:18 808 - [[ChromeDriver: chrome on windows (929dea130c5e730d003721c28c5d9933)] -> css selector: div[class*='oxd-toast--success']] displayed</small> </font> </div>
<div class="test-event"> <font color="maroon"> <small> &emsp; &emsp;--- 25 Jan 13:45:21 913 - [[ChromeDriver: chrome on windows (929dea130c5e730d003721c28c5d9933)] -> xpath: //span[text()='(1) Record Found']] displayed</small> </font> </div>
<div class="test-event"> <font color="maroon"> <small> &emsp; &emsp;--- 25 Jan 13:45:22 010 - Text value displayed for Total amount : Total Amount (Euro) : 18.20</small> </font> </div>
<div class="test-message">&emsp;Successfully verified expense amount</div>
<div class="test-event"> <font color="maroon"> <small> &emsp; &emsp;--- 25 Jan 13:45:22 029 - Webelement dimension: (109, 31)</small> </font> </div>
<div class="test-event"> <font color="maroon"> <small> &emsp; &emsp;--- 25 Jan 13:45:22 071 - Clicked on Submit claim button</small> </font> </div>
<div class="test-event"> <font color="maroon"> <small> &emsp; &emsp;--- 25 Jan 13:45:22 101 - Employee Claims Element displayed</small> </font> </div>
<div class="test-event"> <font color="maroon"> <small> &emsp; &emsp;--- 25 Jan 13:45:22 121 - Webelement dimension: (93, 16)</small> </font> </div>
<div class="test-event"> <font color="maroon"> <small> &emsp; &emsp;--- 25 Jan 13:45:22 738 - Clicked on Employee Claims</small> </font> </div>
<div class="test-message">&emsp;Nav menu : Employee Claims selected&emsp;<a href=".\ScreenShot\TC501_66.png" target="_blank" >[ScreenShot]</a></div>
<div class="test-event"> <font color="maroon"> <small> &emsp; &emsp;--- 25 Jan 13:45:25 998 - Options Element displayed</small> </font> </div>
<div class="test-event"> <font color="maroon"> <small> &emsp; &emsp;--- 25 Jan 13:45:26 032 - Options elements displayed size: 1</small> </font> </div>
<div class="test-event"> <font color="maroon"> <small> &emsp; &emsp;--- 25 Jan 13:45:26 067 - Webelement dimension: (391, 35)</small> </font> </div>
<div class="test-event"> <font color="maroon"> <small> &emsp; &emsp;--- 25 Jan 13:45:26 136 - Clicked on Option field</small> </font> </div>
<div class="test-event"> <font color="maroon"> <small> &emsp; &emsp;--- 25 Jan 13:45:26 155 - Webelement dimension: (107, 31)</small> </font> </div>
<div class="test-event"> <font color="maroon"> <small> &emsp; &emsp;--- 25 Jan 13:45:26 209 - Clicked on Search button</small> </font> </div>
<div class="test-event"> <font color="maroon"> <small> &emsp; &emsp;--- 25 Jan 13:45:27 280 - Table rows Element displayed</small> </font> </div>
<div class="test-event"> <font color="maroon"> <small> &emsp; &emsp;--- 25 Jan 13:45:27 302 - Table rows elements displayed size: 1</small> </font> </div>
<div class="test-event"> <font color="maroon"> <small> &emsp; &emsp;--- 25 Jan 13:45:27 356 - Text value displayed for Table field : 202401250000007</small> </font> </div>
<div class="test-event"> <font color="maroon"> <small> &emsp; &emsp;--- 25 Jan 13:45:27 398 - Text value displayed for Table field : Shirely Hayes</small> </font> </div>
<div class="test-event"> <font color="maroon"> <small> &emsp; &emsp;--- 25 Jan 13:45:27 445 - Text value displayed for Table field : Accommodation</small> </font> </div>
<div class="test-event"> <font color="maroon"> <small> &emsp; &emsp;--- 25 Jan 13:45:27 497 - Text value displayed for Table field : Euro</small> </font> </div>
<div class="test-event"> <font color="maroon"> <small> &emsp; &emsp;--- 25 Jan 13:45:27 539 - Text value displayed for Table field : 2024-01-25</small> </font> </div>
<div class="test-event"> <font color="maroon"> <small> &emsp; &emsp;--- 25 Jan 13:45:27 579 - Text value displayed for Table field : Paid</small> </font> </div>
<div class="test-event"> <font color="maroon"> <small> &emsp; &emsp;--- 25 Jan 13:45:27 620 - Text value displayed for Table field : 18.20</small> </font> </div>
<div class="test-event"> <font color="maroon"> <small> &emsp; &emsp;--- 25 Jan 13:45:27 667 - Text value displayed for Table field : View Details</small> </font> </div>
<div class="test-message">&emsp;Claim Details is verified successfully&emsp;<a href=".\ScreenShot\TC501_67.png" target="_blank" >[ScreenShot]</a></div>
<div class="test-result"><br><font color="green"><strong> Test Passed. </strong></font> </div>&emsp;
<div class="test-event"> <font color="maroon"> <small> &emsp; &emsp;--- 25 Jan 13:45:28 104 - WebDriver session: ChromeDriver: chrome on windows (929dea130c5e730d003721c28c5d9933)</small> </font> </div>
<div class="test-event"> <font color="maroon"> <small> &emsp; &emsp;--- 25 Jan 13:45:28 426 - TestCaseID:: TC001</small> </font> </div>
<div class="test-event"> <font color="maroon"> <small> &emsp; &emsp;--- 25 Jan 13:45:29 514 - <b>1</b> - Driver::initialize::Get - com.OrangeHRM.utils.WebDriverFactory.getDriver(WebDriverFactory.java:767)</small> </font> </div>
<div class="test-event"> <font color="maroon"> <small> &emsp; &emsp;--- 25 Jan 13:45:29 515 - WebDriver session: ChromeDriver: chrome on windows (88cc4b01aefea2f3e60cec9449933c27)</small> </font> </div>
&emsp;<div class="test-title"> <strong><font size = "3" color = "#000080">Login to OrangeHRM application</font> </strong> </div>&emsp;<div><strong>Steps:</strong></div><!-- Report -->&emsp;
<div class="test-event"> <font color="maroon"> <small> &emsp; &emsp;--- 25 Jan 13:45:29 516 - Fetching test data from excel sheet</small> </font> </div>
<div class="test-event"> <font color="maroon"> <small> &emsp; &emsp;--- 25 Jan 13:45:39 996 - Entered value Admin in Username field</small> </font> </div>
<div class="test-event"> <font color="maroon"> <small> &emsp; &emsp;--- 25 Jan 13:45:40 364 - Entered value admin123 in Password field</small> </font> </div>
<div class="test-event"> <font color="maroon"> <small> &emsp; &emsp;--- 25 Jan 13:45:40 385 - Webelement dimension: (485, 46)</small> </font> </div>
<div class="test-event"> <font color="maroon"> <small> &emsp; &emsp;--- 25 Jan 13:45:40 430 - Clicked on Login button</small> </font> </div>
<div class="test-message">&emsp;Login to Application&emsp;<a href=".\ScreenShot\TC001_68.png" target="_blank" >[ScreenShot]</a></div>
<div class="test-event"> <font color="maroon"> <small> &emsp; &emsp;--- 25 Jan 13:45:42 798 - Page URL:: https://opensource-demo.orangehrmlive.com/web/index.php/dashboard/index</small> </font> </div>
<div class="test-event"> <font color="maroon"> <small> &emsp; &emsp;--- 25 Jan 13:45:42 798 - <b>0</b> - Page Load Wait: (Sync) - com.OrangeHRM.utils.WaitUtils.waitForPageLoad(WaitUtils.java:50)</small> </font> </div>
<div class="test-event"> <font color="maroon"> <small> &emsp; &emsp;--- 25 Jan 13:45:42 850 - [[ChromeDriver: chrome on windows (88cc4b01aefea2f3e60cec9449933c27)] -> css selector: p[class*='orangehrm-copyright']] displayed</small> </font> </div>
<div class="test-result"><br><font color="green"><strong> Test Passed. </strong></font> </div>&emsp;
<div class="test-event"> <font color="maroon"> <small> &emsp; &emsp;--- 25 Jan 13:45:42 851 - WebDriver session: ChromeDriver: chrome on windows (88cc4b01aefea2f3e60cec9449933c27)</small> </font> </div>
<div class="test-event"> <font color="maroon"> <small> &emsp; &emsp;--- 25 Jan 13:45:43 504 - TestCaseID:: TC002</small> </font> </div>
<div class="test-event"> <font color="maroon"> <small> &emsp; &emsp;--- 25 Jan 13:45:44 450 - <b>0</b> - Driver::initialize::Get - com.OrangeHRM.utils.WebDriverFactory.getDriver(WebDriverFactory.java:767)</small> </font> </div>
<div class="test-event"> <font color="maroon"> <small> &emsp; &emsp;--- 25 Jan 13:45:44 451 - WebDriver session: ChromeDriver: chrome on windows (2f2359521a071a12784a29be99c1f81a)</small> </font> </div>
&emsp;<div class="test-title"> <strong><font size = "3" color = "#000080">Create new Employee and verify success message</font> </strong> </div>&emsp;<div><strong>Steps:</strong></div><!-- Report -->&emsp;
<div class="test-event"> <font color="maroon"> <small> &emsp; &emsp;--- 25 Jan 13:45:44 452 - Fetching test data from excel sheet</small> </font> </div>
<div class="test-event"> <font color="maroon"> <small> &emsp; &emsp;--- 25 Jan 13:45:51 494 - Entered value Admin in Username field</small> </font> </div>
<div class="test-event"> <font color="maroon"> <small> &emsp; &emsp;--- 25 Jan 13:45:51 845 - Entered value admin123 in Password field</small> </font> </div>
<div class="test-event"> <font color="maroon"> <small> &emsp; &emsp;--- 25 Jan 13:45:51 866 - Webelement dimension: (485, 46)</small> </font> </div>
<div class="test-event"> <font color="maroon"> <small> &emsp; &emsp;--- 25 Jan 13:45:53 898 - Clicked on Login button</small> </font> </div>
<div class="test-message">&emsp;Login to Application&emsp;<a href=".\ScreenShot\TC002_69.png" target="_blank" >[ScreenShot]</a></div>
<div class="test-event"> <font color="maroon"> <small> &emsp; &emsp;--- 25 Jan 13:45:54 418 - Page URL:: https://opensource-demo.orangehrmlive.com/web/index.php/dashboard/index</small> </font> </div>
<div class="test-event"> <font color="maroon"> <small> &emsp; &emsp;--- 25 Jan 13:45:54 419 - <b>0</b> - Page Load Wait: (Sync) - com.OrangeHRM.utils.WaitUtils.waitForPageLoad(WaitUtils.java:50)</small> </font> </div>
<div class="test-event"> <font color="maroon"> <small> &emsp; &emsp;--- 25 Jan 13:45:54 459 - [[ChromeDriver: chrome on windows (2f2359521a071a12784a29be99c1f81a)] -> css selector: p[class*='orangehrm-copyright']] displayed</small> </font> </div>
<div class="test-event"> <font color="maroon"> <small> &emsp; &emsp;--- 25 Jan 13:45:54 495 - [[ChromeDriver: chrome on windows (2f2359521a071a12784a29be99c1f81a)] -> css selector: span[class*='oxd-main-menu-item--name']] displayed</small> </font> </div>
<div class="test-event"> <font color="maroon"> <small> &emsp; &emsp;--- 25 Jan 13:45:54 532 - PIM Element displayed</small> </font> </div>
<div class="test-event"> <font color="maroon"> <small> &emsp; &emsp;--- 25 Jan 13:45:54 556 - Webelement dimension: (39, 19)</small> </font> </div>
<div class="test-event"> <font color="maroon"> <small> &emsp; &emsp;--- 25 Jan 13:45:55 995 - Clicked on PIM</small> </font> </div>
<div class="test-message">&emsp;Main menu : PIM selected&emsp;<a href=".\ScreenShot\TC002_70.png" target="_blank" >[ScreenShot]</a></div>
<div class="test-event"> <font color="maroon"> <small> &emsp; &emsp;--- 25 Jan 13:45:56 527 - Page URL:: https://opensource-demo.orangehrmlive.com/web/index.php/pim/viewemployeelist</small> </font> </div>
<div class="test-event"> <font color="maroon"> <small> &emsp; &emsp;--- 25 Jan 13:45:56 527 - <b>0</b> - Page Load Wait: (Sync) - com.OrangeHRM.utils.WaitUtils.waitForPageLoad(WaitUtils.java:50)</small> </font> </div>
<div class="test-event"> <font color="maroon"> <small> &emsp; &emsp;--- 25 Jan 13:45:56 567 - [[ChromeDriver: chrome on windows (2f2359521a071a12784a29be99c1f81a)] -> css selector: h6[class*='oxd-topbar-header']] displayed</small> </font> </div>
<div class="test-event"> <font color="maroon"> <small> &emsp; &emsp;--- 25 Jan 13:45:56 589 - Webelement dimension: (109, 30)</small> </font> </div>
<div class="test-event"> <font color="maroon"> <small> &emsp; &emsp;--- 25 Jan 13:45:57 311 - Clicked on Add button</small> </font> </div>
<div class="test-event"> <font color="maroon"> <small> &emsp; &emsp;--- 25 Jan 13:45:58 037 - Entered value Sibyl in FirstName</small> </font> </div>
<div class="test-event"> <font color="maroon"> <small> &emsp; &emsp;--- 25 Jan 13:45:58 413 - Entered value Rohan in LastName</small> </font> </div>
<div class="test-event"> <font color="maroon"> <small> &emsp; &emsp;--- 25 Jan 13:45:58 763 - Entered value 72 in Employeee Id</small> </font> </div>
<div class="test-event"> <font color="maroon"> <small> &emsp; &emsp;--- 25 Jan 13:45:58 790 - [[ChromeDriver: chrome on windows (2f2359521a071a12784a29be99c1f81a)] -> css selector: div.oxd-grid-2 input[class*='oxd-input oxd-input']] displayed</small> </font> </div>
<div class="test-message">&emsp;Employee Id : 029072&emsp;<a href=".\ScreenShot\TC002_71.png" target="_blank" >[ScreenShot]</a></div>
<div class="test-event"> <font color="maroon"> <small> &emsp; &emsp;--- 25 Jan 13:45:59 229 - Webelement dimension: (100, 31)</small> </font> </div>
<div class="test-event"> <font color="maroon"> <small> &emsp; &emsp;--- 25 Jan 13:45:59 279 - Clicked on Save button</small> </font> </div>
<div class="test-event"> <font color="maroon"> <small> &emsp; &emsp;--- 25 Jan 13:45:59 901 - [[ChromeDriver: chrome on windows (2f2359521a071a12784a29be99c1f81a)] -> css selector: div[class*='oxd-toast--success']] displayed</small> </font> </div>
<div class="test-result"><br><font color="green"><strong> Test Passed. </strong></font> </div>&emsp;
<div class="test-event"> <font color="maroon"> <small> &emsp; &emsp;--- 25 Jan 13:45:59 903 - WebDriver session: ChromeDriver: chrome on windows (2f2359521a071a12784a29be99c1f81a)</small> </font> </div>
<div class="test-event"> <font color="maroon"> <small> &emsp; &emsp;--- 25 Jan 13:46:00 175 - TestCaseID:: TC003</small> </font> </div>
<div class="test-event"> <font color="maroon"> <small> &emsp; &emsp;--- 25 Jan 13:46:01 653 - <b>1</b> - Driver::initialize::Get - com.OrangeHRM.utils.WebDriverFactory.getDriver(WebDriverFactory.java:767)</small> </font> </div>
<div class="test-event"> <font color="maroon"> <small> &emsp; &emsp;--- 25 Jan 13:46:01 654 - WebDriver session: ChromeDriver: chrome on windows (643e45ed3b80fa704f01ce8546dae710)</small> </font> </div>
&emsp;<div class="test-title"> <strong><font size = "3" color = "#000080">Create new Employee and Verify In Employee Table</font> </strong> </div>&emsp;<div><strong>Steps:</strong></div><!-- Report -->&emsp;
<div class="test-event"> <font color="maroon"> <small> &emsp; &emsp;--- 25 Jan 13:46:01 654 - Fetching test data from excel sheet</small> </font> </div>
<div class="test-event"> <font color="maroon"> <small> &emsp; &emsp;--- 25 Jan 13:46:07 992 - Entered value Admin in Username field</small> </font> </div>
<div class="test-event"> <font color="maroon"> <small> &emsp; &emsp;--- 25 Jan 13:46:08 399 - Entered value admin123 in Password field</small> </font> </div>
<div class="test-event"> <font color="maroon"> <small> &emsp; &emsp;--- 25 Jan 13:46:08 426 - Webelement dimension: (485, 46)</small> </font> </div>
<div class="test-event"> <font color="maroon"> <small> &emsp; &emsp;--- 25 Jan 13:46:09 695 - Clicked on Login button</small> </font> </div>
<div class="test-message">&emsp;Login to Application&emsp;<a href=".\ScreenShot\TC003_72.png" target="_blank" >[ScreenShot]</a></div>
<div class="test-event"> <font color="maroon"> <small> &emsp; &emsp;--- 25 Jan 13:46:10 100 - Page URL:: https://opensource-demo.orangehrmlive.com/web/index.php/dashboard/index</small> </font> </div>
<div class="test-event"> <font color="maroon"> <small> &emsp; &emsp;--- 25 Jan 13:46:10 100 - <b>0</b> - Page Load Wait: (Sync) - com.OrangeHRM.utils.WaitUtils.waitForPageLoad(WaitUtils.java:50)</small> </font> </div>
<div class="test-event"> <font color="maroon"> <small> &emsp; &emsp;--- 25 Jan 13:46:10 259 - [[ChromeDriver: chrome on windows (643e45ed3b80fa704f01ce8546dae710)] -> css selector: p[class*='orangehrm-copyright']] displayed</small> </font> </div>
<div class="test-event"> <font color="maroon"> <small> &emsp; &emsp;--- 25 Jan 13:46:10 298 - [[ChromeDriver: chrome on windows (643e45ed3b80fa704f01ce8546dae710)] -> css selector: span[class*='oxd-main-menu-item--name']] displayed</small> </font> </div>
<div class="test-event"> <font color="maroon"> <small> &emsp; &emsp;--- 25 Jan 13:46:10 332 - PIM Element displayed</small> </font> </div>
<div class="test-event"> <font color="maroon"> <small> &emsp; &emsp;--- 25 Jan 13:46:10 352 - Webelement dimension: (39, 19)</small> </font> </div>
<div class="test-event"> <font color="maroon"> <small> &emsp; &emsp;--- 25 Jan 13:46:11 566 - Clicked on PIM</small> </font> </div>
<div class="test-message">&emsp;Main menu : PIM selected&emsp;<a href=".\ScreenShot\TC003_73.png" target="_blank" >[ScreenShot]</a></div>
<div class="test-event"> <font color="maroon"> <small> &emsp; &emsp;--- 25 Jan 13:46:12 101 - Page URL:: https://opensource-demo.orangehrmlive.com/web/index.php/pim/viewemployeelist</small> </font> </div>
<div class="test-event"> <font color="maroon"> <small> &emsp; &emsp;--- 25 Jan 13:46:12 101 - <b>0</b> - Page Load Wait: (Sync) - com.OrangeHRM.utils.WaitUtils.waitForPageLoad(WaitUtils.java:50)</small> </font> </div>
<div class="test-event"> <font color="maroon"> <small> &emsp; &emsp;--- 25 Jan 13:46:12 135 - [[ChromeDriver: chrome on windows (643e45ed3b80fa704f01ce8546dae710)] -> css selector: h6[class*='oxd-topbar-header']] displayed</small> </font> </div>
<div class="test-event"> <font color="maroon"> <small> &emsp; &emsp;--- 25 Jan 13:46:12 162 - Webelement dimension: (109, 30)</small> </font> </div>
<div class="test-event"> <font color="maroon"> <small> &emsp; &emsp;--- 25 Jan 13:46:12 908 - Clicked on Add button</small> </font> </div>
<div class="test-event"> <font color="maroon"> <small> &emsp; &emsp;--- 25 Jan 13:46:13 812 - Entered value Rosia in FirstName</small> </font> </div>
<div class="test-event"> <font color="maroon"> <small> &emsp; &emsp;--- 25 Jan 13:46:14 218 - Entered value Little in LastName</small> </font> </div>
<div class="test-event"> <font color="maroon"> <small> &emsp; &emsp;--- 25 Jan 13:46:14 517 - Entered value 42 in Employeee Id</small> </font> </div>
<div class="test-event"> <font color="maroon"> <small> &emsp; &emsp;--- 25 Jan 13:46:14 548 - [[ChromeDriver: chrome on windows (643e45ed3b80fa704f01ce8546dae710)] -> css selector: div.oxd-grid-2 input[class*='oxd-input oxd-input']] displayed</small> </font> </div>
<div class="test-message">&emsp;Employee Id : 029142&emsp;<a href=".\ScreenShot\TC003_74.png" target="_blank" >[ScreenShot]</a></div>
<div class="test-event"> <font color="maroon"> <small> &emsp; &emsp;--- 25 Jan 13:46:15 044 - Webelement dimension: (100, 31)</small> </font> </div>
<div class="test-event"> <font color="maroon"> <small> &emsp; &emsp;--- 25 Jan 13:46:15 099 - Clicked on Save button</small> </font> </div>
<div class="test-event"> <font color="maroon"> <small> &emsp; &emsp;--- 25 Jan 13:46:15 714 - [[ChromeDriver: chrome on windows (643e45ed3b80fa704f01ce8546dae710)] -> css selector: div[class*='oxd-toast--success']] displayed</small> </font> </div>
<div class="test-event"> <font color="maroon"> <small> &emsp; &emsp;--- 25 Jan 13:46:15 762 - Employee List Element displayed</small> </font> </div>
<div class="test-event"> <font color="maroon"> <small> &emsp; &emsp;--- 25 Jan 13:46:15 788 - Webelement dimension: (76, 16)</small> </font> </div>
<div class="test-event"> <font color="maroon"> <small> &emsp; &emsp;--- 25 Jan 13:46:16 462 - Clicked on Employee List</small> </font> </div>
<div class="test-message">&emsp;Nav menu : Employee List selected&emsp;<a href=".\ScreenShot\TC003_75.png" target="_blank" >[ScreenShot]</a></div>
<div class="test-message">&emsp;Employee Name: Rosia Little selected&emsp;<a href=".\ScreenShot\TC003_76.png" target="_blank" >[ScreenShot]</a></div>
<div class="test-event"> <font color="maroon"> <small> &emsp; &emsp;--- 25 Jan 13:46:22 118 - Options Element displayed</small> </font> </div>
<div class="test-event"> <font color="maroon"> <small> &emsp; &emsp;--- 25 Jan 13:46:22 137 - Options elements displayed size: 1</small> </font> </div>
<div class="test-event"> <font color="maroon"> <small> &emsp; &emsp;--- 25 Jan 13:46:22 159 - Webelement dimension: (391, 35)</small> </font> </div>
<div class="test-event"> <font color="maroon"> <small> &emsp; &emsp;--- 25 Jan 13:46:22 219 - Clicked on Option field</small> </font> </div>
<div class="test-event"> <font color="maroon"> <small> &emsp; &emsp;--- 25 Jan 13:46:22 249 - Employee Id Element displayed</small> </font> </div>
<div class="test-event"> <font color="maroon"> <small> &emsp; &emsp;--- 25 Jan 13:46:22 551 - Entered value 029142 in Employee Id</small> </font> </div>
<div class="test-event"> <font color="maroon"> <small> &emsp; &emsp;--- 25 Jan 13:46:22 569 - Webelement dimension: (107, 31)</small> </font> </div>
<div class="test-event"> <font color="maroon"> <small> &emsp; &emsp;--- 25 Jan 13:46:22 639 - Clicked on Search button</small> </font> </div>
<div class="test-event"> <font color="maroon"> <small> &emsp; &emsp;--- 25 Jan 13:46:23 194 - Table rows Element displayed</small> </font> </div>
<div class="test-event"> <font color="maroon"> <small> &emsp; &emsp;--- 25 Jan 13:46:23 231 - Table rows elements displayed size: 1</small> </font> </div>
<div class="test-event"> <font color="maroon"> <small> &emsp; &emsp;--- 25 Jan 13:46:23 287 - [[ChromeDriver: chrome on windows (643e45ed3b80fa704f01ce8546dae710)] -> xpath: //span[text()='(1) Record Found']] displayed</small> </font> </div>
<div class="test-event"> <font color="maroon"> <small> &emsp; &emsp;--- 25 Jan 13:46:23 372 - Text value displayed for Table field : 029142</small> </font> </div>
<div class="test-event"> <font color="maroon"> <small> &emsp; &emsp;--- 25 Jan 13:46:23 419 - Text value displayed for Table field : Rosia</small> </font> </div>
<div class="test-event"> <font color="maroon"> <small> &emsp; &emsp;--- 25 Jan 13:46:23 459 - Text value displayed for Table field : Little</small> </font> </div>
<div class="test-message">&emsp;Employee Details is verified successfully&emsp;<a href=".\ScreenShot\TC003_77.png" target="_blank" >[ScreenShot]</a></div>
<div class="test-event"> <font color="maroon"> <small> &emsp; &emsp;--- 25 Jan 13:46:23 964 - Webelement dimension: (1710, 46)</small> </font> </div>
<div class="test-event"> <font color="maroon"> <small> &emsp; &emsp;--- 25 Jan 13:46:24 915 - Clicked on Employee row</small> </font> </div>
<div class="test-event"> <font color="maroon"> <small> &emsp; &emsp;--- 25 Jan 13:46:24 938 - Page URL:: https://opensource-demo.orangehrmlive.com/web/index.php/pim/viewpersonaldetails/empnumber/90</small> </font> </div>
<div class="test-event"> <font color="maroon"> <small> &emsp; &emsp;--- 25 Jan 13:46:24 939 - <b>0</b> - Page Load Wait: (Sync) - com.OrangeHRM.utils.WaitUtils.waitForPageLoad(WaitUtils.java:50)</small> </font> </div>
<div class="test-event"> <font color="maroon"> <small> &emsp; &emsp;--- 25 Jan 13:46:26 234 - [[ChromeDriver: chrome on windows (643e45ed3b80fa704f01ce8546dae710)] -> css selector: div[class='orangehrm-edit-employee-name']] displayed</small> </font> </div>
<div class="test-result"><br><font color="green"><strong> Test Passed. </strong></font> </div>&emsp;
<div class="test-event"> <font color="maroon"> <small> &emsp; &emsp;--- 25 Jan 13:46:26 235 - WebDriver session: ChromeDriver: chrome on windows (643e45ed3b80fa704f01ce8546dae710)</small> </font> </div>
<div class="test-event"> <font color="maroon"> <small> &emsp; &emsp;--- 25 Jan 13:46:26 492 - TestCaseID:: TC004</small> </font> </div>
<div class="test-event"> <font color="maroon"> <small> &emsp; &emsp;--- 25 Jan 13:46:27 486 - <b>0</b> - Driver::initialize::Get - com.OrangeHRM.utils.WebDriverFactory.getDriver(WebDriverFactory.java:767)</small> </font> </div>
<div class="test-event"> <font color="maroon"> <small> &emsp; &emsp;--- 25 Jan 13:46:27 487 - WebDriver session: ChromeDriver: chrome on windows (4281629ad73e75f977f03aca1687e05f)</small> </font> </div>
&emsp;<div class="test-title"> <strong><font size = "3" color = "#000080">Add employee personal details</font> </strong> </div>&emsp;<div><strong>Steps:</strong></div><!-- Report -->&emsp;
<div class="test-event"> <font color="maroon"> <small> &emsp; &emsp;--- 25 Jan 13:46:27 488 - Fetching test data from excel sheet</small> </font> </div>
<div class="test-event"> <font color="maroon"> <small> &emsp; &emsp;--- 25 Jan 13:46:33 319 - Entered value Admin in Username field</small> </font> </div>
<div class="test-event"> <font color="maroon"> <small> &emsp; &emsp;--- 25 Jan 13:46:33 670 - Entered value admin123 in Password field</small> </font> </div>
<div class="test-event"> <font color="maroon"> <small> &emsp; &emsp;--- 25 Jan 13:46:33 719 - Webelement dimension: (485, 46)</small> </font> </div>
<div class="test-event"> <font color="maroon"> <small> &emsp; &emsp;--- 25 Jan 13:46:35 010 - Clicked on Login button</small> </font> </div>
<div class="test-message">&emsp;Login to Application&emsp;<a href=".\ScreenShot\TC004_78.png" target="_blank" >[ScreenShot]</a></div>
<div class="test-event"> <font color="maroon"> <small> &emsp; &emsp;--- 25 Jan 13:46:35 466 - Page URL:: https://opensource-demo.orangehrmlive.com/web/index.php/dashboard/index</small> </font> </div>
<div class="test-event"> <font color="maroon"> <small> &emsp; &emsp;--- 25 Jan 13:46:35 466 - <b>0</b> - Page Load Wait: (Sync) - com.OrangeHRM.utils.WaitUtils.waitForPageLoad(WaitUtils.java:50)</small> </font> </div>
<div class="test-event"> <font color="maroon"> <small> &emsp; &emsp;--- 25 Jan 13:46:35 511 - [[ChromeDriver: chrome on windows (4281629ad73e75f977f03aca1687e05f)] -> css selector: p[class*='orangehrm-copyright']] displayed</small> </font> </div>
<div class="test-event"> <font color="maroon"> <small> &emsp; &emsp;--- 25 Jan 13:46:35 545 - [[ChromeDriver: chrome on windows (4281629ad73e75f977f03aca1687e05f)] -> css selector: span[class*='oxd-main-menu-item--name']] displayed</small> </font> </div>
<div class="test-event"> <font color="maroon"> <small> &emsp; &emsp;--- 25 Jan 13:46:35 586 - PIM Element displayed</small> </font> </div>
<div class="test-event"> <font color="maroon"> <small> &emsp; &emsp;--- 25 Jan 13:46:35 613 - Webelement dimension: (39, 19)</small> </font> </div>
<div class="test-event"> <font color="maroon"> <small> &emsp; &emsp;--- 25 Jan 13:46:37 081 - Clicked on PIM</small> </font> </div>
<div class="test-message">&emsp;Main menu : PIM selected&emsp;<a href=".\ScreenShot\TC004_79.png" target="_blank" >[ScreenShot]</a></div>
<div class="test-event"> <font color="maroon"> <small> &emsp; &emsp;--- 25 Jan 13:46:37 649 - Page URL:: https://opensource-demo.orangehrmlive.com/web/index.php/pim/viewemployeelist</small> </font> </div>
<div class="test-event"> <font color="maroon"> <small> &emsp; &emsp;--- 25 Jan 13:46:37 651 - <b>0</b> - Page Load Wait: (Sync) - com.OrangeHRM.utils.WaitUtils.waitForPageLoad(WaitUtils.java:50)</small> </font> </div>
<div class="test-event"> <font color="maroon"> <small> &emsp; &emsp;--- 25 Jan 13:46:37 702 - [[ChromeDriver: chrome on windows (4281629ad73e75f977f03aca1687e05f)] -> css selector: h6[class*='oxd-topbar-header']] displayed</small> </font> </div>
<div class="test-event"> <font color="maroon"> <small> &emsp; &emsp;--- 25 Jan 13:46:37 731 - Webelement dimension: (109, 30)</small> </font> </div>
<div class="test-event"> <font color="maroon"> <small> &emsp; &emsp;--- 25 Jan 13:46:38 563 - Clicked on Add button</small> </font> </div>
<div class="test-event"> <font color="maroon"> <small> &emsp; &emsp;--- 25 Jan 13:46:39 503 - Entered value Jared in FirstName</small> </font> </div>
<div class="test-event"> <font color="maroon"> <small> &emsp; &emsp;--- 25 Jan 13:46:39 799 - Entered value Kihn in LastName</small> </font> </div>
<div class="test-event"> <font color="maroon"> <small> &emsp; &emsp;--- 25 Jan 13:46:40 138 - Entered value 92 in Employeee Id</small> </font> </div>
<div class="test-event"> <font color="maroon"> <small> &emsp; &emsp;--- 25 Jan 13:46:40 167 - [[ChromeDriver: chrome on windows (4281629ad73e75f977f03aca1687e05f)] -> css selector: div.oxd-grid-2 input[class*='oxd-input oxd-input']] displayed</small> </font> </div>
<div class="test-message">&emsp;Employee Id : 029292&emsp;<a href=".\ScreenShot\TC004_80.png" target="_blank" >[ScreenShot]</a></div>
<div class="test-event"> <font color="maroon"> <small> &emsp; &emsp;--- 25 Jan 13:46:40 727 - Webelement dimension: (100, 31)</small> </font> </div>
<div class="test-event"> <font color="maroon"> <small> &emsp; &emsp;--- 25 Jan 13:46:40 777 - Clicked on Save button</small> </font> </div>
<div class="test-event"> <font color="maroon"> <small> &emsp; &emsp;--- 25 Jan 13:46:41 389 - [[ChromeDriver: chrome on windows (4281629ad73e75f977f03aca1687e05f)] -> css selector: div[class*='oxd-toast--success']] displayed</small> </font> </div>
<div class="test-event"> <font color="maroon"> <small> &emsp; &emsp;--- 25 Jan 13:46:41 447 - Employee List Element displayed</small> </font> </div>
<div class="test-event"> <font color="maroon"> <small> &emsp; &emsp;--- 25 Jan 13:46:41 483 - Webelement dimension: (76, 16)</small> </font> </div>
<div class="test-event"> <font color="maroon"> <small> &emsp; &emsp;--- 25 Jan 13:46:42 120 - Clicked on Employee List</small> </font> </div>
<div class="test-message">&emsp;Nav menu : Employee List selected&emsp;<a href=".\ScreenShot\TC004_81.png" target="_blank" >[ScreenShot]</a></div>
<div class="test-message">&emsp;Employee Name: Jared Kihn selected&emsp;<a href=".\ScreenShot\TC004_82.png" target="_blank" >[ScreenShot]</a></div>
<div class="test-event"> <font color="maroon"> <small> &emsp; &emsp;--- 25 Jan 13:46:47 666 - Options Element displayed</small> </font> </div>
<div class="test-event"> <font color="maroon"> <small> &emsp; &emsp;--- 25 Jan 13:46:47 681 - Options elements displayed size: 1</small> </font> </div>
<div class="test-event"> <font color="maroon"> <small> &emsp; &emsp;--- 25 Jan 13:46:47 696 - Webelement dimension: (391, 35)</small> </font> </div>
<div class="test-event"> <font color="maroon"> <small> &emsp; &emsp;--- 25 Jan 13:46:47 754 - Clicked on Option field</small> </font> </div>
<div class="test-event"> <font color="maroon"> <small> &emsp; &emsp;--- 25 Jan 13:46:47 777 - Employee Id Element displayed</small> </font> </div>
<div class="test-event"> <font color="maroon"> <small> &emsp; &emsp;--- 25 Jan 13:46:48 053 - Entered value 029292 in Employee Id</small> </font> </div>
<div class="test-event"> <font color="maroon"> <small> &emsp; &emsp;--- 25 Jan 13:46:48 069 - Webelement dimension: (107, 31)</small> </font> </div>
<div class="test-event"> <font color="maroon"> <small> &emsp; &emsp;--- 25 Jan 13:46:48 134 - Clicked on Search button</small> </font> </div>
<div class="test-event"> <font color="maroon"> <small> &emsp; &emsp;--- 25 Jan 13:46:48 690 - Table rows Element displayed</small> </font> </div>
<div class="test-event"> <font color="maroon"> <small> &emsp; &emsp;--- 25 Jan 13:46:48 715 - Table rows elements displayed size: 1</small> </font> </div>
<div class="test-event"> <font color="maroon"> <small> &emsp; &emsp;--- 25 Jan 13:46:48 747 - [[ChromeDriver: chrome on windows (4281629ad73e75f977f03aca1687e05f)] -> xpath: //span[text()='(1) Record Found']] displayed</small> </font> </div>
<div class="test-event"> <font color="maroon"> <small> &emsp; &emsp;--- 25 Jan 13:46:48 817 - Text value displayed for Table field : 029292</small> </font> </div>
<div class="test-event"> <font color="maroon"> <small> &emsp; &emsp;--- 25 Jan 13:46:48 861 - Text value displayed for Table field : Jared</small> </font> </div>
<div class="test-event"> <font color="maroon"> <small> &emsp; &emsp;--- 25 Jan 13:46:48 899 - Text value displayed for Table field : Kihn</small> </font> </div>
<div class="test-message">&emsp;Employee Details is verified successfully&emsp;<a href=".\ScreenShot\TC004_83.png" target="_blank" >[ScreenShot]</a></div>
<div class="test-event"> <font color="maroon"> <small> &emsp; &emsp;--- 25 Jan 13:46:49 455 - Webelement dimension: (1710, 46)</small> </font> </div>
<div class="test-event"> <font color="maroon"> <small> &emsp; &emsp;--- 25 Jan 13:46:50 435 - Clicked on Employee row</small> </font> </div>
<div class="test-event"> <font color="maroon"> <small> &emsp; &emsp;--- 25 Jan 13:46:50 461 - Page URL:: https://opensource-demo.orangehrmlive.com/web/index.php/pim/viewpersonaldetails/empnumber/91</small> </font> </div>
<div class="test-event"> <font color="maroon"> <small> &emsp; &emsp;--- 25 Jan 13:46:50 461 - <b>0</b> - Page Load Wait: (Sync) - com.OrangeHRM.utils.WaitUtils.waitForPageLoad(WaitUtils.java:50)</small> </font> </div>
<div class="test-event"> <font color="maroon"> <small> &emsp; &emsp;--- 25 Jan 13:46:51 626 - [[ChromeDriver: chrome on windows (4281629ad73e75f977f03aca1687e05f)] -> css selector: div[class='orangehrm-edit-employee-name']] displayed</small> </font> </div>
<div class="test-event"> <font color="maroon"> <small> &emsp; &emsp;--- 25 Jan 13:46:51 678 - Nationality Element displayed</small> </font> </div>
<div class="test-event"> <font color="maroon"> <small> &emsp; &emsp;--- 25 Jan 13:46:51 707 - Webelement dimension: (468, 45)</small> </font> </div>
<div class="test-event"> <font color="maroon"> <small> &emsp; &emsp;--- 25 Jan 13:46:52 460 - Clicked on Nationality</small> </font> </div>
<div class="test-event"> <font color="maroon"> <small> &emsp; &emsp;--- 25 Jan 13:46:52 519 - Options elements displayed: 193</small> </font> </div>
<div class="test-event"> <font color="maroon"> <small> &emsp; &emsp;--- 25 Jan 13:46:52 555 - Options elements displayed size: 193</small> </font> </div>
<div class="test-event"> <font color="maroon"> <small> &emsp; &emsp;--- 25 Jan 13:46:53 184 - Webelement dimension: (43, 16)</small> </font> </div>
<div class="test-event"> <font color="maroon"> <small> &emsp; &emsp;--- 25 Jan 13:46:53 236 - Clicked on German</small> </font> </div>
<div class="test-message">&emsp;Nationality: German selected&emsp;<a href=".\ScreenShot\TC004_84.png" target="_blank" >[ScreenShot]</a></div>
<div class="test-message">&emsp;Nationality: German selected&emsp;<a href=".\ScreenShot\TC004_85.png" target="_blank" >[ScreenShot]</a></div>
<div class="test-event"> <font color="maroon"> <small> &emsp; &emsp;--- 25 Jan 13:46:54 158 - Marital Status Element displayed</small> </font> </div>
<div class="test-event"> <font color="maroon"> <small> &emsp; &emsp;--- 25 Jan 13:46:54 179 - Webelement dimension: (468, 45)</small> </font> </div>
<div class="test-event"> <font color="maroon"> <small> &emsp; &emsp;--- 25 Jan 13:46:54 220 - Clicked on Marital Status</small> </font> </div>
<div class="test-event"> <font color="maroon"> <small> &emsp; &emsp;--- 25 Jan 13:46:54 238 - Options elements displayed: 3</small> </font> </div>
<div class="test-event"> <font color="maroon"> <small> &emsp; &emsp;--- 25 Jan 13:46:54 260 - Options elements displayed size: 3</small> </font> </div>
<div class="test-event"> <font color="maroon"> <small> &emsp; &emsp;--- 25 Jan 13:46:54 303 - Webelement dimension: (41, 16)</small> </font> </div>
<div class="test-event"> <font color="maroon"> <small> &emsp; &emsp;--- 25 Jan 13:46:54 368 - Clicked on Married</small> </font> </div>
<div class="test-message">&emsp;Marital Status: Married selected&emsp;<a href=".\ScreenShot\TC004_86.png" target="_blank" >[ScreenShot]</a></div>
<div class="test-message">&emsp;Marital Status: Married selected&emsp;<a href=".\ScreenShot\TC004_87.png" target="_blank" >[ScreenShot]</a></div>
<div class="test-event"> <font color="maroon"> <small> &emsp; &emsp;--- 25 Jan 13:46:55 461 - Date of Birth Element displayed</small> </font> </div>
<div class="test-event"> <font color="maroon"> <small> &emsp; &emsp;--- 25 Jan 13:46:55 874 - Entered value 1967-05-15 in Date of Birth</small> </font> </div>
<div class="test-message">&emsp;Date of Birth: 1967-05-15 selected&emsp;<a href=".\ScreenShot\TC004_88.png" target="_blank" >[ScreenShot]</a></div>
<div class="test-event"> <font color="maroon"> <small> &emsp; &emsp;--- 25 Jan 13:46:56 352 - Gender Element displayed</small> </font> </div>
<div class="test-event"> <font color="maroon"> <small> &emsp; &emsp;--- 25 Jan 13:46:56 393 - Webelement dimension: (17, 17)</small> </font> </div>
<div class="test-event"> <font color="maroon"> <small> &emsp; &emsp;--- 25 Jan 13:46:56 502 - Clicked on Gender</small> </font> </div>
<div class="test-event"> <font color="maroon"> <small> &emsp; &emsp;--- 25 Jan 13:46:56 556 - Webelement dimension: (100, 30)</small> </font> </div>
<div class="test-event"> <font color="maroon"> <small> &emsp; &emsp;--- 25 Jan 13:46:56 711 - Clicked on Save Employee details</small> </font> </div>
<div class="test-event"> <font color="maroon"> <small> &emsp; &emsp;--- 25 Jan 13:46:57 330 - [[ChromeDriver: chrome on windows (4281629ad73e75f977f03aca1687e05f)] -> css selector: div[class*='oxd-toast--success']] displayed</small> </font> </div>
<div class="test-event"> <font color="maroon"> <small> &emsp; &emsp;--- 25 Jan 13:46:57 358 - Page URL:: https://opensource-demo.orangehrmlive.com/web/index.php/pim/viewpersonaldetails/empnumber/91</small> </font> </div>
<div class="test-event"> <font color="maroon"> <small> &emsp; &emsp;--- 25 Jan 13:46:57 358 - <b>0</b> - Page Load Wait: (Sync) - com.OrangeHRM.utils.WaitUtils.waitForPageLoad(WaitUtils.java:50)</small> </font> </div>
<div class="test-event"> <font color="maroon"> <small> &emsp; &emsp;--- 25 Jan 13:46:57 392 - [[ChromeDriver: chrome on windows (4281629ad73e75f977f03aca1687e05f)] -> css selector: h6[class*='oxd-topbar-header']] displayed</small> </font> </div>
<div class="test-event"> <font color="maroon"> <small> &emsp; &emsp;--- 25 Jan 13:46:57 428 - Blood Type Element displayed</small> </font> </div>
<div class="test-event"> <font color="maroon"> <small> &emsp; &emsp;--- 25 Jan 13:46:57 448 - Webelement dimension: (468, 45)</small> </font> </div>
<div class="test-event"> <font color="maroon"> <small> &emsp; &emsp;--- 25 Jan 13:46:57 494 - Clicked on Blood Type</small> </font> </div>
<div class="test-event"> <font color="maroon"> <small> &emsp; &emsp;--- 25 Jan 13:46:57 519 - Options elements displayed: 8</small> </font> </div>
<div class="test-event"> <font color="maroon"> <small> &emsp; &emsp;--- 25 Jan 13:46:57 543 - Options elements displayed size: 8</small> </font> </div>
<div class="test-event"> <font color="maroon"> <small> &emsp; &emsp;--- 25 Jan 13:46:57 623 - Webelement dimension: (14, 16)</small> </font> </div>
<div class="test-event"> <font color="maroon"> <small> &emsp; &emsp;--- 25 Jan 13:46:57 670 - Clicked on O-</small> </font> </div>
<div class="test-message">&emsp;Blood Type: O- selected&emsp;<a href=".\ScreenShot\TC004_89.png" target="_blank" >[ScreenShot]</a></div>
<div class="test-message">&emsp;Blood Type: O- selected&emsp;<a href=".\ScreenShot\TC004_90.png" target="_blank" >[ScreenShot]</a></div>
<div class="test-event"> <font color="maroon"> <small> &emsp; &emsp;--- 25 Jan 13:46:58 713 - Webelement dimension: (100, 30)</small> </font> </div>
<div class="test-event"> <font color="maroon"> <small> &emsp; &emsp;--- 25 Jan 13:46:58 773 - Clicked on Save Employee Custom fields</small> </font> </div>
<div class="test-event"> <font color="maroon"> <small> &emsp; &emsp;--- 25 Jan 13:46:58 812 - [[ChromeDriver: chrome on windows (4281629ad73e75f977f03aca1687e05f)] -> css selector: div[class*='oxd-toast--success']] displayed</small> </font> </div>
<div class="test-event"> <font color="maroon"> <small> &emsp; &emsp;--- 25 Jan 13:46:58 832 - Page URL:: https://opensource-demo.orangehrmlive.com/web/index.php/pim/viewpersonaldetails/empnumber/91</small> </font> </div>
<div class="test-event"> <font color="maroon"> <small> &emsp; &emsp;--- 25 Jan 13:46:58 832 - <b>0</b> - Page Load Wait: (Sync) - com.OrangeHRM.utils.WaitUtils.waitForPageLoad(WaitUtils.java:50)</small> </font> </div>
<div class="test-event"> <font color="maroon"> <small> &emsp; &emsp;--- 25 Jan 13:46:58 873 - [[ChromeDriver: chrome on windows (4281629ad73e75f977f03aca1687e05f)] -> css selector: h6[class*='oxd-topbar-header']] displayed</small> </font> </div>
<div class="test-result"><br><font color="green"><strong> Test Passed. </strong></font> </div>&emsp;
<div class="test-event"> <font color="maroon"> <small> &emsp; &emsp;--- 25 Jan 13:46:58 874 - WebDriver session: ChromeDriver: chrome on windows (4281629ad73e75f977f03aca1687e05f)</small> </font> </div>
<div class="test-event"> <font color="maroon"> <small> &emsp; &emsp;--- 25 Jan 13:46:59 124 - TestCaseID:: TC005</small> </font> </div>
<div class="test-event"> <font color="maroon"> <small> &emsp; &emsp;--- 25 Jan 13:47:00 103 - <b>0</b> - Driver::initialize::Get - com.OrangeHRM.utils.WebDriverFactory.getDriver(WebDriverFactory.java:767)</small> </font> </div>
<div class="test-event"> <font color="maroon"> <small> &emsp; &emsp;--- 25 Jan 13:47:00 103 - WebDriver session: ChromeDriver: chrome on windows (961c63f637be08f943db0e2a2bbc2c83)</small> </font> </div>
&emsp;<div class="test-title"> <strong><font size = "3" color = "#000080">Add employee contact details</font> </strong> </div>&emsp;<div><strong>Steps:</strong></div><!-- Report -->&emsp;
<div class="test-event"> <font color="maroon"> <small> &emsp; &emsp;--- 25 Jan 13:47:00 104 - Fetching test data from excel sheet</small> </font> </div>
<div class="test-event"> <font color="maroon"> <small> &emsp; &emsp;--- 25 Jan 13:47:06 934 - Entered value Admin in Username field</small> </font> </div>
<div class="test-event"> <font color="maroon"> <small> &emsp; &emsp;--- 25 Jan 13:47:07 335 - Entered value admin123 in Password field</small> </font> </div>
<div class="test-event"> <font color="maroon"> <small> &emsp; &emsp;--- 25 Jan 13:47:07 363 - Webelement dimension: (485, 46)</small> </font> </div>
<div class="test-event"> <font color="maroon"> <small> &emsp; &emsp;--- 25 Jan 13:47:07 447 - Clicked on Login button</small> </font> </div>
<div class="test-message">&emsp;Login to Application&emsp;<a href=".\ScreenShot\TC005_91.png" target="_blank" >[ScreenShot]</a></div>
<div class="test-event"> <font color="maroon"> <small> &emsp; &emsp;--- 25 Jan 13:47:09 680 - Page URL:: https://opensource-demo.orangehrmlive.com/web/index.php/dashboard/index</small> </font> </div>
<div class="test-event"> <font color="maroon"> <small> &emsp; &emsp;--- 25 Jan 13:47:09 680 - <b>0</b> - Page Load Wait: (Sync) - com.OrangeHRM.utils.WaitUtils.waitForPageLoad(WaitUtils.java:50)</small> </font> </div>
<div class="test-event"> <font color="maroon"> <small> &emsp; &emsp;--- 25 Jan 13:47:09 717 - [[ChromeDriver: chrome on windows (961c63f637be08f943db0e2a2bbc2c83)] -> css selector: p[class*='orangehrm-copyright']] displayed</small> </font> </div>
<div class="test-event"> <font color="maroon"> <small> &emsp; &emsp;--- 25 Jan 13:47:09 753 - [[ChromeDriver: chrome on windows (961c63f637be08f943db0e2a2bbc2c83)] -> css selector: span[class*='oxd-main-menu-item--name']] displayed</small> </font> </div>
<div class="test-event"> <font color="maroon"> <small> &emsp; &emsp;--- 25 Jan 13:47:09 789 - PIM Element displayed</small> </font> </div>
<div class="test-event"> <font color="maroon"> <small> &emsp; &emsp;--- 25 Jan 13:47:09 811 - Webelement dimension: (39, 19)</small> </font> </div>
<div class="test-event"> <font color="maroon"> <small> &emsp; &emsp;--- 25 Jan 13:47:11 442 - Clicked on PIM</small> </font> </div>
<div class="test-message">&emsp;Main menu : PIM selected&emsp;<a href=".\ScreenShot\TC005_92.png" target="_blank" >[ScreenShot]</a></div>
<div class="test-event"> <font color="maroon"> <small> &emsp; &emsp;--- 25 Jan 13:47:12 059 - Page URL:: https://opensource-demo.orangehrmlive.com/web/index.php/pim/viewemployeelist</small> </font> </div>
<div class="test-event"> <font color="maroon"> <small> &emsp; &emsp;--- 25 Jan 13:47:12 059 - <b>0</b> - Page Load Wait: (Sync) - com.OrangeHRM.utils.WaitUtils.waitForPageLoad(WaitUtils.java:50)</small> </font> </div>
<div class="test-event"> <font color="maroon"> <small> &emsp; &emsp;--- 25 Jan 13:47:12 089 - [[ChromeDriver: chrome on windows (961c63f637be08f943db0e2a2bbc2c83)] -> css selector: h6[class*='oxd-topbar-header']] displayed</small> </font> </div>
<div class="test-event"> <font color="maroon"> <small> &emsp; &emsp;--- 25 Jan 13:47:12 111 - Webelement dimension: (109, 30)</small> </font> </div>
<div class="test-event"> <font color="maroon"> <small> &emsp; &emsp;--- 25 Jan 13:47:12 828 - Clicked on Add button</small> </font> </div>
<div class="test-event"> <font color="maroon"> <small> &emsp; &emsp;--- 25 Jan 13:47:13 714 - Entered value Sandie in FirstName</small> </font> </div>
<div class="test-event"> <font color="maroon"> <small> &emsp; &emsp;--- 25 Jan 13:47:14 084 - Entered value Walter in LastName</small> </font> </div>
<div class="test-event"> <font color="maroon"> <small> &emsp; &emsp;--- 25 Jan 13:47:14 427 - Entered value 78 in Employeee Id</small> </font> </div>
<div class="test-event"> <font color="maroon"> <small> &emsp; &emsp;--- 25 Jan 13:47:14 455 - [[ChromeDriver: chrome on windows (961c63f637be08f943db0e2a2bbc2c83)] -> css selector: div.oxd-grid-2 input[class*='oxd-input oxd-input']] displayed</small> </font> </div>
<div class="test-message">&emsp;Employee Id : 029578&emsp;<a href=".\ScreenShot\TC005_93.png" target="_blank" >[ScreenShot]</a></div>
<div class="test-event"> <font color="maroon"> <small> &emsp; &emsp;--- 25 Jan 13:47:14 985 - Webelement dimension: (100, 31)</small> </font> </div>
<div class="test-event"> <font color="maroon"> <small> &emsp; &emsp;--- 25 Jan 13:47:15 042 - Clicked on Save button</small> </font> </div>
<div class="test-event"> <font color="maroon"> <small> &emsp; &emsp;--- 25 Jan 13:47:15 944 - [[ChromeDriver: chrome on windows (961c63f637be08f943db0e2a2bbc2c83)] -> css selector: div[class*='oxd-toast--success']] displayed</small> </font> </div>
<div class="test-event"> <font color="maroon"> <small> &emsp; &emsp;--- 25 Jan 13:47:15 986 - Employee List Element displayed</small> </font> </div>
<div class="test-event"> <font color="maroon"> <small> &emsp; &emsp;--- 25 Jan 13:47:16 006 - Webelement dimension: (76, 16)</small> </font> </div>
<div class="test-event"> <font color="maroon"> <small> &emsp; &emsp;--- 25 Jan 13:47:16 558 - Clicked on Employee List</small> </font> </div>
<div class="test-message">&emsp;Nav menu : Employee List selected&emsp;<a href=".\ScreenShot\TC005_94.png" target="_blank" >[ScreenShot]</a></div>
<div class="test-message">&emsp;Employee Name: Sandie Walter selected&emsp;<a href=".\ScreenShot\TC005_95.png" target="_blank" >[ScreenShot]</a></div>
<div class="test-event"> <font color="maroon"> <small> &emsp; &emsp;--- 25 Jan 13:47:22 303 - Options Element displayed</small> </font> </div>
<div class="test-event"> <font color="maroon"> <small> &emsp; &emsp;--- 25 Jan 13:47:22 320 - Options elements displayed size: 1</small> </font> </div>
<div class="test-event"> <font color="maroon"> <small> &emsp; &emsp;--- 25 Jan 13:47:22 337 - Webelement dimension: (391, 35)</small> </font> </div>
<div class="test-event"> <font color="maroon"> <small> &emsp; &emsp;--- 25 Jan 13:47:22 389 - Clicked on Option field</small> </font> </div>
<div class="test-event"> <font color="maroon"> <small> &emsp; &emsp;--- 25 Jan 13:47:22 416 - Employee Id Element displayed</small> </font> </div>
<div class="test-event"> <font color="maroon"> <small> &emsp; &emsp;--- 25 Jan 13:47:22 674 - Entered value 029578 in Employee Id</small> </font> </div>
<div class="test-event"> <font color="maroon"> <small> &emsp; &emsp;--- 25 Jan 13:47:22 693 - Webelement dimension: (107, 31)</small> </font> </div>
<div class="test-event"> <font color="maroon"> <small> &emsp; &emsp;--- 25 Jan 13:47:22 758 - Clicked on Search button</small> </font> </div>
<div class="test-event"> <font color="maroon"> <small> &emsp; &emsp;--- 25 Jan 13:47:23 307 - Table rows Element displayed</small> </font> </div>
<div class="test-event"> <font color="maroon"> <small> &emsp; &emsp;--- 25 Jan 13:47:23 335 - Table rows elements displayed size: 1</small> </font> </div>
<div class="test-event"> <font color="maroon"> <small> &emsp; &emsp;--- 25 Jan 13:47:23 371 - [[ChromeDriver: chrome on windows (961c63f637be08f943db0e2a2bbc2c83)] -> xpath: //span[text()='(1) Record Found']] displayed</small> </font> </div>
<div class="test-event"> <font color="maroon"> <small> &emsp; &emsp;--- 25 Jan 13:47:23 472 - Text value displayed for Table field : 029578</small> </font> </div>
<div class="test-event"> <font color="maroon"> <small> &emsp; &emsp;--- 25 Jan 13:47:23 550 - Text value displayed for Table field : Sandie</small> </font> </div>
<div class="test-event"> <font color="maroon"> <small> &emsp; &emsp;--- 25 Jan 13:47:23 607 - Text value displayed for Table field : Walter</small> </font> </div>
<div class="test-message">&emsp;Employee Details is verified successfully&emsp;<a href=".\ScreenShot\TC005_96.png" target="_blank" >[ScreenShot]</a></div>
<div class="test-event"> <font color="maroon"> <small> &emsp; &emsp;--- 25 Jan 13:47:24 077 - Webelement dimension: (1710, 46)</small> </font> </div>
<div class="test-event"> <font color="maroon"> <small> &emsp; &emsp;--- 25 Jan 13:47:25 070 - Clicked on Employee row</small> </font> </div>
<div class="test-event"> <font color="maroon"> <small> &emsp; &emsp;--- 25 Jan 13:47:25 093 - Page URL:: https://opensource-demo.orangehrmlive.com/web/index.php/pim/viewpersonaldetails/empnumber/95</small> </font> </div>
<div class="test-event"> <font color="maroon"> <small> &emsp; &emsp;--- 25 Jan 13:47:25 093 - <b>0</b> - Page Load Wait: (Sync) - com.OrangeHRM.utils.WaitUtils.waitForPageLoad(WaitUtils.java:50)</small> </font> </div>
<div class="test-event"> <font color="maroon"> <small> &emsp; &emsp;--- 25 Jan 13:47:26 292 - [[ChromeDriver: chrome on windows (961c63f637be08f943db0e2a2bbc2c83)] -> css selector: div[class='orangehrm-edit-employee-name']] displayed</small> </font> </div>
<div class="test-event"> <font color="maroon"> <small> &emsp; &emsp;--- 25 Jan 13:47:26 326 - Nationality Element displayed</small> </font> </div>
<div class="test-event"> <font color="maroon"> <small> &emsp; &emsp;--- 25 Jan 13:47:26 348 - Webelement dimension: (468, 45)</small> </font> </div>
<div class="test-event"> <font color="maroon"> <small> &emsp; &emsp;--- 25 Jan 13:47:27 058 - Clicked on Nationality</small> </font> </div>
<div class="test-event"> <font color="maroon"> <small> &emsp; &emsp;--- 25 Jan 13:47:27 108 - Options elements displayed: 193</small> </font> </div>
<div class="test-event"> <font color="maroon"> <small> &emsp; &emsp;--- 25 Jan 13:47:27 150 - Options elements displayed size: 193</small> </font> </div>
<div class="test-event"> <font color="maroon"> <small> &emsp; &emsp;--- 25 Jan 13:47:27 251 - Webelement dimension: (55, 16)</small> </font> </div>
<div class="test-event"> <font color="maroon"> <small> &emsp; &emsp;--- 25 Jan 13:47:27 301 - Clicked on Australian</small> </font> </div>
<div class="test-message">&emsp;Nationality: Australian selected&emsp;<a href=".\ScreenShot\TC005_97.png" target="_blank" >[ScreenShot]</a></div>
<div class="test-message">&emsp;Nationality: Australian selected&emsp;<a href=".\ScreenShot\TC005_98.png" target="_blank" >[ScreenShot]</a></div>
<div class="test-event"> <font color="maroon"> <small> &emsp; &emsp;--- 25 Jan 13:47:28 281 - Marital Status Element displayed</small> </font> </div>
<div class="test-event"> <font color="maroon"> <small> &emsp; &emsp;--- 25 Jan 13:47:28 300 - Webelement dimension: (468, 45)</small> </font> </div>
<div class="test-event"> <font color="maroon"> <small> &emsp; &emsp;--- 25 Jan 13:47:28 344 - Clicked on Marital Status</small> </font> </div>
<div class="test-event"> <font color="maroon"> <small> &emsp; &emsp;--- 25 Jan 13:47:28 364 - Options elements displayed: 3</small> </font> </div>
<div class="test-event"> <font color="maroon"> <small> &emsp; &emsp;--- 25 Jan 13:47:28 388 - Options elements displayed size: 3</small> </font> </div>
<div class="test-event"> <font color="maroon"> <small> &emsp; &emsp;--- 25 Jan 13:47:28 413 - Webelement dimension: (33, 16)</small> </font> </div>
<div class="test-event"> <font color="maroon"> <small> &emsp; &emsp;--- 25 Jan 13:47:28 468 - Clicked on Single</small> </font> </div>
<div class="test-message">&emsp;Marital Status: Single selected&emsp;<a href=".\ScreenShot\TC005_99.png" target="_blank" >[ScreenShot]</a></div>
<div class="test-message">&emsp;Marital Status: Single selected&emsp;<a href=".\ScreenShot\TC005_100.png" target="_blank" >[ScreenShot]</a></div>
<div class="test-event"> <font color="maroon"> <small> &emsp; &emsp;--- 25 Jan 13:47:29 629 - Date of Birth Element displayed</small> </font> </div>
<div class="test-event"> <font color="maroon"> <small> &emsp; &emsp;--- 25 Jan 13:47:30 013 - Entered value 2005-07-19 in Date of Birth</small> </font> </div>
<div class="test-message">&emsp;Date of Birth: 2005-07-19 selected&emsp;<a href=".\ScreenShot\TC005_101.png" target="_blank" >[ScreenShot]</a></div>
<div class="test-event"> <font color="maroon"> <small> &emsp; &emsp;--- 25 Jan 13:47:30 551 - Gender Element displayed</small> </font> </div>
<div class="test-event"> <font color="maroon"> <small> &emsp; &emsp;--- 25 Jan 13:47:30 577 - Webelement dimension: (17, 17)</small> </font> </div>
<div class="test-event"> <font color="maroon"> <small> &emsp; &emsp;--- 25 Jan 13:47:30 653 - Clicked on Gender</small> </font> </div>
<div class="test-event"> <font color="maroon"> <small> &emsp; &emsp;--- 25 Jan 13:47:30 726 - Webelement dimension: (100, 30)</small> </font> </div>
<div class="test-event"> <font color="maroon"> <small> &emsp; &emsp;--- 25 Jan 13:47:30 865 - Clicked on Save Employee details</small> </font> </div>
<div class="test-event"> <font color="maroon"> <small> &emsp; &emsp;--- 25 Jan 13:47:31 469 - [[ChromeDriver: chrome on windows (961c63f637be08f943db0e2a2bbc2c83)] -> css selector: div[class*='oxd-toast--success']] displayed</small> </font> </div>
<div class="test-event"> <font color="maroon"> <small> &emsp; &emsp;--- 25 Jan 13:47:31 490 - Page URL:: https://opensource-demo.orangehrmlive.com/web/index.php/pim/viewpersonaldetails/empnumber/95</small> </font> </div>
<div class="test-event"> <font color="maroon"> <small> &emsp; &emsp;--- 25 Jan 13:47:31 491 - <b>0</b> - Page Load Wait: (Sync) - com.OrangeHRM.utils.WaitUtils.waitForPageLoad(WaitUtils.java:50)</small> </font> </div>
<div class="test-event"> <font color="maroon"> <small> &emsp; &emsp;--- 25 Jan 13:47:31 527 - [[ChromeDriver: chrome on windows (961c63f637be08f943db0e2a2bbc2c83)] -> css selector: h6[class*='oxd-topbar-header']] displayed</small> </font> </div>
<div class="test-event"> <font color="maroon"> <small> &emsp; &emsp;--- 25 Jan 13:47:31 577 - Blood Type Element displayed</small> </font> </div>
<div class="test-event"> <font color="maroon"> <small> &emsp; &emsp;--- 25 Jan 13:47:31 603 - Webelement dimension: (468, 45)</small> </font> </div>
<div class="test-event"> <font color="maroon"> <small> &emsp; &emsp;--- 25 Jan 13:47:31 653 - Clicked on Blood Type</small> </font> </div>
<div class="test-event"> <font color="maroon"> <small> &emsp; &emsp;--- 25 Jan 13:47:31 687 - Options elements displayed: 8</small> </font> </div>
<div class="test-event"> <font color="maroon"> <small> &emsp; &emsp;--- 25 Jan 13:47:31 712 - Options elements displayed size: 8</small> </font> </div>
<div class="test-event"> <font color="maroon"> <small> &emsp; &emsp;--- 25 Jan 13:47:31 770 - Webelement dimension: (15, 16)</small> </font> </div>
<div class="test-event"> <font color="maroon"> <small> &emsp; &emsp;--- 25 Jan 13:47:31 834 - Clicked on B+</small> </font> </div>
<div class="test-message">&emsp;Blood Type: B+ selected&emsp;<a href=".\ScreenShot\TC005_102.png" target="_blank" >[ScreenShot]</a></div>
<div class="test-message">&emsp;Blood Type: B+ selected&emsp;<a href=".\ScreenShot\TC005_103.png" target="_blank" >[ScreenShot]</a></div>
<div class="test-event"> <font color="maroon"> <small> &emsp; &emsp;--- 25 Jan 13:47:32 821 - Webelement dimension: (100, 30)</small> </font> </div>
<div class="test-event"> <font color="maroon"> <small> &emsp; &emsp;--- 25 Jan 13:47:32 896 - Clicked on Save Employee Custom fields</small> </font> </div>
<div class="test-event"> <font color="maroon"> <small> &emsp; &emsp;--- 25 Jan 13:47:32 952 - [[ChromeDriver: chrome on windows (961c63f637be08f943db0e2a2bbc2c83)] -> css selector: div[class*='oxd-toast--success']] displayed</small> </font> </div>
<div class="test-event"> <font color="maroon"> <small> &emsp; &emsp;--- 25 Jan 13:47:32 975 - Page URL:: https://opensource-demo.orangehrmlive.com/web/index.php/pim/viewpersonaldetails/empnumber/95</small> </font> </div>
<div class="test-event"> <font color="maroon"> <small> &emsp; &emsp;--- 25 Jan 13:47:32 976 - <b>0</b> - Page Load Wait: (Sync) - com.OrangeHRM.utils.WaitUtils.waitForPageLoad(WaitUtils.java:50)</small> </font> </div>
<div class="test-event"> <font color="maroon"> <small> &emsp; &emsp;--- 25 Jan 13:47:33 016 - [[ChromeDriver: chrome on windows (961c63f637be08f943db0e2a2bbc2c83)] -> css selector: h6[class*='oxd-topbar-header']] displayed</small> </font> </div>
<div class="test-event"> <font color="maroon"> <small> &emsp; &emsp;--- 25 Jan 13:47:33 054 - Contact Details Element displayed</small> </font> </div>
<div class="test-event"> <font color="maroon"> <small> &emsp; &emsp;--- 25 Jan 13:47:33 080 - Webelement dimension: (188, 35)</small> </font> </div>
<div class="test-event"> <font color="maroon"> <small> &emsp; &emsp;--- 25 Jan 13:47:33 997 - Clicked on Contact Details</small> </font> </div>
<div class="test-message">&emsp;PIM Tab : Contact Details selected&emsp;<a href=".\ScreenShot\TC005_104.png" target="_blank" >[ScreenShot]</a></div>
<div class="test-event"> <font color="maroon"> <small> &emsp; &emsp;--- 25 Jan 13:47:34 526 - Page URL:: https://opensource-demo.orangehrmlive.com/web/index.php/pim/contactdetails/empnumber/95</small> </font> </div>
<div class="test-event"> <font color="maroon"> <small> &emsp; &emsp;--- 25 Jan 13:47:34 528 - <b>0</b> - Page Load Wait: (Sync) - com.OrangeHRM.utils.WaitUtils.waitForPageLoad(WaitUtils.java:50)</small> </font> </div>
<div class="test-event"> <font color="maroon"> <small> &emsp; &emsp;--- 25 Jan 13:47:35 775 - [[ChromeDriver: chrome on windows (961c63f637be08f943db0e2a2bbc2c83)] -> css selector: div[class='orangehrm-edit-employee-name']] displayed</small> </font> </div>
<div class="test-event"> <font color="maroon"> <small> &emsp; &emsp;--- 25 Jan 13:47:35 826 - Street 1 Element displayed</small> </font> </div>
<div class="test-event"> <font color="maroon"> <small> &emsp; &emsp;--- 25 Jan 13:47:36 317 - Entered value 969 McDermott Lock in Street 1</small> </font> </div>
<div class="test-message">&emsp;Street 1: 969 McDermott Lock selected&emsp;<a href=".\ScreenShot\TC005_105.png" target="_blank" >[ScreenShot]</a></div>
<div class="test-event"> <font color="maroon"> <small> &emsp; &emsp;--- 25 Jan 13:47:36 787 - City Element displayed</small> </font> </div>
<div class="test-event"> <font color="maroon"> <small> &emsp; &emsp;--- 25 Jan 13:47:37 185 - Entered value South Chung in City</small> </font> </div>
<div class="test-message">&emsp;City: South Chung selected&emsp;<a href=".\ScreenShot\TC005_106.png" target="_blank" >[ScreenShot]</a></div>
<div class="test-event"> <font color="maroon"> <small> &emsp; &emsp;--- 25 Jan 13:47:37 768 - State/Province Element displayed</small> </font> </div>
<div class="test-event"> <font color="maroon"> <small> &emsp; &emsp;--- 25 Jan 13:47:38 231 - Entered value North Carolina in State/Province</small> </font> </div>
<div class="test-message">&emsp;State/Province: North Carolina selected&emsp;<a href=".\ScreenShot\TC005_107.png" target="_blank" >[ScreenShot]</a></div>
<div class="test-event"> <font color="maroon"> <small> &emsp; &emsp;--- 25 Jan 13:47:38 690 - Zip/Postal Code Element displayed</small> </font> </div>
<div class="test-event"> <font color="maroon"> <small> &emsp; &emsp;--- 25 Jan 13:47:39 108 - Entered value 88643 in Zip/Postal Code</small> </font> </div>
<div class="test-message">&emsp;Zip/Postal Code: 88643 selected&emsp;<a href=".\ScreenShot\TC005_108.png" target="_blank" >[ScreenShot]</a></div>
<div class="test-event"> <font color="maroon"> <small> &emsp; &emsp;--- 25 Jan 13:47:39 659 - Country Element displayed</small> </font> </div>
<div class="test-event"> <font color="maroon"> <small> &emsp; &emsp;--- 25 Jan 13:47:39 684 - Webelement dimension: (468, 45)</small> </font> </div>
<div class="test-event"> <font color="maroon"> <small> &emsp; &emsp;--- 25 Jan 13:47:39 744 - Clicked on Country</small> </font> </div>
<div class="test-event"> <font color="maroon"> <small> &emsp; &emsp;--- 25 Jan 13:47:39 792 - Options elements displayed: 239</small> </font> </div>
<div class="test-event"> <font color="maroon"> <small> &emsp; &emsp;--- 25 Jan 13:47:39 836 - Options elements displayed size: 239</small> </font> </div>
<div class="test-event"> <font color="maroon"> <small> &emsp; &emsp;--- 25 Jan 13:47:41 570 - Webelement dimension: (49, 16)</small> </font> </div>
<div class="test-event"> <font color="maroon"> <small> &emsp; &emsp;--- 25 Jan 13:47:41 623 - Clicked on Sri Lanka</small> </font> </div>
<div class="test-message">&emsp;Country: Sri Lanka selected&emsp;<a href=".\ScreenShot\TC005_109.png" target="_blank" >[ScreenShot]</a></div>
<div class="test-message">&emsp;Country: Sri Lanka selected&emsp;<a href=".\ScreenShot\TC005_110.png" target="_blank" >[ScreenShot]</a></div>
<div class="test-event"> <font color="maroon"> <small> &emsp; &emsp;--- 25 Jan 13:47:42 678 - Mobile Element displayed</small> </font> </div>
<div class="test-event"> <font color="maroon"> <small> &emsp; &emsp;--- 25 Jan 13:47:43 094 - Entered value 5519150902 in Mobile</small> </font> </div>
<div class="test-message">&emsp;Mobile: 5519150902 selected&emsp;<a href=".\ScreenShot\TC005_111.png" target="_blank" >[ScreenShot]</a></div>
<div class="test-event"> <font color="maroon"> <small> &emsp; &emsp;--- 25 Jan 13:47:43 538 - Work Email Element displayed</small> </font> </div>
<div class="test-event"> <font color="maroon"> <small> &emsp; &emsp;--- 25 Jan 13:47:44 036 - Entered value marilou.reinger@gmail.com in Work Email</small> </font> </div>
<div class="test-message">&emsp;Work Email: marilou.reinger@gmail.com selected&emsp;<a href=".\ScreenShot\TC005_112.png" target="_blank" >[ScreenShot]</a></div>
<div class="test-event"> <font color="maroon"> <small> &emsp; &emsp;--- 25 Jan 13:47:44 557 - Webelement dimension: (100, 30)</small> </font> </div>
<div class="test-event"> <font color="maroon"> <small> &emsp; &emsp;--- 25 Jan 13:47:44 641 - Clicked on Save Employee contact details</small> </font> </div>
<div class="test-event"> <font color="maroon"> <small> &emsp; &emsp;--- 25 Jan 13:47:46 419 - [[ChromeDriver: chrome on windows (961c63f637be08f943db0e2a2bbc2c83)] -> css selector: div[class*='oxd-toast--success']] displayed</small> </font> </div>
<div class="test-event"> <font color="maroon"> <small> &emsp; &emsp;--- 25 Jan 13:47:46 444 - Page URL:: https://opensource-demo.orangehrmlive.com/web/index.php/pim/contactdetails/empnumber/95</small> </font> </div>
<div class="test-event"> <font color="maroon"> <small> &emsp; &emsp;--- 25 Jan 13:47:46 444 - <b>0</b> - Page Load Wait: (Sync) - com.OrangeHRM.utils.WaitUtils.waitForPageLoad(WaitUtils.java:50)</small> </font> </div>
<div class="test-event"> <font color="maroon"> <small> &emsp; &emsp;--- 25 Jan 13:47:46 476 - [[ChromeDriver: chrome on windows (961c63f637be08f943db0e2a2bbc2c83)] -> css selector: h6[class*='oxd-topbar-header']] displayed</small> </font> </div>
<div class="test-result"><br><font color="green"><strong> Test Passed. </strong></font> </div>&emsp;
<div class="test-event"> <font color="maroon"> <small> &emsp; &emsp;--- 25 Jan 13:47:46 477 - WebDriver session: ChromeDriver: chrome on windows (961c63f637be08f943db0e2a2bbc2c83)</small> </font> </div>
<div class="test-event"> <font color="maroon"> <small> &emsp; &emsp;--- 25 Jan 13:47:46 955 - TestCaseID:: TC006</small> </font> </div>
<div class="test-event"> <font color="maroon"> <small> &emsp; &emsp;--- 25 Jan 13:47:48 215 - <b>1</b> - Driver::initialize::Get - com.OrangeHRM.utils.WebDriverFactory.getDriver(WebDriverFactory.java:767)</small> </font> </div>
<div class="test-event"> <font color="maroon"> <small> &emsp; &emsp;--- 25 Jan 13:47:48 216 - WebDriver session: ChromeDriver: chrome on windows (fa83088a3b6488cd538173bbfee5993c)</small> </font> </div>
&emsp;<div class="test-title"> <strong><font size = "3" color = "#000080">Add employee job details</font> </strong> </div>&emsp;<div><strong>Steps:</strong></div><!-- Report -->&emsp;
<div class="test-event"> <font color="maroon"> <small> &emsp; &emsp;--- 25 Jan 13:47:48 217 - Fetching test data from excel sheet</small> </font> </div>
<div class="test-event"> <font color="maroon"> <small> &emsp; &emsp;--- 25 Jan 13:47:54 759 - Entered value Admin in Username field</small> </font> </div>
<div class="test-event"> <font color="maroon"> <small> &emsp; &emsp;--- 25 Jan 13:47:55 104 - Entered value admin123 in Password field</small> </font> </div>
<div class="test-event"> <font color="maroon"> <small> &emsp; &emsp;--- 25 Jan 13:47:55 130 - Webelement dimension: (485, 46)</small> </font> </div>
<div class="test-event"> <font color="maroon"> <small> &emsp; &emsp;--- 25 Jan 13:47:56 568 - Clicked on Login button</small> </font> </div>
<div class="test-message">&emsp;Login to Application&emsp;<a href=".\ScreenShot\TC006_113.png" target="_blank" >[ScreenShot]</a></div>
<div class="test-event"> <font color="maroon"> <small> &emsp; &emsp;--- 25 Jan 13:47:57 221 - Page URL:: https://opensource-demo.orangehrmlive.com/web/index.php/dashboard/index</small> </font> </div>
<div class="test-event"> <font color="maroon"> <small> &emsp; &emsp;--- 25 Jan 13:47:57 222 - <b>0</b> - Page Load Wait: (Sync) - com.OrangeHRM.utils.WaitUtils.waitForPageLoad(WaitUtils.java:50)</small> </font> </div>
<div class="test-event"> <font color="maroon"> <small> &emsp; &emsp;--- 25 Jan 13:47:57 276 - [[ChromeDriver: chrome on windows (fa83088a3b6488cd538173bbfee5993c)] -> css selector: p[class*='orangehrm-copyright']] displayed</small> </font> </div>
<div class="test-event"> <font color="maroon"> <small> &emsp; &emsp;--- 25 Jan 13:47:57 318 - [[ChromeDriver: chrome on windows (fa83088a3b6488cd538173bbfee5993c)] -> css selector: span[class*='oxd-main-menu-item--name']] displayed</small> </font> </div>
<div class="test-event"> <font color="maroon"> <small> &emsp; &emsp;--- 25 Jan 13:47:57 364 - PIM Element displayed</small> </font> </div>
<div class="test-event"> <font color="maroon"> <small> &emsp; &emsp;--- 25 Jan 13:47:57 406 - Webelement dimension: (39, 19)</small> </font> </div>
<div class="test-event"> <font color="maroon"> <small> &emsp; &emsp;--- 25 Jan 13:47:58 539 - Clicked on PIM</small> </font> </div>
<div class="test-message">&emsp;Main menu : PIM selected&emsp;<a href=".\ScreenShot\TC006_114.png" target="_blank" >[ScreenShot]</a></div>
<div class="test-event"> <font color="maroon"> <small> &emsp; &emsp;--- 25 Jan 13:47:59 076 - Page URL:: https://opensource-demo.orangehrmlive.com/web/index.php/pim/viewemployeelist</small> </font> </div>
<div class="test-event"> <font color="maroon"> <small> &emsp; &emsp;--- 25 Jan 13:47:59 080 - <b>0</b> - Page Load Wait: (Sync) - com.OrangeHRM.utils.WaitUtils.waitForPageLoad(WaitUtils.java:50)</small> </font> </div>
<div class="test-event"> <font color="maroon"> <small> &emsp; &emsp;--- 25 Jan 13:47:59 154 - [[ChromeDriver: chrome on windows (fa83088a3b6488cd538173bbfee5993c)] -> css selector: h6[class*='oxd-topbar-header']] displayed</small> </font> </div>
<div class="test-event"> <font color="maroon"> <small> &emsp; &emsp;--- 25 Jan 13:47:59 175 - Webelement dimension: (109, 30)</small> </font> </div>
<div class="test-event"> <font color="maroon"> <small> &emsp; &emsp;--- 25 Jan 13:48:00 070 - Clicked on Add button</small> </font> </div>
<div class="test-event"> <font color="maroon"> <small> &emsp; &emsp;--- 25 Jan 13:48:01 069 - Entered value Adolph in FirstName</small> </font> </div>
<div class="test-event"> <font color="maroon"> <small> &emsp; &emsp;--- 25 Jan 13:48:01 401 - Entered value Dietrich in LastName</small> </font> </div>
<div class="test-event"> <font color="maroon"> <small> &emsp; &emsp;--- 25 Jan 13:48:01 762 - Entered value 18 in Employeee Id</small> </font> </div>
<div class="test-event"> <font color="maroon"> <small> &emsp; &emsp;--- 25 Jan 13:48:01 787 - [[ChromeDriver: chrome on windows (fa83088a3b6488cd538173bbfee5993c)] -> css selector: div.oxd-grid-2 input[class*='oxd-input oxd-input']] displayed</small> </font> </div>
<div class="test-message">&emsp;Employee Id : 029818&emsp;<a href=".\ScreenShot\TC006_115.png" target="_blank" >[ScreenShot]</a></div>
<div class="test-event"> <font color="maroon"> <small> &emsp; &emsp;--- 25 Jan 13:48:02 504 - Webelement dimension: (100, 31)</small> </font> </div>
<div class="test-event"> <font color="maroon"> <small> &emsp; &emsp;--- 25 Jan 13:48:02 559 - Clicked on Save button</small> </font> </div>
<div class="test-event"> <font color="maroon"> <small> &emsp; &emsp;--- 25 Jan 13:48:03 188 - [[ChromeDriver: chrome on windows (fa83088a3b6488cd538173bbfee5993c)] -> css selector: div[class*='oxd-toast--success']] displayed</small> </font> </div>
<div class="test-event"> <font color="maroon"> <small> &emsp; &emsp;--- 25 Jan 13:48:03 226 - Employee List Element displayed</small> </font> </div>
<div class="test-event"> <font color="maroon"> <small> &emsp; &emsp;--- 25 Jan 13:48:03 250 - Webelement dimension: (76, 16)</small> </font> </div>
<div class="test-event"> <font color="maroon"> <small> &emsp; &emsp;--- 25 Jan 13:48:03 784 - Clicked on Employee List</small> </font> </div>
<div class="test-message">&emsp;Nav menu : Employee List selected&emsp;<a href=".\ScreenShot\TC006_116.png" target="_blank" >[ScreenShot]</a></div>
<div class="test-message">&emsp;Employee Name: Adolph Dietrich selected&emsp;<a href=".\ScreenShot\TC006_117.png" target="_blank" >[ScreenShot]</a></div>
<div class="test-event"> <font color="maroon"> <small> &emsp; &emsp;--- 25 Jan 13:48:09 403 - Options Element displayed</small> </font> </div>
<div class="test-event"> <font color="maroon"> <small> &emsp; &emsp;--- 25 Jan 13:48:09 424 - Options elements displayed size: 1</small> </font> </div>
<div class="test-event"> <font color="maroon"> <small> &emsp; &emsp;--- 25 Jan 13:48:09 446 - Webelement dimension: (391, 35)</small> </font> </div>
<div class="test-event"> <font color="maroon"> <small> &emsp; &emsp;--- 25 Jan 13:48:09 507 - Clicked on Option field</small> </font> </div>
<div class="test-event"> <font color="maroon"> <small> &emsp; &emsp;--- 25 Jan 13:48:09 541 - Employee Id Element displayed</small> </font> </div>
<div class="test-event"> <font color="maroon"> <small> &emsp; &emsp;--- 25 Jan 13:48:09 814 - Entered value 029818 in Employee Id</small> </font> </div>
<div class="test-event"> <font color="maroon"> <small> &emsp; &emsp;--- 25 Jan 13:48:09 835 - Webelement dimension: (107, 31)</small> </font> </div>
<div class="test-event"> <font color="maroon"> <small> &emsp; &emsp;--- 25 Jan 13:48:09 904 - Clicked on Search button</small> </font> </div>
<div class="test-event"> <font color="maroon"> <small> &emsp; &emsp;--- 25 Jan 13:48:10 468 - Table rows Element displayed</small> </font> </div>
<div class="test-event"> <font color="maroon"> <small> &emsp; &emsp;--- 25 Jan 13:48:10 489 - Table rows elements displayed size: 1</small> </font> </div>
<div class="test-event"> <font color="maroon"> <small> &emsp; &emsp;--- 25 Jan 13:48:10 519 - [[ChromeDriver: chrome on windows (fa83088a3b6488cd538173bbfee5993c)] -> xpath: //span[text()='(1) Record Found']] displayed</small> </font> </div>
<div class="test-event"> <font color="maroon"> <small> &emsp; &emsp;--- 25 Jan 13:48:10 609 - Text value displayed for Table field : 029818</small> </font> </div>
<div class="test-event"> <font color="maroon"> <small> &emsp; &emsp;--- 25 Jan 13:48:10 655 - Text value displayed for Table field : Adolph</small> </font> </div>
<div class="test-event"> <font color="maroon"> <small> &emsp; &emsp;--- 25 Jan 13:48:10 703 - Text value displayed for Table field : Dietrich</small> </font> </div>
<div class="test-message">&emsp;Employee Details is verified successfully&emsp;<a href=".\ScreenShot\TC006_118.png" target="_blank" >[ScreenShot]</a></div>
<div class="test-event"> <font color="maroon"> <small> &emsp; &emsp;--- 25 Jan 13:48:11 237 - Webelement dimension: (1710, 46)</small> </font> </div>
<div class="test-event"> <font color="maroon"> <small> &emsp; &emsp;--- 25 Jan 13:48:12 448 - Clicked on Employee row</small> </font> </div>
<div class="test-event"> <font color="maroon"> <small> &emsp; &emsp;--- 25 Jan 13:48:12 476 - Page URL:: https://opensource-demo.orangehrmlive.com/web/index.php/pim/viewpersonaldetails/empnumber/97</small> </font> </div>
<div class="test-event"> <font color="maroon"> <small> &emsp; &emsp;--- 25 Jan 13:48:12 476 - <b>0</b> - Page Load Wait: (Sync) - com.OrangeHRM.utils.WaitUtils.waitForPageLoad(WaitUtils.java:50)</small> </font> </div>
<div class="test-event"> <font color="maroon"> <small> &emsp; &emsp;--- 25 Jan 13:48:13 631 - [[ChromeDriver: chrome on windows (fa83088a3b6488cd538173bbfee5993c)] -> css selector: div[class='orangehrm-edit-employee-name']] displayed</small> </font> </div>
<div class="test-event"> <font color="maroon"> <small> &emsp; &emsp;--- 25 Jan 13:48:13 667 - Nationality Element displayed</small> </font> </div>
<div class="test-event"> <font color="maroon"> <small> &emsp; &emsp;--- 25 Jan 13:48:13 686 - Webelement dimension: (468, 45)</small> </font> </div>
<div class="test-event"> <font color="maroon"> <small> &emsp; &emsp;--- 25 Jan 13:48:14 189 - Clicked on Nationality</small> </font> </div>
<div class="test-event"> <font color="maroon"> <small> &emsp; &emsp;--- 25 Jan 13:48:14 241 - Options elements displayed: 193</small> </font> </div>
<div class="test-event"> <font color="maroon"> <small> &emsp; &emsp;--- 25 Jan 13:48:14 277 - Options elements displayed size: 193</small> </font> </div>
<div class="test-event"> <font color="maroon"> <small> &emsp; &emsp;--- 25 Jan 13:48:14 871 - Webelement dimension: (43, 16)</small> </font> </div>
<div class="test-event"> <font color="maroon"> <small> &emsp; &emsp;--- 25 Jan 13:48:14 932 - Clicked on German</small> </font> </div>
<div class="test-message">&emsp;Nationality: German selected&emsp;<a href=".\ScreenShot\TC006_119.png" target="_blank" >[ScreenShot]</a></div>
<div class="test-message">&emsp;Nationality: German selected&emsp;<a href=".\ScreenShot\TC006_120.png" target="_blank" >[ScreenShot]</a></div>
<div class="test-event"> <font color="maroon"> <small> &emsp; &emsp;--- 25 Jan 13:48:15 817 - Marital Status Element displayed</small> </font> </div>
<div class="test-event"> <font color="maroon"> <small> &emsp; &emsp;--- 25 Jan 13:48:15 834 - Webelement dimension: (468, 45)</small> </font> </div>
<div class="test-event"> <font color="maroon"> <small> &emsp; &emsp;--- 25 Jan 13:48:15 868 - Clicked on Marital Status</small> </font> </div>
<div class="test-event"> <font color="maroon"> <small> &emsp; &emsp;--- 25 Jan 13:48:15 885 - Options elements displayed: 3</small> </font> </div>
<div class="test-event"> <font color="maroon"> <small> &emsp; &emsp;--- 25 Jan 13:48:15 902 - Options elements displayed size: 3</small> </font> </div>
<div class="test-event"> <font color="maroon"> <small> &emsp; &emsp;--- 25 Jan 13:48:15 938 - Webelement dimension: (31, 16)</small> </font> </div>
<div class="test-event"> <font color="maroon"> <small> &emsp; &emsp;--- 25 Jan 13:48:15 987 - Clicked on Other</small> </font> </div>
<div class="test-message">&emsp;Marital Status: Other selected&emsp;<a href=".\ScreenShot\TC006_121.png" target="_blank" >[ScreenShot]</a></div>
<div class="test-message">&emsp;Marital Status: Other selected&emsp;<a href=".\ScreenShot\TC006_122.png" target="_blank" >[ScreenShot]</a></div>
<div class="test-event"> <font color="maroon"> <small> &emsp; &emsp;--- 25 Jan 13:48:16 986 - Date of Birth Element displayed</small> </font> </div>
<div class="test-event"> <font color="maroon"> <small> &emsp; &emsp;--- 25 Jan 13:48:17 363 - Entered value 1983-03-22 in Date of Birth</small> </font> </div>
<div class="test-message">&emsp;Date of Birth: 1983-03-22 selected&emsp;<a href=".\ScreenShot\TC006_123.png" target="_blank" >[ScreenShot]</a></div>
<div class="test-event"> <font color="maroon"> <small> &emsp; &emsp;--- 25 Jan 13:48:18 073 - Gender Element displayed</small> </font> </div>
<div class="test-event"> <font color="maroon"> <small> &emsp; &emsp;--- 25 Jan 13:48:18 156 - Webelement dimension: (17, 17)</small> </font> </div>
<div class="test-event"> <font color="maroon"> <small> &emsp; &emsp;--- 25 Jan 13:48:18 227 - Clicked on Gender</small> </font> </div>
<div class="test-event"> <font color="maroon"> <small> &emsp; &emsp;--- 25 Jan 13:48:18 271 - Webelement dimension: (100, 30)</small> </font> </div>
<div class="test-event"> <font color="maroon"> <small> &emsp; &emsp;--- 25 Jan 13:48:18 352 - Clicked on Save Employee details</small> </font> </div>
<div class="test-event"> <font color="maroon"> <small> &emsp; &emsp;--- 25 Jan 13:48:19 202 - [[ChromeDriver: chrome on windows (fa83088a3b6488cd538173bbfee5993c)] -> css selector: div[class*='oxd-toast--success']] displayed</small> </font> </div>
<div class="test-event"> <font color="maroon"> <small> &emsp; &emsp;--- 25 Jan 13:48:19 220 - Page URL:: https://opensource-demo.orangehrmlive.com/web/index.php/pim/viewpersonaldetails/empnumber/97</small> </font> </div>
<div class="test-event"> <font color="maroon"> <small> &emsp; &emsp;--- 25 Jan 13:48:19 220 - <b>0</b> - Page Load Wait: (Sync) - com.OrangeHRM.utils.WaitUtils.waitForPageLoad(WaitUtils.java:50)</small> </font> </div>
<div class="test-event"> <font color="maroon"> <small> &emsp; &emsp;--- 25 Jan 13:48:19 250 - [[ChromeDriver: chrome on windows (fa83088a3b6488cd538173bbfee5993c)] -> css selector: h6[class*='oxd-topbar-header']] displayed</small> </font> </div>
<div class="test-event"> <font color="maroon"> <small> &emsp; &emsp;--- 25 Jan 13:48:19 288 - Blood Type Element displayed</small> </font> </div>
<div class="test-event"> <font color="maroon"> <small> &emsp; &emsp;--- 25 Jan 13:48:19 311 - Webelement dimension: (468, 45)</small> </font> </div>
<div class="test-event"> <font color="maroon"> <small> &emsp; &emsp;--- 25 Jan 13:48:19 356 - Clicked on Blood Type</small> </font> </div>
<div class="test-event"> <font color="maroon"> <small> &emsp; &emsp;--- 25 Jan 13:48:19 382 - Options elements displayed: 8</small> </font> </div>
<div class="test-event"> <font color="maroon"> <small> &emsp; &emsp;--- 25 Jan 13:48:19 403 - Options elements displayed size: 8</small> </font> </div>
<div class="test-event"> <font color="maroon"> <small> &emsp; &emsp;--- 25 Jan 13:48:19 645 - Webelement dimension: (22, 16)</small> </font> </div>
<div class="test-event"> <font color="maroon"> <small> &emsp; &emsp;--- 25 Jan 13:48:19 703 - Clicked on AB-</small> </font> </div>
<div class="test-message">&emsp;Blood Type: AB- selected&emsp;<a href=".\ScreenShot\TC006_124.png" target="_blank" >[ScreenShot]</a></div>
<div class="test-message">&emsp;Blood Type: AB- selected&emsp;<a href=".\ScreenShot\TC006_125.png" target="_blank" >[ScreenShot]</a></div>
<div class="test-event"> <font color="maroon"> <small> &emsp; &emsp;--- 25 Jan 13:48:20 819 - Webelement dimension: (100, 30)</small> </font> </div>
<div class="test-event"> <font color="maroon"> <small> &emsp; &emsp;--- 25 Jan 13:48:20 873 - Clicked on Save Employee Custom fields</small> </font> </div>
<div class="test-event"> <font color="maroon"> <small> &emsp; &emsp;--- 25 Jan 13:48:20 906 - [[ChromeDriver: chrome on windows (fa83088a3b6488cd538173bbfee5993c)] -> css selector: div[class*='oxd-toast--success']] displayed</small> </font> </div>
<div class="test-event"> <font color="maroon"> <small> &emsp; &emsp;--- 25 Jan 13:48:20 932 - Page URL:: https://opensource-demo.orangehrmlive.com/web/index.php/pim/viewpersonaldetails/empnumber/97</small> </font> </div>
<div class="test-event"> <font color="maroon"> <small> &emsp; &emsp;--- 25 Jan 13:48:20 932 - <b>0</b> - Page Load Wait: (Sync) - com.OrangeHRM.utils.WaitUtils.waitForPageLoad(WaitUtils.java:50)</small> </font> </div>
<div class="test-event"> <font color="maroon"> <small> &emsp; &emsp;--- 25 Jan 13:48:20 983 - [[ChromeDriver: chrome on windows (fa83088a3b6488cd538173bbfee5993c)] -> css selector: h6[class*='oxd-topbar-header']] displayed</small> </font> </div>
<div class="test-event"> <font color="maroon"> <small> &emsp; &emsp;--- 25 Jan 13:48:21 037 - Contact Details Element displayed</small> </font> </div>
<div class="test-event"> <font color="maroon"> <small> &emsp; &emsp;--- 25 Jan 13:48:21 148 - Webelement dimension: (188, 35)</small> </font> </div>
<div class="test-event"> <font color="maroon"> <small> &emsp; &emsp;--- 25 Jan 13:48:22 040 - Clicked on Contact Details</small> </font> </div>
<div class="test-message">&emsp;PIM Tab : Contact Details selected&emsp;<a href=".\ScreenShot\TC006_126.png" target="_blank" >[ScreenShot]</a></div>
<div class="test-event"> <font color="maroon"> <small> &emsp; &emsp;--- 25 Jan 13:48:22 494 - Page URL:: https://opensource-demo.orangehrmlive.com/web/index.php/pim/contactdetails/empnumber/97</small> </font> </div>
<div class="test-event"> <font color="maroon"> <small> &emsp; &emsp;--- 25 Jan 13:48:22 495 - <b>0</b> - Page Load Wait: (Sync) - com.OrangeHRM.utils.WaitUtils.waitForPageLoad(WaitUtils.java:50)</small> </font> </div>
<div class="test-event"> <font color="maroon"> <small> &emsp; &emsp;--- 25 Jan 13:48:23 322 - [[ChromeDriver: chrome on windows (fa83088a3b6488cd538173bbfee5993c)] -> css selector: div[class='orangehrm-edit-employee-name']] displayed</small> </font> </div>
<div class="test-event"> <font color="maroon"> <small> &emsp; &emsp;--- 25 Jan 13:48:23 357 - Street 1 Element displayed</small> </font> </div>
<div class="test-event"> <font color="maroon"> <small> &emsp; &emsp;--- 25 Jan 13:48:23 818 - Entered value 8094 Katharine Bypass in Street 1</small> </font> </div>
<div class="test-message">&emsp;Street 1: 8094 Katharine Bypass selected&emsp;<a href=".\ScreenShot\TC006_127.png" target="_blank" >[ScreenShot]</a></div>
<div class="test-event"> <font color="maroon"> <small> &emsp; &emsp;--- 25 Jan 13:48:24 313 - City Element displayed</small> </font> </div>
<div class="test-event"> <font color="maroon"> <small> &emsp; &emsp;--- 25 Jan 13:48:24 688 - Entered value West Boyce in City</small> </font> </div>
<div class="test-message">&emsp;City: West Boyce selected&emsp;<a href=".\ScreenShot\TC006_128.png" target="_blank" >[ScreenShot]</a></div>
<div class="test-event"> <font color="maroon"> <small> &emsp; &emsp;--- 25 Jan 13:48:25 184 - State/Province Element displayed</small> </font> </div>
<div class="test-event"> <font color="maroon"> <small> &emsp; &emsp;--- 25 Jan 13:48:25 571 - Entered value Florida in State/Province</small> </font> </div>
<div class="test-message">&emsp;State/Province: Florida selected&emsp;<a href=".\ScreenShot\TC006_129.png" target="_blank" >[ScreenShot]</a></div>
<div class="test-event"> <font color="maroon"> <small> &emsp; &emsp;--- 25 Jan 13:48:26 017 - Zip/Postal Code Element displayed</small> </font> </div>
<div class="test-event"> <font color="maroon"> <small> &emsp; &emsp;--- 25 Jan 13:48:26 399 - Entered value 68632 in Zip/Postal Code</small> </font> </div>
<div class="test-message">&emsp;Zip/Postal Code: 68632 selected&emsp;<a href=".\ScreenShot\TC006_130.png" target="_blank" >[ScreenShot]</a></div>
<div class="test-event"> <font color="maroon"> <small> &emsp; &emsp;--- 25 Jan 13:48:26 895 - Country Element displayed</small> </font> </div>
<div class="test-event"> <font color="maroon"> <small> &emsp; &emsp;--- 25 Jan 13:48:26 911 - Webelement dimension: (468, 45)</small> </font> </div>
<div class="test-event"> <font color="maroon"> <small> &emsp; &emsp;--- 25 Jan 13:48:26 978 - Clicked on Country</small> </font> </div>
<div class="test-event"> <font color="maroon"> <small> &emsp; &emsp;--- 25 Jan 13:48:27 025 - Options elements displayed: 239</small> </font> </div>
<div class="test-event"> <font color="maroon"> <small> &emsp; &emsp;--- 25 Jan 13:48:27 075 - Options elements displayed size: 239</small> </font> </div>
<div class="test-event"> <font color="maroon"> <small> &emsp; &emsp;--- 25 Jan 13:48:27 092 - Webelement dimension: (65, 16)</small> </font> </div>
<div class="test-event"> <font color="maroon"> <small> &emsp; &emsp;--- 25 Jan 13:48:27 136 - Clicked on Afghanistan</small> </font> </div>
<div class="test-message">&emsp;Country: Afghanistan selected&emsp;<a href=".\ScreenShot\TC006_131.png" target="_blank" >[ScreenShot]</a></div>
<div class="test-message">&emsp;Country: Afghanistan selected&emsp;<a href=".\ScreenShot\TC006_132.png" target="_blank" >[ScreenShot]</a></div>
<div class="test-event"> <font color="maroon"> <small> &emsp; &emsp;--- 25 Jan 13:48:28 177 - Mobile Element displayed</small> </font> </div>
<div class="test-event"> <font color="maroon"> <small> &emsp; &emsp;--- 25 Jan 13:48:28 584 - Entered value 3377558195 in Mobile</small> </font> </div>
<div class="test-message">&emsp;Mobile: 3377558195 selected&emsp;<a href=".\ScreenShot\TC006_133.png" target="_blank" >[ScreenShot]</a></div>
<div class="test-event"> <font color="maroon"> <small> &emsp; &emsp;--- 25 Jan 13:48:29 100 - Work Email Element displayed</small> </font> </div>
<div class="test-event"> <font color="maroon"> <small> &emsp; &emsp;--- 25 Jan 13:48:29 671 - Entered value cary.brown@yahoo.com in Work Email</small> </font> </div>
<div class="test-message">&emsp;Work Email: cary.brown@yahoo.com selected&emsp;<a href=".\ScreenShot\TC006_134.png" target="_blank" >[ScreenShot]</a></div>
<div class="test-event"> <font color="maroon"> <small> &emsp; &emsp;--- 25 Jan 13:48:30 214 - Webelement dimension: (100, 30)</small> </font> </div>
<div class="test-event"> <font color="maroon"> <small> &emsp; &emsp;--- 25 Jan 13:48:30 360 - Clicked on Save Employee contact details</small> </font> </div>
<div class="test-event"> <font color="maroon"> <small> &emsp; &emsp;--- 25 Jan 13:48:32 161 - [[ChromeDriver: chrome on windows (fa83088a3b6488cd538173bbfee5993c)] -> css selector: div[class*='oxd-toast--success']] displayed</small> </font> </div>
<div class="test-event"> <font color="maroon"> <small> &emsp; &emsp;--- 25 Jan 13:48:32 188 - Page URL:: https://opensource-demo.orangehrmlive.com/web/index.php/pim/contactdetails/empnumber/97</small> </font> </div>
<div class="test-event"> <font color="maroon"> <small> &emsp; &emsp;--- 25 Jan 13:48:32 188 - <b>0</b> - Page Load Wait: (Sync) - com.OrangeHRM.utils.WaitUtils.waitForPageLoad(WaitUtils.java:50)</small> </font> </div>
<div class="test-event"> <font color="maroon"> <small> &emsp; &emsp;--- 25 Jan 13:48:32 225 - [[ChromeDriver: chrome on windows (fa83088a3b6488cd538173bbfee5993c)] -> css selector: h6[class*='oxd-topbar-header']] displayed</small> </font> </div>
<div class="test-event"> <font color="maroon"> <small> &emsp; &emsp;--- 25 Jan 13:48:32 251 - Job Element displayed</small> </font> </div>
<div class="test-event"> <font color="maroon"> <small> &emsp; &emsp;--- 25 Jan 13:48:32 281 - Webelement dimension: (188, 35)</small> </font> </div>
<div class="test-event"> <font color="maroon"> <small> &emsp; &emsp;--- 25 Jan 13:48:33 168 - Clicked on Job</small> </font> </div>
<div class="test-message">&emsp;PIM Tab : Job selected&emsp;<a href=".\ScreenShot\TC006_135.png" target="_blank" >[ScreenShot]</a></div>
<div class="test-event"> <font color="maroon"> <small> &emsp; &emsp;--- 25 Jan 13:48:33 806 - Page URL:: https://opensource-demo.orangehrmlive.com/web/index.php/pim/viewjobdetails/empnumber/97</small> </font> </div>
<div class="test-event"> <font color="maroon"> <small> &emsp; &emsp;--- 25 Jan 13:48:33 807 - <b>0</b> - Page Load Wait: (Sync) - com.OrangeHRM.utils.WaitUtils.waitForPageLoad(WaitUtils.java:50)</small> </font> </div>
<div class="test-event"> <font color="maroon"> <small> &emsp; &emsp;--- 25 Jan 13:48:34 398 - [[ChromeDriver: chrome on windows (fa83088a3b6488cd538173bbfee5993c)] -> css selector: div[class='orangehrm-edit-employee-name']] displayed</small> </font> </div>
<div class="test-event"> <font color="maroon"> <small> &emsp; &emsp;--- 25 Jan 13:48:34 446 - Joined Date Element displayed</small> </font> </div>
<div class="test-event"> <font color="maroon"> <small> &emsp; &emsp;--- 25 Jan 13:48:34 892 - Entered value 1983-03-22 in Joined Date</small> </font> </div>
<div class="test-message">&emsp;Joined Date: 1983-03-22 selected&emsp;<a href=".\ScreenShot\TC006_136.png" target="_blank" >[ScreenShot]</a></div>
<div class="test-event"> <font color="maroon"> <small> &emsp; &emsp;--- 25 Jan 13:48:35 541 - Job Title Element displayed</small> </font> </div>
<div class="test-event"> <font color="maroon"> <small> &emsp; &emsp;--- 25 Jan 13:48:35 560 - Webelement dimension: (468, 45)</small> </font> </div>
<div class="test-event"> <font color="maroon"> <small> &emsp; &emsp;--- 25 Jan 13:48:35 627 - Clicked on Job Title</small> </font> </div>
<div class="test-event"> <font color="maroon"> <small> &emsp; &emsp;--- 25 Jan 13:48:35 657 - Options elements displayed: 25</small> </font> </div>
<div class="test-event"> <font color="maroon"> <small> &emsp; &emsp;--- 25 Jan 13:48:35 682 - Options elements displayed size: 25</small> </font> </div>
<div class="test-event"> <font color="maroon"> <small> &emsp; &emsp;--- 25 Jan 13:48:36 018 - Job Title Element displayed</small> </font> </div>
<div class="test-event"> <font color="maroon"> <small> &emsp; &emsp;--- 25 Jan 13:48:36 038 - Webelement dimension: (61, 16)</small> </font> </div>
<div class="test-event"> <font color="maroon"> <small> &emsp; &emsp;--- 25 Jan 13:48:36 111 - Clicked on IT Manager</small> </font> </div>
<div class="test-message">&emsp;Job Title: IT Manager selected&emsp;<a href=".\ScreenShot\TC006_137.png" target="_blank" >[ScreenShot]</a></div>
<div class="test-event"> <font color="maroon"> <small> &emsp; &emsp;--- 25 Jan 13:48:37 200 - Job Category Element displayed</small> </font> </div>
<div class="test-event"> <font color="maroon"> <small> &emsp; &emsp;--- 25 Jan 13:48:37 221 - Webelement dimension: (468, 45)</small> </font> </div>
<div class="test-event"> <font color="maroon"> <small> &emsp; &emsp;--- 25 Jan 13:48:37 273 - Clicked on Job Category</small> </font> </div>
<div class="test-event"> <font color="maroon"> <small> &emsp; &emsp;--- 25 Jan 13:48:37 304 - Options elements displayed: 9</small> </font> </div>
<div class="test-event"> <font color="maroon"> <small> &emsp; &emsp;--- 25 Jan 13:48:37 327 - Options elements displayed size: 9</small> </font> </div>
<div class="test-event"> <font color="maroon"> <small> &emsp; &emsp;--- 25 Jan 13:48:37 475 - Job Category Element displayed</small> </font> </div>
<div class="test-event"> <font color="maroon"> <small> &emsp; &emsp;--- 25 Jan 13:48:37 498 - Webelement dimension: (71, 16)</small> </font> </div>
<div class="test-event"> <font color="maroon"> <small> &emsp; &emsp;--- 25 Jan 13:48:37 568 - Clicked on Professionals</small> </font> </div>
<div class="test-message">&emsp;Job Category: Professionals selected&emsp;<a href=".\ScreenShot\TC006_138.png" target="_blank" >[ScreenShot]</a></div>
<div class="test-event"> <font color="maroon"> <small> &emsp; &emsp;--- 25 Jan 13:48:38 517 - Sub Unit Element displayed</small> </font> </div>
<div class="test-event"> <font color="maroon"> <small> &emsp; &emsp;--- 25 Jan 13:48:38 535 - Webelement dimension: (468, 45)</small> </font> </div>
<div class="test-event"> <font color="maroon"> <small> &emsp; &emsp;--- 25 Jan 13:48:38 585 - Clicked on Sub Unit</small> </font> </div>
<div class="test-event"> <font color="maroon"> <small> &emsp; &emsp;--- 25 Jan 13:48:38 614 - Options elements displayed: 14</small> </font> </div>
<div class="test-event"> <font color="maroon"> <small> &emsp; &emsp;--- 25 Jan 13:48:38 636 - Options elements displayed size: 14</small> </font> </div>
<div class="test-event"> <font color="maroon"> <small> &emsp; &emsp;--- 25 Jan 13:48:38 824 - Sub Unit Element displayed</small> </font> </div>
<div class="test-event"> <font color="maroon"> <small> &emsp; &emsp;--- 25 Jan 13:48:38 848 - Webelement dimension: (96, 16)</small> </font> </div>
<div class="test-event"> <font color="maroon"> <small> &emsp; &emsp;--- 25 Jan 13:48:38 927 - Clicked on Technical Support</small> </font> </div>
<div class="test-message">&emsp;Sub Unit: Technical Support selected&emsp;<a href=".\ScreenShot\TC006_139.png" target="_blank" >[ScreenShot]</a></div>
<div class="test-event"> <font color="maroon"> <small> &emsp; &emsp;--- 25 Jan 13:48:39 975 - Location Element displayed</small> </font> </div>
<div class="test-event"> <font color="maroon"> <small> &emsp; &emsp;--- 25 Jan 13:48:39 997 - Webelement dimension: (468, 45)</small> </font> </div>
<div class="test-event"> <font color="maroon"> <small> &emsp; &emsp;--- 25 Jan 13:48:40 051 - Clicked on Location</small> </font> </div>
<div class="test-event"> <font color="maroon"> <small> &emsp; &emsp;--- 25 Jan 13:48:40 078 - Options elements displayed: 4</small> </font> </div>
<div class="test-event"> <font color="maroon"> <small> &emsp; &emsp;--- 25 Jan 13:48:40 100 - Options elements displayed size: 4</small> </font> </div>
<div class="test-event"> <font color="maroon"> <small> &emsp; &emsp;--- 25 Jan 13:48:40 336 - Location Element displayed</small> </font> </div>
<div class="test-event"> <font color="maroon"> <small> &emsp; &emsp;--- 25 Jan 13:48:40 359 - Webelement dimension: (77, 16)</small> </font> </div>
<div class="test-event"> <font color="maroon"> <small> &emsp; &emsp;--- 25 Jan 13:48:40 418 - Clicked on HQ - CA, USA</small> </font> </div>
<div class="test-message">&emsp;Location: HQ - CA, USA selected&emsp;<a href=".\ScreenShot\TC006_140.png" target="_blank" >[ScreenShot]</a></div>
<div class="test-event"> <font color="maroon"> <small> &emsp; &emsp;--- 25 Jan 13:48:41 393 - Employment Status Element displayed</small> </font> </div>
<div class="test-event"> <font color="maroon"> <small> &emsp; &emsp;--- 25 Jan 13:48:41 415 - Webelement dimension: (468, 45)</small> </font> </div>
<div class="test-event"> <font color="maroon"> <small> &emsp; &emsp;--- 25 Jan 13:48:41 464 - Clicked on Employment Status</small> </font> </div>
<div class="test-event"> <font color="maroon"> <small> &emsp; &emsp;--- 25 Jan 13:48:41 488 - Options elements displayed: 6</small> </font> </div>
<div class="test-event"> <font color="maroon"> <small> &emsp; &emsp;--- 25 Jan 13:48:41 508 - Options elements displayed size: 6</small> </font> </div>
<div class="test-event"> <font color="maroon"> <small> &emsp; &emsp;--- 25 Jan 13:48:41 607 - Employment Status Element displayed</small> </font> </div>
<div class="test-event"> <font color="maroon"> <small> &emsp; &emsp;--- 25 Jan 13:48:41 627 - Webelement dimension: (103, 16)</small> </font> </div>
<div class="test-event"> <font color="maroon"> <small> &emsp; &emsp;--- 25 Jan 13:48:41 686 - Clicked on Part-Time Contract</small> </font> </div>
<div class="test-message">&emsp;Employment Status: Part-Time Contract selected&emsp;<a href=".\ScreenShot\TC006_141.png" target="_blank" >[ScreenShot]</a></div>
<div class="test-event"> <font color="maroon"> <small> &emsp; &emsp;--- 25 Jan 13:48:42 647 - Webelement dimension: (100, 30)</small> </font> </div>
<div class="test-event"> <font color="maroon"> <small> &emsp; &emsp;--- 25 Jan 13:48:42 865 - Clicked on Save Employee Job details</small> </font> </div>
<div class="test-event"> <font color="maroon"> <small> &emsp; &emsp;--- 25 Jan 13:48:44 127 - [[ChromeDriver: chrome on windows (fa83088a3b6488cd538173bbfee5993c)] -> css selector: div[class*='oxd-toast--success']] displayed</small> </font> </div>
<div class="test-event"> <font color="maroon"> <small> &emsp; &emsp;--- 25 Jan 13:48:44 148 - Page URL:: https://opensource-demo.orangehrmlive.com/web/index.php/pim/viewjobdetails/empnumber/97</small> </font> </div>
<div class="test-event"> <font color="maroon"> <small> &emsp; &emsp;--- 25 Jan 13:48:44 149 - <b>0</b> - Page Load Wait: (Sync) - com.OrangeHRM.utils.WaitUtils.waitForPageLoad(WaitUtils.java:50)</small> </font> </div>
<div class="test-event"> <font color="maroon"> <small> &emsp; &emsp;--- 25 Jan 13:48:44 186 - [[ChromeDriver: chrome on windows (fa83088a3b6488cd538173bbfee5993c)] -> css selector: h6[class*='oxd-topbar-header']] displayed</small> </font> </div>
<div class="test-result"><br><font color="green"><strong> Test Passed. </strong></font> </div>&emsp;
<div class="test-event"> <font color="maroon"> <small> &emsp; &emsp;--- 25 Jan 13:48:44 187 - WebDriver session: ChromeDriver: chrome on windows (fa83088a3b6488cd538173bbfee5993c)</small> </font> </div>
<div class="test-event"> <font color="maroon"> <small> &emsp; &emsp;--- 25 Jan 13:48:44 582 - TestCaseID:: TC007</small> </font> </div>
<div class="test-event"> <font color="maroon"> <small> &emsp; &emsp;--- 25 Jan 13:48:45 820 - <b>1</b> - Driver::initialize::Get - com.OrangeHRM.utils.WebDriverFactory.getDriver(WebDriverFactory.java:767)</small> </font> </div>
<div class="test-event"> <font color="maroon"> <small> &emsp; &emsp;--- 25 Jan 13:48:45 820 - WebDriver session: ChromeDriver: chrome on windows (cc25d010c947238b39aa2eaaa2adc63b)</small> </font> </div>
&emsp;<div class="test-title"> <strong><font size = "3" color = "#000080">Add report details and verify Employee Table</font> </strong> </div>&emsp;<div><strong>Steps:</strong></div><!-- Report -->&emsp;
<div class="test-event"> <font color="maroon"> <small> &emsp; &emsp;--- 25 Jan 13:48:45 821 - Fetching test data from excel sheet</small> </font> </div>
<div class="test-event"> <font color="maroon"> <small> &emsp; &emsp;--- 25 Jan 13:48:52 373 - Entered value Admin in Username field</small> </font> </div>
<div class="test-event"> <font color="maroon"> <small> &emsp; &emsp;--- 25 Jan 13:48:52 746 - Entered value admin123 in Password field</small> </font> </div>
<div class="test-event"> <font color="maroon"> <small> &emsp; &emsp;--- 25 Jan 13:48:52 768 - Webelement dimension: (485, 46)</small> </font> </div>
<div class="test-event"> <font color="maroon"> <small> &emsp; &emsp;--- 25 Jan 13:48:52 836 - Clicked on Login button</small> </font> </div>
<div class="test-message">&emsp;Login to Application&emsp;<a href=".\ScreenShot\TC007_142.png" target="_blank" >[ScreenShot]</a></div>
<div class="test-event"> <font color="maroon"> <small> &emsp; &emsp;--- 25 Jan 13:48:54 818 - Page URL:: https://opensource-demo.orangehrmlive.com/web/index.php/dashboard/index</small> </font> </div>
<div class="test-event"> <font color="maroon"> <small> &emsp; &emsp;--- 25 Jan 13:48:54 818 - <b>0</b> - Page Load Wait: (Sync) - com.OrangeHRM.utils.WaitUtils.waitForPageLoad(WaitUtils.java:50)</small> </font> </div>
<div class="test-event"> <font color="maroon"> <small> &emsp; &emsp;--- 25 Jan 13:48:55 146 - [[ChromeDriver: chrome on windows (cc25d010c947238b39aa2eaaa2adc63b)] -> css selector: p[class*='orangehrm-copyright']] displayed</small> </font> </div>
<div class="test-event"> <font color="maroon"> <small> &emsp; &emsp;--- 25 Jan 13:48:55 233 - [[ChromeDriver: chrome on windows (cc25d010c947238b39aa2eaaa2adc63b)] -> css selector: span[class*='oxd-main-menu-item--name']] displayed</small> </font> </div>
<div class="test-event"> <font color="maroon"> <small> &emsp; &emsp;--- 25 Jan 13:48:55 317 - PIM Element displayed</small> </font> </div>
<div class="test-event"> <font color="maroon"> <small> &emsp; &emsp;--- 25 Jan 13:48:55 413 - Webelement dimension: (39, 19)</small> </font> </div>
<div class="test-event"> <font color="maroon"> <small> &emsp; &emsp;--- 25 Jan 13:48:56 684 - Clicked on PIM</small> </font> </div>
<div class="test-message">&emsp;Main menu : PIM selected&emsp;<a href=".\ScreenShot\TC007_143.png" target="_blank" >[ScreenShot]</a></div>
<div class="test-event"> <font color="maroon"> <small> &emsp; &emsp;--- 25 Jan 13:48:57 185 - Page URL:: https://opensource-demo.orangehrmlive.com/web/index.php/pim/viewemployeelist</small> </font> </div>
<div class="test-event"> <font color="maroon"> <small> &emsp; &emsp;--- 25 Jan 13:48:57 185 - <b>0</b> - Page Load Wait: (Sync) - com.OrangeHRM.utils.WaitUtils.waitForPageLoad(WaitUtils.java:50)</small> </font> </div>
<div class="test-event"> <font color="maroon"> <small> &emsp; &emsp;--- 25 Jan 13:48:57 236 - [[ChromeDriver: chrome on windows (cc25d010c947238b39aa2eaaa2adc63b)] -> css selector: h6[class*='oxd-topbar-header']] displayed</small> </font> </div>
<div class="test-event"> <font color="maroon"> <small> &emsp; &emsp;--- 25 Jan 13:48:57 264 - Webelement dimension: (109, 31)</small> </font> </div>
<div class="test-event"> <font color="maroon"> <small> &emsp; &emsp;--- 25 Jan 13:48:58 043 - Clicked on Add button</small> </font> </div>
<div class="test-event"> <font color="maroon"> <small> &emsp; &emsp;--- 25 Jan 13:48:58 927 - Entered value Brendan in FirstName</small> </font> </div>
<div class="test-event"> <font color="maroon"> <small> &emsp; &emsp;--- 25 Jan 13:48:59 263 - Entered value Connelly in LastName</small> </font> </div>
<div class="test-event"> <font color="maroon"> <small> &emsp; &emsp;--- 25 Jan 13:48:59 601 - Entered value 29 in Employeee Id</small> </font> </div>
<div class="test-event"> <font color="maroon"> <small> &emsp; &emsp;--- 25 Jan 13:48:59 630 - Webelement dimension: (100, 31)</small> </font> </div>
<div class="test-event"> <font color="maroon"> <small> &emsp; &emsp;--- 25 Jan 13:48:59 896 - Clicked on Save button</small> </font> </div>
<div class="test-event"> <font color="maroon"> <small> &emsp; &emsp;--- 25 Jan 13:49:00 641 - [[ChromeDriver: chrome on windows (cc25d010c947238b39aa2eaaa2adc63b)] -> css selector: div[class*='oxd-toast--success']] displayed</small> </font> </div>
<div class="test-event"> <font color="maroon"> <small> &emsp; &emsp;--- 25 Jan 13:49:00 694 - [[ChromeDriver: chrome on windows (cc25d010c947238b39aa2eaaa2adc63b)] -> css selector: span[class*='oxd-main-menu-item--name']] displayed</small> </font> </div>
<div class="test-event"> <font color="maroon"> <small> &emsp; &emsp;--- 25 Jan 13:49:00 749 - PIM Element displayed</small> </font> </div>
<div class="test-event"> <font color="maroon"> <small> &emsp; &emsp;--- 25 Jan 13:49:00 811 - Webelement dimension: (39, 19)</small> </font> </div>
<div class="test-event"> <font color="maroon"> <small> &emsp; &emsp;--- 25 Jan 13:49:01 796 - Clicked on PIM</small> </font> </div>
<div class="test-message">&emsp;Main menu : PIM selected&emsp;<a href=".\ScreenShot\TC007_144.png" target="_blank" >[ScreenShot]</a></div>
<div class="test-event"> <font color="maroon"> <small> &emsp; &emsp;--- 25 Jan 13:49:03 240 - Page URL:: https://opensource-demo.orangehrmlive.com/web/index.php/pim/viewemployeelist</small> </font> </div>
<div class="test-event"> <font color="maroon"> <small> &emsp; &emsp;--- 25 Jan 13:49:03 241 - <b>0</b> - Page Load Wait: (Sync) - com.OrangeHRM.utils.WaitUtils.waitForPageLoad(WaitUtils.java:50)</small> </font> </div>
<div class="test-event"> <font color="maroon"> <small> &emsp; &emsp;--- 25 Jan 13:49:03 305 - [[ChromeDriver: chrome on windows (cc25d010c947238b39aa2eaaa2adc63b)] -> css selector: h6[class*='oxd-topbar-header']] displayed</small> </font> </div>
<div class="test-event"> <font color="maroon"> <small> &emsp; &emsp;--- 25 Jan 13:49:03 354 - Webelement dimension: (109, 31)</small> </font> </div>
<div class="test-event"> <font color="maroon"> <small> &emsp; &emsp;--- 25 Jan 13:49:03 938 - Clicked on Add button</small> </font> </div>
<div class="test-event"> <font color="maroon"> <small> &emsp; &emsp;--- 25 Jan 13:49:04 814 - Entered value Loralee in FirstName</small> </font> </div>
<div class="test-event"> <font color="maroon"> <small> &emsp; &emsp;--- 25 Jan 13:49:05 145 - Entered value Kilback in LastName</small> </font> </div>
<div class="test-event"> <font color="maroon"> <small> &emsp; &emsp;--- 25 Jan 13:49:05 451 - Entered value 18 in Employeee Id</small> </font> </div>
<div class="test-event"> <font color="maroon"> <small> &emsp; &emsp;--- 25 Jan 13:49:05 492 - [[ChromeDriver: chrome on windows (cc25d010c947238b39aa2eaaa2adc63b)] -> css selector: div.oxd-grid-2 input[class*='oxd-input oxd-input']] displayed</small> </font> </div>
<div class="test-message">&emsp;Employee Id : 030418&emsp;<a href=".\ScreenShot\TC007_145.png" target="_blank" >[ScreenShot]</a></div>
<div class="test-event"> <font color="maroon"> <small> &emsp; &emsp;--- 25 Jan 13:49:06 039 - Webelement dimension: (100, 31)</small> </font> </div>
<div class="test-event"> <font color="maroon"> <small> &emsp; &emsp;--- 25 Jan 13:49:06 094 - Clicked on Save button</small> </font> </div>
<div class="test-event"> <font color="maroon"> <small> &emsp; &emsp;--- 25 Jan 13:49:06 698 - [[ChromeDriver: chrome on windows (cc25d010c947238b39aa2eaaa2adc63b)] -> css selector: div[class*='oxd-toast--success']] displayed</small> </font> </div>
<div class="test-event"> <font color="maroon"> <small> &emsp; &emsp;--- 25 Jan 13:49:06 733 - Employee List Element displayed</small> </font> </div>
<div class="test-event"> <font color="maroon"> <small> &emsp; &emsp;--- 25 Jan 13:49:06 752 - Webelement dimension: (76, 16)</small> </font> </div>
<div class="test-event"> <font color="maroon"> <small> &emsp; &emsp;--- 25 Jan 13:49:07 342 - Clicked on Employee List</small> </font> </div>
<div class="test-message">&emsp;Nav menu : Employee List selected&emsp;<a href=".\ScreenShot\TC007_146.png" target="_blank" >[ScreenShot]</a></div>
<div class="test-message">&emsp;Employee Name: Loralee Kilback selected&emsp;<a href=".\ScreenShot\TC007_147.png" target="_blank" >[ScreenShot]</a></div>
<div class="test-event"> <font color="maroon"> <small> &emsp; &emsp;--- 25 Jan 13:49:12 929 - Options Element displayed</small> </font> </div>
<div class="test-event"> <font color="maroon"> <small> &emsp; &emsp;--- 25 Jan 13:49:12 949 - Options elements displayed size: 1</small> </font> </div>
<div class="test-event"> <font color="maroon"> <small> &emsp; &emsp;--- 25 Jan 13:49:12 968 - Webelement dimension: (391, 35)</small> </font> </div>
<div class="test-event"> <font color="maroon"> <small> &emsp; &emsp;--- 25 Jan 13:49:13 041 - Clicked on Option field</small> </font> </div>
<div class="test-event"> <font color="maroon"> <small> &emsp; &emsp;--- 25 Jan 13:49:13 078 - Employee Id Element displayed</small> </font> </div>
<div class="test-event"> <font color="maroon"> <small> &emsp; &emsp;--- 25 Jan 13:49:13 443 - Entered value 030418 in Employee Id</small> </font> </div>
<div class="test-event"> <font color="maroon"> <small> &emsp; &emsp;--- 25 Jan 13:49:13 461 - Webelement dimension: (107, 31)</small> </font> </div>
<div class="test-event"> <font color="maroon"> <small> &emsp; &emsp;--- 25 Jan 13:49:13 525 - Clicked on Search button</small> </font> </div>
<div class="test-event"> <font color="maroon"> <small> &emsp; &emsp;--- 25 Jan 13:49:14 077 - Table rows Element displayed</small> </font> </div>
<div class="test-event"> <font color="maroon"> <small> &emsp; &emsp;--- 25 Jan 13:49:14 098 - Table rows elements displayed size: 1</small> </font> </div>
<div class="test-event"> <font color="maroon"> <small> &emsp; &emsp;--- 25 Jan 13:49:14 127 - [[ChromeDriver: chrome on windows (cc25d010c947238b39aa2eaaa2adc63b)] -> xpath: //span[text()='(1) Record Found']] displayed</small> </font> </div>
<div class="test-event"> <font color="maroon"> <small> &emsp; &emsp;--- 25 Jan 13:49:14 203 - Text value displayed for Table field : 030418</small> </font> </div>
<div class="test-event"> <font color="maroon"> <small> &emsp; &emsp;--- 25 Jan 13:49:14 246 - Text value displayed for Table field : Loralee</small> </font> </div>
<div class="test-event"> <font color="maroon"> <small> &emsp; &emsp;--- 25 Jan 13:49:14 288 - Text value displayed for Table field : Kilback</small> </font> </div>
<div class="test-message">&emsp;Employee Details is verified successfully&emsp;<a href=".\ScreenShot\TC007_148.png" target="_blank" >[ScreenShot]</a></div>
<div class="test-event"> <font color="maroon"> <small> &emsp; &emsp;--- 25 Jan 13:49:14 813 - Webelement dimension: (1710, 46)</small> </font> </div>
<div class="test-event"> <font color="maroon"> <small> &emsp; &emsp;--- 25 Jan 13:49:15 770 - Clicked on Employee row</small> </font> </div>
<div class="test-event"> <font color="maroon"> <small> &emsp; &emsp;--- 25 Jan 13:49:15 797 - Page URL:: https://opensource-demo.orangehrmlive.com/web/index.php/pim/viewpersonaldetails/empnumber/103</small> </font> </div>
<div class="test-event"> <font color="maroon"> <small> &emsp; &emsp;--- 25 Jan 13:49:15 797 - <b>0</b> - Page Load Wait: (Sync) - com.OrangeHRM.utils.WaitUtils.waitForPageLoad(WaitUtils.java:50)</small> </font> </div>
<div class="test-event"> <font color="maroon"> <small> &emsp; &emsp;--- 25 Jan 13:49:16 796 - [[ChromeDriver: chrome on windows (cc25d010c947238b39aa2eaaa2adc63b)] -> css selector: div[class='orangehrm-edit-employee-name']] displayed</small> </font> </div>
<div class="test-event"> <font color="maroon"> <small> &emsp; &emsp;--- 25 Jan 13:49:16 838 - Nationality Element displayed</small> </font> </div>
<div class="test-event"> <font color="maroon"> <small> &emsp; &emsp;--- 25 Jan 13:49:16 859 - Webelement dimension: (468, 45)</small> </font> </div>
<div class="test-event"> <font color="maroon"> <small> &emsp; &emsp;--- 25 Jan 13:49:17 360 - Clicked on Nationality</small> </font> </div>
<div class="test-event"> <font color="maroon"> <small> &emsp; &emsp;--- 25 Jan 13:49:17 463 - Options elements displayed: 193</small> </font> </div>
<div class="test-event"> <font color="maroon"> <small> &emsp; &emsp;--- 25 Jan 13:49:17 508 - Options elements displayed size: 193</small> </font> </div>
<div class="test-event"> <font color="maroon"> <small> &emsp; &emsp;--- 25 Jan 13:49:17 603 - Webelement dimension: (55, 16)</small> </font> </div>
<div class="test-event"> <font color="maroon"> <small> &emsp; &emsp;--- 25 Jan 13:49:17 652 - Clicked on Australian</small> </font> </div>
<div class="test-message">&emsp;Nationality: Australian selected&emsp;<a href=".\ScreenShot\TC007_149.png" target="_blank" >[ScreenShot]</a></div>
<div class="test-message">&emsp;Nationality: Australian selected&emsp;<a href=".\ScreenShot\TC007_150.png" target="_blank" >[ScreenShot]</a></div>
<div class="test-event"> <font color="maroon"> <small> &emsp; &emsp;--- 25 Jan 13:49:18 616 - Marital Status Element displayed</small> </font> </div>
<div class="test-event"> <font color="maroon"> <small> &emsp; &emsp;--- 25 Jan 13:49:18 632 - Webelement dimension: (468, 45)</small> </font> </div>
<div class="test-event"> <font color="maroon"> <small> &emsp; &emsp;--- 25 Jan 13:49:18 663 - Clicked on Marital Status</small> </font> </div>
<div class="test-event"> <font color="maroon"> <small> &emsp; &emsp;--- 25 Jan 13:49:18 682 - Options elements displayed: 3</small> </font> </div>
<div class="test-event"> <font color="maroon"> <small> &emsp; &emsp;--- 25 Jan 13:49:18 696 - Options elements displayed size: 3</small> </font> </div>
<div class="test-event"> <font color="maroon"> <small> &emsp; &emsp;--- 25 Jan 13:49:18 723 - Webelement dimension: (41, 16)</small> </font> </div>
<div class="test-event"> <font color="maroon"> <small> &emsp; &emsp;--- 25 Jan 13:49:18 804 - Clicked on Married</small> </font> </div>
<div class="test-message">&emsp;Marital Status: Married selected&emsp;<a href=".\ScreenShot\TC007_151.png" target="_blank" >[ScreenShot]</a></div>
<div class="test-message">&emsp;Marital Status: Married selected&emsp;<a href=".\ScreenShot\TC007_152.png" target="_blank" >[ScreenShot]</a></div>
<div class="test-event"> <font color="maroon"> <small> &emsp; &emsp;--- 25 Jan 13:49:19 802 - Date of Birth Element displayed</small> </font> </div>
<div class="test-event"> <font color="maroon"> <small> &emsp; &emsp;--- 25 Jan 13:49:20 248 - Entered value 1976-02-20 in Date of Birth</small> </font> </div>
<div class="test-message">&emsp;Date of Birth: 1976-02-20 selected&emsp;<a href=".\ScreenShot\TC007_153.png" target="_blank" >[ScreenShot]</a></div>
<div class="test-event"> <font color="maroon"> <small> &emsp; &emsp;--- 25 Jan 13:49:20 842 - Gender Element displayed</small> </font> </div>
<div class="test-event"> <font color="maroon"> <small> &emsp; &emsp;--- 25 Jan 13:49:20 876 - Webelement dimension: (17, 17)</small> </font> </div>
<div class="test-event"> <font color="maroon"> <small> &emsp; &emsp;--- 25 Jan 13:49:20 940 - Clicked on Gender</small> </font> </div>
<div class="test-event"> <font color="maroon"> <small> &emsp; &emsp;--- 25 Jan 13:49:20 961 - Webelement dimension: (100, 30)</small> </font> </div>
<div class="test-event"> <font color="maroon"> <small> &emsp; &emsp;--- 25 Jan 13:49:21 014 - Clicked on Save Employee details</small> </font> </div>
<div class="test-event"> <font color="maroon"> <small> &emsp; &emsp;--- 25 Jan 13:49:21 607 - [[ChromeDriver: chrome on windows (cc25d010c947238b39aa2eaaa2adc63b)] -> css selector: div[class*='oxd-toast--success']] displayed</small> </font> </div>
<div class="test-event"> <font color="maroon"> <small> &emsp; &emsp;--- 25 Jan 13:49:21 622 - Page URL:: https://opensource-demo.orangehrmlive.com/web/index.php/pim/viewpersonaldetails/empnumber/103</small> </font> </div>
<div class="test-event"> <font color="maroon"> <small> &emsp; &emsp;--- 25 Jan 13:49:21 622 - <b>0</b> - Page Load Wait: (Sync) - com.OrangeHRM.utils.WaitUtils.waitForPageLoad(WaitUtils.java:50)</small> </font> </div>
<div class="test-event"> <font color="maroon"> <small> &emsp; &emsp;--- 25 Jan 13:49:21 645 - [[ChromeDriver: chrome on windows (cc25d010c947238b39aa2eaaa2adc63b)] -> css selector: h6[class*='oxd-topbar-header']] displayed</small> </font> </div>
<div class="test-event"> <font color="maroon"> <small> &emsp; &emsp;--- 25 Jan 13:49:21 688 - Blood Type Element displayed</small> </font> </div>
<div class="test-event"> <font color="maroon"> <small> &emsp; &emsp;--- 25 Jan 13:49:21 723 - Webelement dimension: (468, 45)</small> </font> </div>
<div class="test-event"> <font color="maroon"> <small> &emsp; &emsp;--- 25 Jan 13:49:21 783 - Clicked on Blood Type</small> </font> </div>
<div class="test-event"> <font color="maroon"> <small> &emsp; &emsp;--- 25 Jan 13:49:21 824 - Options elements displayed: 8</small> </font> </div>
<div class="test-event"> <font color="maroon"> <small> &emsp; &emsp;--- 25 Jan 13:49:21 859 - Options elements displayed size: 8</small> </font> </div>
<div class="test-event"> <font color="maroon"> <small> &emsp; &emsp;--- 25 Jan 13:49:21 945 - Webelement dimension: (15, 16)</small> </font> </div>
<div class="test-event"> <font color="maroon"> <small> &emsp; &emsp;--- 25 Jan 13:49:21 995 - Clicked on B+</small> </font> </div>
<div class="test-message">&emsp;Blood Type: B+ selected&emsp;<a href=".\ScreenShot\TC007_154.png" target="_blank" >[ScreenShot]</a></div>
<div class="test-message">&emsp;Blood Type: B+ selected&emsp;<a href=".\ScreenShot\TC007_155.png" target="_blank" >[ScreenShot]</a></div>
<div class="test-event"> <font color="maroon"> <small> &emsp; &emsp;--- 25 Jan 13:49:23 145 - Webelement dimension: (100, 30)</small> </font> </div>
<div class="test-event"> <font color="maroon"> <small> &emsp; &emsp;--- 25 Jan 13:49:23 209 - Clicked on Save Employee Custom fields</small> </font> </div>
<div class="test-event"> <font color="maroon"> <small> &emsp; &emsp;--- 25 Jan 13:49:23 239 - [[ChromeDriver: chrome on windows (cc25d010c947238b39aa2eaaa2adc63b)] -> css selector: div[class*='oxd-toast--success']] displayed</small> </font> </div>
<div class="test-event"> <font color="maroon"> <small> &emsp; &emsp;--- 25 Jan 13:49:23 251 - Page URL:: https://opensource-demo.orangehrmlive.com/web/index.php/pim/viewpersonaldetails/empnumber/103</small> </font> </div>
<div class="test-event"> <font color="maroon"> <small> &emsp; &emsp;--- 25 Jan 13:49:23 251 - <b>0</b> - Page Load Wait: (Sync) - com.OrangeHRM.utils.WaitUtils.waitForPageLoad(WaitUtils.java:50)</small> </font> </div>
<div class="test-event"> <font color="maroon"> <small> &emsp; &emsp;--- 25 Jan 13:49:23 279 - [[ChromeDriver: chrome on windows (cc25d010c947238b39aa2eaaa2adc63b)] -> css selector: h6[class*='oxd-topbar-header']] displayed</small> </font> </div>
<div class="test-event"> <font color="maroon"> <small> &emsp; &emsp;--- 25 Jan 13:49:23 314 - Contact Details Element displayed</small> </font> </div>
<div class="test-event"> <font color="maroon"> <small> &emsp; &emsp;--- 25 Jan 13:49:23 333 - Webelement dimension: (188, 35)</small> </font> </div>
<div class="test-event"> <font color="maroon"> <small> &emsp; &emsp;--- 25 Jan 13:49:24 311 - Clicked on Contact Details</small> </font> </div>
<div class="test-message">&emsp;PIM Tab : Contact Details selected&emsp;<a href=".\ScreenShot\TC007_156.png" target="_blank" >[ScreenShot]</a></div>
<div class="test-event"> <font color="maroon"> <small> &emsp; &emsp;--- 25 Jan 13:49:24 739 - Page URL:: https://opensource-demo.orangehrmlive.com/web/index.php/pim/contactdetails/empnumber/103</small> </font> </div>
<div class="test-event"> <font color="maroon"> <small> &emsp; &emsp;--- 25 Jan 13:49:24 739 - <b>0</b> - Page Load Wait: (Sync) - com.OrangeHRM.utils.WaitUtils.waitForPageLoad(WaitUtils.java:50)</small> </font> </div>
<div class="test-event"> <font color="maroon"> <small> &emsp; &emsp;--- 25 Jan 13:49:26 001 - [[ChromeDriver: chrome on windows (cc25d010c947238b39aa2eaaa2adc63b)] -> css selector: div[class='orangehrm-edit-employee-name']] displayed</small> </font> </div>
<div class="test-event"> <font color="maroon"> <small> &emsp; &emsp;--- 25 Jan 13:49:26 055 - Street 1 Element displayed</small> </font> </div>
<div class="test-event"> <font color="maroon"> <small> &emsp; &emsp;--- 25 Jan 13:49:26 513 - Entered value 210 Metz Green in Street 1</small> </font> </div>
<div class="test-message">&emsp;Street 1: 210 Metz Green selected&emsp;<a href=".\ScreenShot\TC007_157.png" target="_blank" >[ScreenShot]</a></div>
<div class="test-event"> <font color="maroon"> <small> &emsp; &emsp;--- 25 Jan 13:49:27 160 - City Element displayed</small> </font> </div>
<div class="test-event"> <font color="maroon"> <small> &emsp; &emsp;--- 25 Jan 13:49:28 274 - Entered value East Kellee in City</small> </font> </div>
<div class="test-message">&emsp;City: East Kellee selected&emsp;<a href=".\ScreenShot\TC007_158.png" target="_blank" >[ScreenShot]</a></div>
<div class="test-event"> <font color="maroon"> <small> &emsp; &emsp;--- 25 Jan 13:49:28 856 - State/Province Element displayed</small> </font> </div>
<div class="test-event"> <font color="maroon"> <small> &emsp; &emsp;--- 25 Jan 13:49:29 265 - Entered value Maryland in State/Province</small> </font> </div>
<div class="test-message">&emsp;State/Province: Maryland selected&emsp;<a href=".\ScreenShot\TC007_159.png" target="_blank" >[ScreenShot]</a></div>
<div class="test-event"> <font color="maroon"> <small> &emsp; &emsp;--- 25 Jan 13:49:29 815 - Zip/Postal Code Element displayed</small> </font> </div>
<div class="test-event"> <font color="maroon"> <small> &emsp; &emsp;--- 25 Jan 13:49:30 159 - Entered value 86280 in Zip/Postal Code</small> </font> </div>
<div class="test-message">&emsp;Zip/Postal Code: 86280 selected&emsp;<a href=".\ScreenShot\TC007_160.png" target="_blank" >[ScreenShot]</a></div>
<div class="test-event"> <font color="maroon"> <small> &emsp; &emsp;--- 25 Jan 13:49:30 675 - Country Element displayed</small> </font> </div>
<div class="test-event"> <font color="maroon"> <small> &emsp; &emsp;--- 25 Jan 13:49:30 696 - Webelement dimension: (468, 45)</small> </font> </div>
<div class="test-event"> <font color="maroon"> <small> &emsp; &emsp;--- 25 Jan 13:49:30 778 - Clicked on Country</small> </font> </div>
<div class="test-event"> <font color="maroon"> <small> &emsp; &emsp;--- 25 Jan 13:49:30 828 - Options elements displayed: 239</small> </font> </div>
<div class="test-event"> <font color="maroon"> <small> &emsp; &emsp;--- 25 Jan 13:49:30 869 - Options elements displayed size: 239</small> </font> </div>
<div class="test-event"> <font color="maroon"> <small> &emsp; &emsp;--- 25 Jan 13:49:33 209 - Webelement dimension: (67, 16)</small> </font> </div>
<div class="test-event"> <font color="maroon"> <small> &emsp; &emsp;--- 25 Jan 13:49:33 276 - Clicked on South Africa</small> </font> </div>
<div class="test-message">&emsp;Country: South Africa selected&emsp;<a href=".\ScreenShot\TC007_161.png" target="_blank" >[ScreenShot]</a></div>
<div class="test-message">&emsp;Country: South Africa selected&emsp;<a href=".\ScreenShot\TC007_162.png" target="_blank" >[ScreenShot]</a></div>
<div class="test-event"> <font color="maroon"> <small> &emsp; &emsp;--- 25 Jan 13:49:34 339 - Mobile Element displayed</small> </font> </div>
<div class="test-event"> <font color="maroon"> <small> &emsp; &emsp;--- 25 Jan 13:49:34 805 - Entered value 4495772696 in Mobile</small> </font> </div>
<div class="test-message">&emsp;Mobile: 4495772696 selected&emsp;<a href=".\ScreenShot\TC007_163.png" target="_blank" >[ScreenShot]</a></div>
<div class="test-event"> <font color="maroon"> <small> &emsp; &emsp;--- 25 Jan 13:49:35 432 - Work Email Element displayed</small> </font> </div>
<div class="test-event"> <font color="maroon"> <small> &emsp; &emsp;--- 25 Jan 13:49:36 041 - Entered value brigid.leffler@hotmail.com in Work Email</small> </font> </div>
<div class="test-message">&emsp;Work Email: brigid.leffler@hotmail.com selected&emsp;<a href=".\ScreenShot\TC007_164.png" target="_blank" >[ScreenShot]</a></div>
<div class="test-event"> <font color="maroon"> <small> &emsp; &emsp;--- 25 Jan 13:49:37 202 - Webelement dimension: (100, 30)</small> </font> </div>
<div class="test-event"> <font color="maroon"> <small> &emsp; &emsp;--- 25 Jan 13:49:37 348 - Clicked on Save Employee contact details</small> </font> </div>
<div class="test-event"> <font color="maroon"> <small> &emsp; &emsp;--- 25 Jan 13:49:39 023 - [[ChromeDriver: chrome on windows (cc25d010c947238b39aa2eaaa2adc63b)] -> css selector: div[class*='oxd-toast--success']] displayed</small> </font> </div>
<div class="test-event"> <font color="maroon"> <small> &emsp; &emsp;--- 25 Jan 13:49:39 044 - Page URL:: https://opensource-demo.orangehrmlive.com/web/index.php/pim/contactdetails/empnumber/103</small> </font> </div>
<div class="test-event"> <font color="maroon"> <small> &emsp; &emsp;--- 25 Jan 13:49:39 044 - <b>0</b> - Page Load Wait: (Sync) - com.OrangeHRM.utils.WaitUtils.waitForPageLoad(WaitUtils.java:50)</small> </font> </div>
<div class="test-event"> <font color="maroon"> <small> &emsp; &emsp;--- 25 Jan 13:49:39 089 - [[ChromeDriver: chrome on windows (cc25d010c947238b39aa2eaaa2adc63b)] -> css selector: h6[class*='oxd-topbar-header']] displayed</small> </font> </div>
<div class="test-event"> <font color="maroon"> <small> &emsp; &emsp;--- 25 Jan 13:49:39 121 - Job Element displayed</small> </font> </div>
<div class="test-event"> <font color="maroon"> <small> &emsp; &emsp;--- 25 Jan 13:49:39 146 - Webelement dimension: (188, 35)</small> </font> </div>
<div class="test-event"> <font color="maroon"> <small> &emsp; &emsp;--- 25 Jan 13:49:40 203 - Clicked on Job</small> </font> </div>
<div class="test-message">&emsp;PIM Tab : Job selected&emsp;<a href=".\ScreenShot\TC007_165.png" target="_blank" >[ScreenShot]</a></div>
<div class="test-event"> <font color="maroon"> <small> &emsp; &emsp;--- 25 Jan 13:49:40 722 - Page URL:: https://opensource-demo.orangehrmlive.com/web/index.php/pim/viewjobdetails/empnumber/103</small> </font> </div>
<div class="test-event"> <font color="maroon"> <small> &emsp; &emsp;--- 25 Jan 13:49:40 723 - <b>0</b> - Page Load Wait: (Sync) - com.OrangeHRM.utils.WaitUtils.waitForPageLoad(WaitUtils.java:50)</small> </font> </div>
<div class="test-event"> <font color="maroon"> <small> &emsp; &emsp;--- 25 Jan 13:49:41 477 - [[ChromeDriver: chrome on windows (cc25d010c947238b39aa2eaaa2adc63b)] -> css selector: div[class='orangehrm-edit-employee-name']] displayed</small> </font> </div>
<div class="test-event"> <font color="maroon"> <small> &emsp; &emsp;--- 25 Jan 13:49:41 518 - Joined Date Element displayed</small> </font> </div>
<div class="test-event"> <font color="maroon"> <small> &emsp; &emsp;--- 25 Jan 13:49:42 350 - Entered value 1976-02-20 in Joined Date</small> </font> </div>
<div class="test-message">&emsp;Joined Date: 1976-02-20 selected&emsp;<a href=".\ScreenShot\TC007_166.png" target="_blank" >[ScreenShot]</a></div>
<div class="test-event"> <font color="maroon"> <small> &emsp; &emsp;--- 25 Jan 13:49:42 932 - Job Title Element displayed</small> </font> </div>
<div class="test-event"> <font color="maroon"> <small> &emsp; &emsp;--- 25 Jan 13:49:42 959 - Webelement dimension: (468, 45)</small> </font> </div>
<div class="test-event"> <font color="maroon"> <small> &emsp; &emsp;--- 25 Jan 13:49:43 017 - Clicked on Job Title</small> </font> </div>
<div class="test-event"> <font color="maroon"> <small> &emsp; &emsp;--- 25 Jan 13:49:43 053 - Options elements displayed: 27</small> </font> </div>
<div class="test-event"> <font color="maroon"> <small> &emsp; &emsp;--- 25 Jan 13:49:43 087 - Options elements displayed size: 27</small> </font> </div>
<div class="test-event"> <font color="maroon"> <small> &emsp; &emsp;--- 25 Jan 13:49:43 431 - Job Title Element displayed</small> </font> </div>
<div class="test-event"> <font color="maroon"> <small> &emsp; &emsp;--- 25 Jan 13:49:43 455 - Webelement dimension: (112, 16)</small> </font> </div>
<div class="test-event"> <font color="maroon"> <small> &emsp; &emsp;--- 25 Jan 13:49:43 514 - Clicked on Sales Representative</small> </font> </div>
<div class="test-message">&emsp;Job Title: Sales Representative selected&emsp;<a href=".\ScreenShot\TC007_167.png" target="_blank" >[ScreenShot]</a></div>
<div class="test-event"> <font color="maroon"> <small> &emsp; &emsp;--- 25 Jan 13:49:44 073 - Job Category Element displayed</small> </font> </div>
<div class="test-event"> <font color="maroon"> <small> &emsp; &emsp;--- 25 Jan 13:49:44 103 - Webelement dimension: (468, 45)</small> </font> </div>
<div class="test-event"> <font color="maroon"> <small> &emsp; &emsp;--- 25 Jan 13:49:44 155 - Clicked on Job Category</small> </font> </div>
<div class="test-event"> <font color="maroon"> <small> &emsp; &emsp;--- 25 Jan 13:49:44 225 - Options elements displayed: 10</small> </font> </div>
<div class="test-event"> <font color="maroon"> <small> &emsp; &emsp;--- 25 Jan 13:49:44 263 - Options elements displayed size: 10</small> </font> </div>
<div class="test-event"> <font color="maroon"> <small> &emsp; &emsp;--- 25 Jan 13:49:44 404 - Job Category Element displayed</small> </font> </div>
<div class="test-event"> <font color="maroon"> <small> &emsp; &emsp;--- 25 Jan 13:49:44 425 - Webelement dimension: (47, 16)</small> </font> </div>
<div class="test-event"> <font color="maroon"> <small> &emsp; &emsp;--- 25 Jan 13:49:44 476 - Clicked on Engineer</small> </font> </div>
<div class="test-message">&emsp;Job Category: Engineer selected&emsp;<a href=".\ScreenShot\TC007_168.png" target="_blank" >[ScreenShot]</a></div>
<div class="test-event"> <font color="maroon"> <small> &emsp; &emsp;--- 25 Jan 13:49:45 011 - Sub Unit Element displayed</small> </font> </div>
<div class="test-event"> <font color="maroon"> <small> &emsp; &emsp;--- 25 Jan 13:49:45 028 - Webelement dimension: (468, 45)</small> </font> </div>
<div class="test-event"> <font color="maroon"> <small> &emsp; &emsp;--- 25 Jan 13:49:45 071 - Clicked on Sub Unit</small> </font> </div>
<div class="test-event"> <font color="maroon"> <small> &emsp; &emsp;--- 25 Jan 13:49:45 094 - Options elements displayed: 14</small> </font> </div>
<div class="test-event"> <font color="maroon"> <small> &emsp; &emsp;--- 25 Jan 13:49:45 115 - Options elements displayed size: 14</small> </font> </div>
<div class="test-event"> <font color="maroon"> <small> &emsp; &emsp;--- 25 Jan 13:49:45 324 - Sub Unit Element displayed</small> </font> </div>
<div class="test-event"> <font color="maroon"> <small> &emsp; &emsp;--- 25 Jan 13:49:45 360 - Webelement dimension: (79, 16)</small> </font> </div>
<div class="test-event"> <font color="maroon"> <small> &emsp; &emsp;--- 25 Jan 13:49:45 455 - Clicked on Administration</small> </font> </div>
<div class="test-message">&emsp;Sub Unit: Administration selected&emsp;<a href=".\ScreenShot\TC007_169.png" target="_blank" >[ScreenShot]</a></div>
<div class="test-event"> <font color="maroon"> <small> &emsp; &emsp;--- 25 Jan 13:49:45 978 - Location Element displayed</small> </font> </div>
<div class="test-event"> <font color="maroon"> <small> &emsp; &emsp;--- 25 Jan 13:49:46 017 - Webelement dimension: (468, 45)</small> </font> </div>
<div class="test-event"> <font color="maroon"> <small> &emsp; &emsp;--- 25 Jan 13:49:46 063 - Clicked on Location</small> </font> </div>
<div class="test-event"> <font color="maroon"> <small> &emsp; &emsp;--- 25 Jan 13:49:46 086 - Options elements displayed: 4</small> </font> </div>
<div class="test-event"> <font color="maroon"> <small> &emsp; &emsp;--- 25 Jan 13:49:46 413 - Options elements displayed size: 4</small> </font> </div>
<div class="test-event"> <font color="maroon"> <small> &emsp; &emsp;--- 25 Jan 13:49:46 507 - Location Element displayed</small> </font> </div>
<div class="test-event"> <font color="maroon"> <small> &emsp; &emsp;--- 25 Jan 13:49:46 595 - Webelement dimension: (59, 16)</small> </font> </div>
<div class="test-event"> <font color="maroon"> <small> &emsp; &emsp;--- 25 Jan 13:49:46 640 - Clicked on Texas R&D</small> </font> </div>
<div class="test-message">&emsp;Location: Texas R&D selected&emsp;<a href=".\ScreenShot\TC007_170.png" target="_blank" >[ScreenShot]</a></div>
<div class="test-event"> <font color="maroon"> <small> &emsp; &emsp;--- 25 Jan 13:49:47 186 - Employment Status Element displayed</small> </font> </div>
<div class="test-event"> <font color="maroon"> <small> &emsp; &emsp;--- 25 Jan 13:49:47 207 - Webelement dimension: (468, 45)</small> </font> </div>
<div class="test-event"> <font color="maroon"> <small> &emsp; &emsp;--- 25 Jan 13:49:47 263 - Clicked on Employment Status</small> </font> </div>
<div class="test-event"> <font color="maroon"> <small> &emsp; &emsp;--- 25 Jan 13:49:47 298 - Options elements displayed: 7</small> </font> </div>
<div class="test-event"> <font color="maroon"> <small> &emsp; &emsp;--- 25 Jan 13:49:47 325 - Options elements displayed size: 7</small> </font> </div>
<div class="test-event"> <font color="maroon"> <small> &emsp; &emsp;--- 25 Jan 13:49:47 470 - Employment Status Element displayed</small> </font> </div>
<div class="test-event"> <font color="maroon"> <small> &emsp; &emsp;--- 25 Jan 13:49:47 490 - Webelement dimension: (99, 16)</small> </font> </div>
<div class="test-event"> <font color="maroon"> <small> &emsp; &emsp;--- 25 Jan 13:49:47 546 - Clicked on Full-Time Contract</small> </font> </div>
<div class="test-message">&emsp;Employment Status: Full-Time Contract selected&emsp;<a href=".\ScreenShot\TC007_171.png" target="_blank" >[ScreenShot]</a></div>
<div class="test-event"> <font color="maroon"> <small> &emsp; &emsp;--- 25 Jan 13:49:48 666 - Webelement dimension: (100, 30)</small> </font> </div>
<div class="test-event"> <font color="maroon"> <small> &emsp; &emsp;--- 25 Jan 13:49:48 740 - Clicked on Save Employee Job details</small> </font> </div>
<div class="test-event"> <font color="maroon"> <small> &emsp; &emsp;--- 25 Jan 13:49:49 928 - [[ChromeDriver: chrome on windows (cc25d010c947238b39aa2eaaa2adc63b)] -> css selector: div[class*='oxd-toast--success']] displayed</small> </font> </div>
<div class="test-event"> <font color="maroon"> <small> &emsp; &emsp;--- 25 Jan 13:49:49 955 - Page URL:: https://opensource-demo.orangehrmlive.com/web/index.php/pim/viewjobdetails/empnumber/103</small> </font> </div>
<div class="test-event"> <font color="maroon"> <small> &emsp; &emsp;--- 25 Jan 13:49:49 955 - <b>0</b> - Page Load Wait: (Sync) - com.OrangeHRM.utils.WaitUtils.waitForPageLoad(WaitUtils.java:50)</small> </font> </div>
<div class="test-event"> <font color="maroon"> <small> &emsp; &emsp;--- 25 Jan 13:49:49 999 - [[ChromeDriver: chrome on windows (cc25d010c947238b39aa2eaaa2adc63b)] -> css selector: h6[class*='oxd-topbar-header']] displayed</small> </font> </div>
<div class="test-event"> <font color="maroon"> <small> &emsp; &emsp;--- 25 Jan 13:49:50 042 - Report-to Element displayed</small> </font> </div>
<div class="test-event"> <font color="maroon"> <small> &emsp; &emsp;--- 25 Jan 13:49:50 087 - Webelement dimension: (188, 35)</small> </font> </div>
<div class="test-event"> <font color="maroon"> <small> &emsp; &emsp;--- 25 Jan 13:49:50 993 - Clicked on Report-to</small> </font> </div>
<div class="test-message">&emsp;PIM Tab : Report-to selected&emsp;<a href=".\ScreenShot\TC007_172.png" target="_blank" >[ScreenShot]</a></div>
<div class="test-event"> <font color="maroon"> <small> &emsp; &emsp;--- 25 Jan 13:49:51 565 - Page URL:: https://opensource-demo.orangehrmlive.com/web/index.php/pim/viewreporttodetails/empnumber/103</small> </font> </div>
<div class="test-event"> <font color="maroon"> <small> &emsp; &emsp;--- 25 Jan 13:49:51 567 - <b>0</b> - Page Load Wait: (Sync) - com.OrangeHRM.utils.WaitUtils.waitForPageLoad(WaitUtils.java:50)</small> </font> </div>
<div class="test-event"> <font color="maroon"> <small> &emsp; &emsp;--- 25 Jan 13:49:52 175 - [[ChromeDriver: chrome on windows (cc25d010c947238b39aa2eaaa2adc63b)] -> css selector: div[class='orangehrm-edit-employee-name']] displayed</small> </font> </div>
<div class="test-event"> <font color="maroon"> <small> &emsp; &emsp;--- 25 Jan 13:49:52 236 - Webelement dimension: (109, 31)</small> </font> </div>
<div class="test-event"> <font color="maroon"> <small> &emsp; &emsp;--- 25 Jan 13:49:52 357 - Clicked on Add Supervisor details</small> </font> </div>
<div class="test-event"> <font color="maroon"> <small> &emsp; &emsp;--- 25 Jan 13:49:57 059 - Options Element displayed</small> </font> </div>
<div class="test-event"> <font color="maroon"> <small> &emsp; &emsp;--- 25 Jan 13:49:57 077 - Webelement dimension: (458, 35)</small> </font> </div>
<div class="test-event"> <font color="maroon"> <small> &emsp; &emsp;--- 25 Jan 13:49:57 124 - Clicked on Option field</small> </font> </div>
<div class="test-event"> <font color="maroon"> <small> &emsp; &emsp;--- 25 Jan 13:49:57 161 - Reporting Method Element displayed</small> </font> </div>
<div class="test-event"> <font color="maroon"> <small> &emsp; &emsp;--- 25 Jan 13:49:57 184 - Webelement dimension: (468, 45)</small> </font> </div>
<div class="test-event"> <font color="maroon"> <small> &emsp; &emsp;--- 25 Jan 13:49:57 273 - Clicked on Reporting Method</small> </font> </div>
<div class="test-event"> <font color="maroon"> <small> &emsp; &emsp;--- 25 Jan 13:49:57 295 - Options elements displayed: 2</small> </font> </div>
<div class="test-event"> <font color="maroon"> <small> &emsp; &emsp;--- 25 Jan 13:49:57 319 - Options elements displayed size: 2</small> </font> </div>
<div class="test-event"> <font color="maroon"> <small> &emsp; &emsp;--- 25 Jan 13:49:57 350 - Webelement dimension: (40, 16)</small> </font> </div>
<div class="test-event"> <font color="maroon"> <small> &emsp; &emsp;--- 25 Jan 13:49:57 407 - Clicked on Indirect</small> </font> </div>
<div class="test-message">&emsp;Reporting Method: Indirect selected&emsp;<a href=".\ScreenShot\TC007_173.png" target="_blank" >[ScreenShot]</a></div>
<div class="test-message">&emsp;Reporting Method: Indirect selected&emsp;<a href=".\ScreenShot\TC007_174.png" target="_blank" >[ScreenShot]</a></div>
<div class="test-event"> <font color="maroon"> <small> &emsp; &emsp;--- 25 Jan 13:49:58 334 - Webelement dimension: (100, 31)</small> </font> </div>
<div class="test-event"> <font color="maroon"> <small> &emsp; &emsp;--- 25 Jan 13:49:58 399 - Clicked on Save Supervisor details</small> </font> </div>
<div class="test-event"> <font color="maroon"> <small> &emsp; &emsp;--- 25 Jan 13:49:59 022 - [[ChromeDriver: chrome on windows (cc25d010c947238b39aa2eaaa2adc63b)] -> css selector: div[class*='oxd-toast--success']] displayed</small> </font> </div>
<div class="test-event"> <font color="maroon"> <small> &emsp; &emsp;--- 25 Jan 13:49:59 041 - Page URL:: https://opensource-demo.orangehrmlive.com/web/index.php/pim/viewreporttodetails/empnumber/103</small> </font> </div>
<div class="test-event"> <font color="maroon"> <small> &emsp; &emsp;--- 25 Jan 13:49:59 041 - <b>0</b> - Page Load Wait: (Sync) - com.OrangeHRM.utils.WaitUtils.waitForPageLoad(WaitUtils.java:50)</small> </font> </div>
<div class="test-event"> <font color="maroon"> <small> &emsp; &emsp;--- 25 Jan 13:49:59 072 - [[ChromeDriver: chrome on windows (cc25d010c947238b39aa2eaaa2adc63b)] -> css selector: h6[class*='oxd-topbar-header']] displayed</small> </font> </div>
<div class="test-event"> <font color="maroon"> <small> &emsp; &emsp;--- 25 Jan 13:49:59 103 - Employee List Element displayed</small> </font> </div>
<div class="test-event"> <font color="maroon"> <small> &emsp; &emsp;--- 25 Jan 13:49:59 125 - Webelement dimension: (76, 16)</small> </font> </div>
<div class="test-event"> <font color="maroon"> <small> &emsp; &emsp;--- 25 Jan 13:49:59 805 - Clicked on Employee List</small> </font> </div>
<div class="test-message">&emsp;Nav menu : Employee List selected&emsp;<a href=".\ScreenShot\TC007_175.png" target="_blank" >[ScreenShot]</a></div>
<div class="test-message">&emsp;Employee Name: Loralee Kilback selected&emsp;<a href=".\ScreenShot\TC007_176.png" target="_blank" >[ScreenShot]</a></div>
<div class="test-event"> <font color="maroon"> <small> &emsp; &emsp;--- 25 Jan 13:50:06 697 - Options Element displayed</small> </font> </div>
<div class="test-event"> <font color="maroon"> <small> &emsp; &emsp;--- 25 Jan 13:50:06 720 - Options elements displayed size: 1</small> </font> </div>
<div class="test-event"> <font color="maroon"> <small> &emsp; &emsp;--- 25 Jan 13:50:06 743 - Webelement dimension: (391, 35)</small> </font> </div>
<div class="test-event"> <font color="maroon"> <small> &emsp; &emsp;--- 25 Jan 13:50:06 804 - Clicked on Option field</small> </font> </div>
<div class="test-event"> <font color="maroon"> <small> &emsp; &emsp;--- 25 Jan 13:50:06 835 - Employee Id Element displayed</small> </font> </div>
<div class="test-event"> <font color="maroon"> <small> &emsp; &emsp;--- 25 Jan 13:50:07 221 - Entered value 030418 in Employee Id</small> </font> </div>
<div class="test-event"> <font color="maroon"> <small> &emsp; &emsp;--- 25 Jan 13:50:07 249 - Webelement dimension: (107, 31)</small> </font> </div>
<div class="test-event"> <font color="maroon"> <small> &emsp; &emsp;--- 25 Jan 13:50:07 323 - Clicked on Search button</small> </font> </div>
<div class="test-event"> <font color="maroon"> <small> &emsp; &emsp;--- 25 Jan 13:50:07 889 - Table rows Element displayed</small> </font> </div>
<div class="test-event"> <font color="maroon"> <small> &emsp; &emsp;--- 25 Jan 13:50:07 929 - Table rows elements displayed size: 1</small> </font> </div>
<div class="test-event"> <font color="maroon"> <small> &emsp; &emsp;--- 25 Jan 13:50:07 988 - [[ChromeDriver: chrome on windows (cc25d010c947238b39aa2eaaa2adc63b)] -> xpath: //span[text()='(1) Record Found']] displayed</small> </font> </div>
<div class="test-event"> <font color="maroon"> <small> &emsp; &emsp;--- 25 Jan 13:50:08 130 - Text value displayed for Table field : 030418</small> </font> </div>
<div class="test-event"> <font color="maroon"> <small> &emsp; &emsp;--- 25 Jan 13:50:08 212 - Text value displayed for Table field : Loralee</small> </font> </div>
<div class="test-event"> <font color="maroon"> <small> &emsp; &emsp;--- 25 Jan 13:50:08 338 - Text value displayed for Table field : Kilback</small> </font> </div>
<div class="test-event"> <font color="maroon"> <small> &emsp; &emsp;--- 25 Jan 13:50:08 418 - Text value displayed for Table field : Sales Representative</small> </font> </div>
<div class="test-event"> <font color="maroon"> <small> &emsp; &emsp;--- 25 Jan 13:50:08 488 - Text value displayed for Table field : Full-Time Contract</small> </font> </div>
<div class="test-event"> <font color="maroon"> <small> &emsp; &emsp;--- 25 Jan 13:50:08 563 - Text value displayed for Table field : Administration</small> </font> </div>
<div class="test-event"> <font color="maroon"> <small> &emsp; &emsp;--- 25 Jan 13:50:08 648 - Text value displayed for Table field : Brendan Connelly</small> </font> </div>
<div class="test-message">&emsp;Employee Details is verified successfully&emsp;<a href=".\ScreenShot\TC007_177.png" target="_blank" >[ScreenShot]</a></div>
<div class="test-event"> <font color="maroon"> <small> &emsp; &emsp;--- 25 Jan 13:50:09 235 - Table rows Element displayed</small> </font> </div>
<div class="test-event"> <font color="maroon"> <small> &emsp; &emsp;--- 25 Jan 13:50:09 259 - Table rows elements displayed size: 1</small> </font> </div>
<div class="test-event"> <font color="maroon"> <small> &emsp; &emsp;--- 25 Jan 13:50:09 299 - [[ChromeDriver: chrome on windows (cc25d010c947238b39aa2eaaa2adc63b)] -> xpath: //span[text()='(1) Record Found']] displayed</small> </font> </div>
<div class="test-event"> <font color="maroon"> <small> &emsp; &emsp;--- 25 Jan 13:50:09 399 - Text value displayed for Table field : 030418</small> </font> </div>
<div class="test-event"> <font color="maroon"> <small> &emsp; &emsp;--- 25 Jan 13:50:09 458 - Text value displayed for Table field : Loralee</small> </font> </div>
<div class="test-event"> <font color="maroon"> <small> &emsp; &emsp;--- 25 Jan 13:50:09 563 - Text value displayed for Table field : Kilback</small> </font> </div>
<div class="test-event"> <font color="maroon"> <small> &emsp; &emsp;--- 25 Jan 13:50:09 674 - Text value displayed for Table field : Sales Representative</small> </font> </div>
<div class="test-event"> <font color="maroon"> <small> &emsp; &emsp;--- 25 Jan 13:50:09 769 - Text value displayed for Table field : Full-Time Contract</small> </font> </div>
<div class="test-event"> <font color="maroon"> <small> &emsp; &emsp;--- 25 Jan 13:50:09 859 - Text value displayed for Table field : Administration</small> </font> </div>
<div class="test-event"> <font color="maroon"> <small> &emsp; &emsp;--- 25 Jan 13:50:09 959 - Text value displayed for Table field : Brendan Connelly</small> </font> </div>
<div class="test-message">&emsp;Given Details is verified successfully&emsp;<a href=".\ScreenShot\TC007_178.png" target="_blank" >[ScreenShot]</a></div>
<div class="test-event"> <font color="maroon"> <small> &emsp; &emsp;--- 25 Jan 13:50:11 220 - Webelement dimension: (36, 36)</small> </font> </div>
<div class="test-event"> <font color="maroon"> <small> &emsp; &emsp;--- 25 Jan 13:50:11 384 - Clicked on Delete icon</small> </font> </div>
<div class="test-event"> <font color="maroon"> <small> &emsp; &emsp;--- 25 Jan 13:50:11 448 - Webelement dimension: (151, 31)</small> </font> </div>
<div class="test-event"> <font color="maroon"> <small> &emsp; &emsp;--- 25 Jan 13:50:11 577 - Clicked on Yes, Delete</small> </font> </div>
<div class="test-message">&emsp;030418 Deleted successfully&emsp;<a href=".\ScreenShot\TC007_179.png" target="_blank" >[ScreenShot]</a></div>
<div class="test-event"> <font color="maroon"> <small> &emsp; &emsp;--- 25 Jan 13:50:12 669 - [[ChromeDriver: chrome on windows (cc25d010c947238b39aa2eaaa2adc63b)] -> css selector: div[class*='oxd-toast--success']] displayed</small> </font> </div>
<div class="test-result"><br><font color="green"><strong> Test Passed. </strong></font> </div>&emsp;
<div class="test-event"> <font color="maroon"> <small> &emsp; &emsp;--- 25 Jan 13:50:12 670 - WebDriver session: ChromeDriver: chrome on windows (cc25d010c947238b39aa2eaaa2adc63b)</small> </font> </div>
<div class="test-event"> <font color="maroon"> <small> &emsp; &emsp;--- 25 Jan 13:50:13 290 - TestCaseID:: TC201</small> </font> </div>
<div class="test-event"> <font color="maroon"> <small> &emsp; &emsp;--- 25 Jan 13:50:14 307 - <b>1</b> - Driver::initialize::Get - com.OrangeHRM.utils.WebDriverFactory.getDriver(WebDriverFactory.java:767)</small> </font> </div>
<div class="test-event"> <font color="maroon"> <small> &emsp; &emsp;--- 25 Jan 13:50:14 307 - WebDriver session: ChromeDriver: chrome on windows (30fe6680e734ff910e247c01d91174c3)</small> </font> </div>
&emsp;<div class="test-title"> <strong><font size = "3" color = "#000080">Apply Leave and verify leave deatails</font> </strong> </div>&emsp;<div><strong>Steps:</strong></div><!-- Report -->&emsp;
<div class="test-event"> <font color="maroon"> <small> &emsp; &emsp;--- 25 Jan 13:50:14 308 - Fetching test data from excel sheet</small> </font> </div>
<div class="test-event"> <font color="maroon"> <small> &emsp; &emsp;--- 25 Jan 13:50:21 273 - Entered value Admin in Username field</small> </font> </div>
<div class="test-event"> <font color="maroon"> <small> &emsp; &emsp;--- 25 Jan 13:50:21 689 - Entered value admin123 in Password field</small> </font> </div>
<div class="test-event"> <font color="maroon"> <small> &emsp; &emsp;--- 25 Jan 13:50:21 721 - Webelement dimension: (485, 46)</small> </font> </div>
<div class="test-event"> <font color="maroon"> <small> &emsp; &emsp;--- 25 Jan 13:50:23 102 - Clicked on Login button</small> </font> </div>
<div class="test-message">&emsp;Login to Application&emsp;<a href=".\ScreenShot\TC201_180.png" target="_blank" >[ScreenShot]</a></div>
<div class="test-event"> <font color="maroon"> <small> &emsp; &emsp;--- 25 Jan 13:50:24 204 - Page URL:: https://opensource-demo.orangehrmlive.com/web/index.php/dashboard/index</small> </font> </div>
<div class="test-event"> <font color="maroon"> <small> &emsp; &emsp;--- 25 Jan 13:50:24 204 - <b>0</b> - Page Load Wait: (Sync) - com.OrangeHRM.utils.WaitUtils.waitForPageLoad(WaitUtils.java:50)</small> </font> </div>
<div class="test-event"> <font color="maroon"> <small> &emsp; &emsp;--- 25 Jan 13:50:24 245 - [[ChromeDriver: chrome on windows (30fe6680e734ff910e247c01d91174c3)] -> css selector: p[class*='orangehrm-copyright']] displayed</small> </font> </div>
<div class="test-event"> <font color="maroon"> <small> &emsp; &emsp;--- 25 Jan 13:50:24 284 - [[ChromeDriver: chrome on windows (30fe6680e734ff910e247c01d91174c3)] -> css selector: span[class*='oxd-main-menu-item--name']] displayed</small> </font> </div>
<div class="test-event"> <font color="maroon"> <small> &emsp; &emsp;--- 25 Jan 13:50:24 320 - PIM Element displayed</small> </font> </div>
<div class="test-event"> <font color="maroon"> <small> &emsp; &emsp;--- 25 Jan 13:50:24 340 - Webelement dimension: (39, 19)</small> </font> </div>
<div class="test-event"> <font color="maroon"> <small> &emsp; &emsp;--- 25 Jan 13:50:25 608 - Clicked on PIM</small> </font> </div>
<div class="test-message">&emsp;Main menu : PIM selected&emsp;<a href=".\ScreenShot\TC201_181.png" target="_blank" >[ScreenShot]</a></div>
<div class="test-event"> <font color="maroon"> <small> &emsp; &emsp;--- 25 Jan 13:50:26 536 - Page URL:: https://opensource-demo.orangehrmlive.com/web/index.php/pim/viewemployeelist</small> </font> </div>
<div class="test-event"> <font color="maroon"> <small> &emsp; &emsp;--- 25 Jan 13:50:26 536 - <b>0</b> - Page Load Wait: (Sync) - com.OrangeHRM.utils.WaitUtils.waitForPageLoad(WaitUtils.java:50)</small> </font> </div>
<div class="test-event"> <font color="maroon"> <small> &emsp; &emsp;--- 25 Jan 13:50:26 924 - [[ChromeDriver: chrome on windows (30fe6680e734ff910e247c01d91174c3)] -> css selector: h6[class*='oxd-topbar-header']] displayed</small> </font> </div>
<div class="test-event"> <font color="maroon"> <small> &emsp; &emsp;--- 25 Jan 13:50:26 959 - Webelement dimension: (109, 30)</small> </font> </div>
<div class="test-event"> <font color="maroon"> <small> &emsp; &emsp;--- 25 Jan 13:50:27 543 - Clicked on Add button</small> </font> </div>
<div class="test-event"> <font color="maroon"> <small> &emsp; &emsp;--- 25 Jan 13:50:28 781 - Entered value Quentin in FirstName</small> </font> </div>
<div class="test-event"> <font color="maroon"> <small> &emsp; &emsp;--- 25 Jan 13:50:29 253 - Entered value Senger in LastName</small> </font> </div>
<div class="test-event"> <font color="maroon"> <small> &emsp; &emsp;--- 25 Jan 13:50:29 544 - Entered value 45 in Employeee Id</small> </font> </div>
<div class="test-event"> <font color="maroon"> <small> &emsp; &emsp;--- 25 Jan 13:50:29 579 - Webelement dimension: (33, 17)</small> </font> </div>
<div class="test-event"> <font color="maroon"> <small> &emsp; &emsp;--- 25 Jan 13:50:29 661 - Clicked on Create login details</small> </font> </div>
<div class="test-event"> <font color="maroon"> <small> &emsp; &emsp;--- 25 Jan 13:50:29 716 - Username Element displayed</small> </font> </div>
<div class="test-event"> <font color="maroon"> <small> &emsp; &emsp;--- 25 Jan 13:50:30 549 - Entered value daniel.kutch in Username</small> </font> </div>
<div class="test-message">&emsp;Username: daniel.kutch selected&emsp;<a href=".\ScreenShot\TC201_182.png" target="_blank" >[ScreenShot]</a></div>
<div class="test-event"> <font color="maroon"> <small> &emsp; &emsp;--- 25 Jan 13:50:31 132 - Password Element displayed</small> </font> </div>
<div class="test-event"> <font color="maroon"> <small> &emsp; &emsp;--- 25 Jan 13:50:31 538 - Entered value 990p06265 in Password</small> </font> </div>
<div class="test-message">&emsp;Password: 990p06265 selected&emsp;<a href=".\ScreenShot\TC201_183.png" target="_blank" >[ScreenShot]</a></div>
<div class="test-event"> <font color="maroon"> <small> &emsp; &emsp;--- 25 Jan 13:50:32 158 - Confirm Password Element displayed</small> </font> </div>
<div class="test-event"> <font color="maroon"> <small> &emsp; &emsp;--- 25 Jan 13:50:32 624 - Entered value 990p06265 in Confirm Password</small> </font> </div>
<div class="test-message">&emsp;Confirm Password: 990p06265 selected&emsp;<a href=".\ScreenShot\TC201_184.png" target="_blank" >[ScreenShot]</a></div>
<div class="test-event"> <font color="maroon"> <small> &emsp; &emsp;--- 25 Jan 13:50:33 168 - Webelement dimension: (100, 31)</small> </font> </div>
<div class="test-event"> <font color="maroon"> <small> &emsp; &emsp;--- 25 Jan 13:50:33 247 - Clicked on Save button</small> </font> </div>
<div class="test-event"> <font color="maroon"> <small> &emsp; &emsp;--- 25 Jan 13:50:36 169 - [[ChromeDriver: chrome on windows (30fe6680e734ff910e247c01d91174c3)] -> css selector: div[class*='oxd-toast--success']] displayed</small> </font> </div>
<div class="test-event"> <font color="maroon"> <small> &emsp; &emsp;--- 25 Jan 13:50:36 212 - [[ChromeDriver: chrome on windows (30fe6680e734ff910e247c01d91174c3)] -> css selector: span[class*='oxd-main-menu-item--name']] displayed</small> </font> </div>
<div class="test-event"> <font color="maroon"> <small> &emsp; &emsp;--- 25 Jan 13:50:36 256 - Leave Element displayed</small> </font> </div>
<div class="test-event"> <font color="maroon"> <small> &emsp; &emsp;--- 25 Jan 13:50:36 286 - Webelement dimension: (51, 19)</small> </font> </div>
<div class="test-event"> <font color="maroon"> <small> &emsp; &emsp;--- 25 Jan 13:50:37 471 - Clicked on Leave</small> </font> </div>
<div class="test-message">&emsp;Main menu : Leave selected&emsp;<a href=".\ScreenShot\TC201_185.png" target="_blank" >[ScreenShot]</a></div>
<div class="test-event"> <font color="maroon"> <small> &emsp; &emsp;--- 25 Jan 13:50:38 086 - Page URL:: https://opensource-demo.orangehrmlive.com/web/index.php/leave/viewleavelist</small> </font> </div>
<div class="test-event"> <font color="maroon"> <small> &emsp; &emsp;--- 25 Jan 13:50:38 086 - <b>0</b> - Page Load Wait: (Sync) - com.OrangeHRM.utils.WaitUtils.waitForPageLoad(WaitUtils.java:50)</small> </font> </div>
<div class="test-event"> <font color="maroon"> <small> &emsp; &emsp;--- 25 Jan 13:50:38 130 - [[ChromeDriver: chrome on windows (30fe6680e734ff910e247c01d91174c3)] -> xpath: //a[text()='My Leave']] displayed</small> </font> </div>
<div class="test-event"> <font color="maroon"> <small> &emsp; &emsp;--- 25 Jan 13:50:38 167 - Assign Leave Element displayed</small> </font> </div>
<div class="test-event"> <font color="maroon"> <small> &emsp; &emsp;--- 25 Jan 13:50:38 192 - Webelement dimension: (72, 16)</small> </font> </div>
<div class="test-event"> <font color="maroon"> <small> &emsp; &emsp;--- 25 Jan 13:50:38 996 - Clicked on Assign Leave</small> </font> </div>
<div class="test-message">&emsp;Nav menu : Assign Leave selected&emsp;<a href=".\ScreenShot\TC201_186.png" target="_blank" >[ScreenShot]</a></div>
<div class="test-event"> <font color="maroon"> <small> &emsp; &emsp;--- 25 Jan 13:50:44 419 - Options Element displayed</small> </font> </div>
<div class="test-event"> <font color="maroon"> <small> &emsp; &emsp;--- 25 Jan 13:50:44 442 - Webelement dimension: (815, 35)</small> </font> </div>
<div class="test-event"> <font color="maroon"> <small> &emsp; &emsp;--- 25 Jan 13:50:44 507 - Clicked on Option field</small> </font> </div>
<div class="test-event"> <font color="maroon"> <small> &emsp; &emsp;--- 25 Jan 13:50:44 547 - Leave Type Element displayed</small> </font> </div>
<div class="test-event"> <font color="maroon"> <small> &emsp; &emsp;--- 25 Jan 13:50:44 571 - Webelement dimension: (824, 45)</small> </font> </div>
<div class="test-event"> <font color="maroon"> <small> &emsp; &emsp;--- 25 Jan 13:50:44 621 - Clicked on Leave Type</small> </font> </div>
<div class="test-event"> <font color="maroon"> <small> &emsp; &emsp;--- 25 Jan 13:50:44 650 - Options elements displayed: 11</small> </font> </div>
<div class="test-event"> <font color="maroon"> <small> &emsp; &emsp;--- 25 Jan 13:50:44 681 - Options elements displayed size: 11</small> </font> </div>
<div class="test-event"> <font color="maroon"> <small> &emsp; &emsp;--- 25 Jan 13:50:44 728 - Webelement dimension: (92, 16)</small> </font> </div>
<div class="test-event"> <font color="maroon"> <small> &emsp; &emsp;--- 25 Jan 13:50:44 777 - Clicked on CAN - Matternity</small> </font> </div>
<div class="test-message">&emsp;Leave Type: CAN - Matternity selected&emsp;<a href=".\ScreenShot\TC201_187.png" target="_blank" >[ScreenShot]</a></div>
<div class="test-message">&emsp;Leave Type: CAN - Matternity selected&emsp;<a href=".\ScreenShot\TC201_188.png" target="_blank" >[ScreenShot]</a></div>
<div class="test-event"> <font color="maroon"> <small> &emsp; &emsp;--- 25 Jan 13:50:45 862 - From Date Element displayed</small> </font> </div>
<div class="test-event"> <font color="maroon"> <small> &emsp; &emsp;--- 25 Jan 13:50:45 885 - Webelement dimension: (400, 45)</small> </font> </div>
<div class="test-event"> <font color="maroon"> <small> &emsp; &emsp;--- 25 Jan 13:50:45 962 - Clicked on From Date</small> </font> </div>
<div class="test-event"> <font color="maroon"> <small> &emsp; &emsp;--- 25 Jan 13:50:45 998 - Dates field Element displayed</small> </font> </div>
<div class="test-event"> <font color="maroon"> <small> &emsp; &emsp;--- 25 Jan 13:50:46 064 - Webelement dimension: (38, 38)</small> </font> </div>
<div class="test-event"> <font color="maroon"> <small> &emsp; &emsp;--- 25 Jan 13:50:46 341 - Clicked on Date: 10</small> </font> </div>
<div class="test-event"> <font color="maroon"> <small> &emsp; &emsp;--- 25 Jan 13:50:46 482 - [[ChromeDriver: chrome on windows (30fe6680e734ff910e247c01d91174c3)] -> xpath: //label[text()='From Date']/parent::div/parent::div //input] displayed</small> </font> </div>
<div class="test-event"> <font color="maroon"> <small> &emsp; &emsp;--- 25 Jan 13:50:46 571 - To Date Element displayed</small> </font> </div>
<div class="test-event"> <font color="maroon"> <small> &emsp; &emsp;--- 25 Jan 13:50:46 599 - Webelement dimension: (400, 45)</small> </font> </div>
<div class="test-event"> <font color="maroon"> <small> &emsp; &emsp;--- 25 Jan 13:50:46 717 - Clicked on To Date</small> </font> </div>
<div class="test-event"> <font color="maroon"> <small> &emsp; &emsp;--- 25 Jan 13:50:46 787 - Webelement dimension: (107, 30)</small> </font> </div>
<div class="test-event"> <font color="maroon"> <small> &emsp; &emsp;--- 25 Jan 13:50:47 135 - Clicked on Assign button</small> </font> </div>
<div class="test-event"> <font color="maroon"> <small> &emsp; &emsp;--- 25 Jan 13:50:47 968 - Webelement dimension: (100, 31)</small> </font> </div>
<div class="test-event"> <font color="maroon"> <small> &emsp; &emsp;--- 25 Jan 13:50:48 041 - Clicked on Ok button</small> </font> </div>
<div class="test-event"> <font color="maroon"> <small> &emsp; &emsp;--- 25 Jan 13:50:49 182 - [[ChromeDriver: chrome on windows (30fe6680e734ff910e247c01d91174c3)] -> css selector: div[class*='oxd-toast--success']] displayed</small> </font> </div>
<div class="test-event"> <font color="maroon"> <small> &emsp; &emsp;--- 25 Jan 13:50:49 458 - Webelement dimension: (162, 54)</small> </font> </div>
<div class="test-event"> <font color="maroon"> <small> &emsp; &emsp;--- 25 Jan 13:50:49 657 - Clicked on User profile</small> </font> </div>
<div class="test-event"> <font color="maroon"> <small> &emsp; &emsp;--- 25 Jan 13:50:49 806 - Webelement dimension: (160, 26)</small> </font> </div>
<div class="test-event"> <font color="maroon"> <small> &emsp; &emsp;--- 25 Jan 13:50:51 416 - Clicked on Logout button</small> </font> </div>
<div class="test-message">&emsp;Logout to application&emsp;<a href=".\ScreenShot\TC201_189.png" target="_blank" >[ScreenShot]</a></div>
<div class="test-event"> <font color="maroon"> <small> &emsp; &emsp;--- 25 Jan 13:50:52 765 - Page URL:: https://opensource-demo.orangehrmlive.com/web/index.php/auth/login</small> </font> </div>
<div class="test-event"> <font color="maroon"> <small> &emsp; &emsp;--- 25 Jan 13:50:52 765 - <b>0</b> - Page Load Wait: (Sync) - com.OrangeHRM.utils.WaitUtils.waitForPageLoad(WaitUtils.java:50)</small> </font> </div>
<div class="test-event"> <font color="maroon"> <small> &emsp; &emsp;--- 25 Jan 13:50:52 799 - [[ChromeDriver: chrome on windows (30fe6680e734ff910e247c01d91174c3)] -> css selector: button[class*='orangehrm-login-button']] displayed</small> </font> </div>
<div class="test-event"> <font color="maroon"> <small> &emsp; &emsp;--- 25 Jan 13:50:53 135 - Entered value daniel.kutch in Username field</small> </font> </div>
<div class="test-event"> <font color="maroon"> <small> &emsp; &emsp;--- 25 Jan 13:50:53 669 - Entered value 990p06265 in Password field</small> </font> </div>
<div class="test-event"> <font color="maroon"> <small> &emsp; &emsp;--- 25 Jan 13:50:53 692 - Webelement dimension: (485, 46)</small> </font> </div>
<div class="test-event"> <font color="maroon"> <small> &emsp; &emsp;--- 25 Jan 13:50:53 738 - Clicked on Login button</small> </font> </div>
<div class="test-message">&emsp;Login to Application&emsp;<a href=".\ScreenShot\TC201_190.png" target="_blank" >[ScreenShot]</a></div>
<div class="test-event"> <font color="maroon"> <small> &emsp; &emsp;--- 25 Jan 13:50:55 950 - Page URL:: https://opensource-demo.orangehrmlive.com/web/index.php/dashboard/index</small> </font> </div>
<div class="test-event"> <font color="maroon"> <small> &emsp; &emsp;--- 25 Jan 13:50:55 950 - <b>0</b> - Page Load Wait: (Sync) - com.OrangeHRM.utils.WaitUtils.waitForPageLoad(WaitUtils.java:50)</small> </font> </div>
<div class="test-event"> <font color="maroon"> <small> &emsp; &emsp;--- 25 Jan 13:50:56 339 - [[ChromeDriver: chrome on windows (30fe6680e734ff910e247c01d91174c3)] -> css selector: p[class*='orangehrm-copyright']] displayed</small> </font> </div>
<div class="test-event"> <font color="maroon"> <small> &emsp; &emsp;--- 25 Jan 13:50:56 369 - [[ChromeDriver: chrome on windows (30fe6680e734ff910e247c01d91174c3)] -> css selector: span[class*='oxd-main-menu-item--name']] displayed</small> </font> </div>
<div class="test-event"> <font color="maroon"> <small> &emsp; &emsp;--- 25 Jan 13:50:56 390 - Leave Element displayed</small> </font> </div>
<div class="test-event"> <font color="maroon"> <small> &emsp; &emsp;--- 25 Jan 13:50:56 415 - Webelement dimension: (51, 19)</small> </font> </div>
<div class="test-event"> <font color="maroon"> <small> &emsp; &emsp;--- 25 Jan 13:50:59 038 - Clicked on Leave</small> </font> </div>
<div class="test-message">&emsp;Main menu : Leave selected&emsp;<a href=".\ScreenShot\TC201_191.png" target="_blank" >[ScreenShot]</a></div>
<div class="test-event"> <font color="maroon"> <small> &emsp; &emsp;--- 25 Jan 13:50:59 573 - Page URL:: https://opensource-demo.orangehrmlive.com/web/index.php/leave/viewmyleavelist</small> </font> </div>
<div class="test-event"> <font color="maroon"> <small> &emsp; &emsp;--- 25 Jan 13:50:59 574 - <b>0</b> - Page Load Wait: (Sync) - com.OrangeHRM.utils.WaitUtils.waitForPageLoad(WaitUtils.java:50)</small> </font> </div>
<div class="test-event"> <font color="maroon"> <small> &emsp; &emsp;--- 25 Jan 13:50:59 605 - [[ChromeDriver: chrome on windows (30fe6680e734ff910e247c01d91174c3)] -> xpath: //a[text()='My Leave']] displayed</small> </font> </div>
<div class="test-event"> <font color="maroon"> <small> &emsp; &emsp;--- 25 Jan 13:50:59 638 - From Date Element displayed</small> </font> </div>
<div class="test-event"> <font color="maroon"> <small> &emsp; &emsp;--- 25 Jan 13:50:59 657 - Webelement dimension: (400, 45)</small> </font> </div>
<div class="test-event"> <font color="maroon"> <small> &emsp; &emsp;--- 25 Jan 13:50:59 714 - Clicked on From Date</small> </font> </div>
<div class="test-event"> <font color="maroon"> <small> &emsp; &emsp;--- 25 Jan 13:50:59 748 - Dates field Element displayed</small> </font> </div>
<div class="test-event"> <font color="maroon"> <small> &emsp; &emsp;--- 25 Jan 13:50:59 772 - Webelement dimension: (38, 38)</small> </font> </div>
<div class="test-event"> <font color="maroon"> <small> &emsp; &emsp;--- 25 Jan 13:50:59 829 - Clicked on Date: 10</small> </font> </div>
<div class="test-event"> <font color="maroon"> <small> &emsp; &emsp;--- 25 Jan 13:50:59 868 - [[ChromeDriver: chrome on windows (30fe6680e734ff910e247c01d91174c3)] -> xpath: //label[text()='From Date']/parent::div/parent::div //input] displayed</small> </font> </div>
<div class="test-event"> <font color="maroon"> <small> &emsp; &emsp;--- 25 Jan 13:50:59 922 - To Date Element displayed</small> </font> </div>
<div class="test-event"> <font color="maroon"> <small> &emsp; &emsp;--- 25 Jan 13:50:59 946 - Webelement dimension: (400, 45)</small> </font> </div>
<div class="test-event"> <font color="maroon"> <small> &emsp; &emsp;--- 25 Jan 13:51:00 003 - Clicked on To Date</small> </font> </div>
<div class="test-event"> <font color="maroon"> <small> &emsp; &emsp;--- 25 Jan 13:51:00 035 - Webelement dimension: (107, 31)</small> </font> </div>
<div class="test-event"> <font color="maroon"> <small> &emsp; &emsp;--- 25 Jan 13:51:00 155 - Clicked on Search button</small> </font> </div>
<div class="test-event"> <font color="maroon"> <small> &emsp; &emsp;--- 25 Jan 13:51:00 737 - Table rows Element displayed</small> </font> </div>
<div class="test-event"> <font color="maroon"> <small> &emsp; &emsp;--- 25 Jan 13:51:00 770 - Table rows elements displayed size: 1</small> </font> </div>
<div class="test-event"> <font color="maroon"> <small> &emsp; &emsp;--- 25 Jan 13:51:00 805 - [[ChromeDriver: chrome on windows (30fe6680e734ff910e247c01d91174c3)] -> xpath: //span[text()='(1) Record Found']] displayed</small> </font> </div>
<div class="test-event"> <font color="maroon"> <small> &emsp; &emsp;--- 25 Jan 13:51:00 884 - Text value displayed for Table field : 2024-01-10</small> </font> </div>
<div class="test-event"> <font color="maroon"> <small> &emsp; &emsp;--- 25 Jan 13:51:00 928 - Text value displayed for Table field : Quentin Senger</small> </font> </div>
<div class="test-event"> <font color="maroon"> <small> &emsp; &emsp;--- 25 Jan 13:51:00 971 - Text value displayed for Table field : CAN - Matternity</small> </font> </div>
<div class="test-event"> <font color="maroon"> <small> &emsp; &emsp;--- 25 Jan 13:51:01 021 - Text value displayed for Table field : -1.00</small> </font> </div>
<div class="test-event"> <font color="maroon"> <small> &emsp; &emsp;--- 25 Jan 13:51:01 071 - Text value displayed for Table field : 1.00</small> </font> </div>
<div class="test-event"> <font color="maroon"> <small> &emsp; &emsp;--- 25 Jan 13:51:01 115 - Text value displayed for Table field : Taken (1.00)</small> </font> </div>
<div class="test-message">&emsp;Leave Details is verified successfully&emsp;<a href=".\ScreenShot\TC201_192.png" target="_blank" >[ScreenShot]</a></div>
<div class="test-result"><br><font color="green"><strong> Test Passed. </strong></font> </div>&emsp;
<div class="test-event"> <font color="maroon"> <small> &emsp; &emsp;--- 25 Jan 13:51:01 606 - WebDriver session: ChromeDriver: chrome on windows (30fe6680e734ff910e247c01d91174c3)</small> </font> </div>]]>
  </system-out>
</testsuite> <!-- com.OrangeHRM.testscripts.TimeSheetTestSuite -->
