<?xml version="1.0" encoding="UTF-8"?>
<!-- Generated by org.testng.reporters.JUnitReportReporter -->
<testsuite hostname="Asplap1673" failures="0" tests="1" name="com.aspire.guidewire.api.pc.testscripts.API_PC_DataGenerator" time="852.921" errors="0" timestamp="2023-10-30T16:59:36 IST" skipped="0">
  <testcase classname="com.aspire.guidewire.api.pc.testscripts.API_PC_DataGenerator" name="personalAutoPolicyCreationInBC" time="852.921">
    <system-out>
      <![CDATA[<div class="test-message">&emsp;AccountNumber: 9938132821</div>
<div class="test-message">&emsp;Policy Number: 2523557416</div>
<div class="test-message">&emsp;AccountNumber: 9526362783</div>
<div class="test-message">&emsp;Policy Number: 9432463785</div>
<div class="test-message">&emsp;AccountNumber: 7375587197</div>
<div class="test-message">&emsp;Policy Number: 3378859569</div>
<div class="test-message">&emsp;AccountNumber: 6211277399</div>
<div class="test-message">&emsp;Policy Number: 7014442009</div>
<div class="test-message">&emsp;AccountNumber: 1671208503</div>
<div class="test-message">&emsp;Policy Number: 7090278514</div>
<div class="test-message">&emsp;AccountNumber: 1666046291</div>
<div class="test-message">&emsp;Policy Number: 1278970900</div>
<div class="test-message">&emsp;AccountNumber: 0121075953</div>
<div class="test-message">&emsp;Policy Number: 9464000546</div>
<div class="test-message">&emsp;AccountNumber: 8333062974</div>
<div class="test-message">&emsp;Policy Number: 0868222135</div>
<div class="test-message">&emsp;AccountNumber: 5678802025</div>
<div class="test-message">&emsp;Policy Number: 9348300370</div>
<div class="test-message">&emsp;AccountNumber: 0852041690</div>
<div class="test-message">&emsp;Policy Number: 7182257328</div>
<div class="test-message">&emsp;AccountNumber: 7302514795</div>
<div class="test-message">&emsp;Policy Number: 2623180893</div>
<div class="test-message">&emsp;AccountNumber: 5150438442</div>
<div class="test-message">&emsp;Policy Number: 7493668224</div>
<div class="test-message">&emsp;AccountNumber: 5205597773</div>
<div class="test-message">&emsp;Policy Number: 4402456232</div>
<div class="test-message">&emsp;AccountNumber: 3920769280</div>
<div class="test-message">&emsp;Policy Number: 6547867672</div>
<div class="test-message">&emsp;AccountNumber: 9053887765</div>
<div class="test-message">&emsp;Policy Number: 5997430464</div>
<div class="test-message">&emsp;AccountNumber: 1334782514</div>
<div class="test-message">&emsp;Policy Number: 4467228525</div>
<div class="test-message">&emsp;AccountNumber: 9680051039</div>
<div class="test-message">&emsp;Policy Number: 3142085947</div>
<div class="test-message">&emsp;AccountNumber: 3086452563</div>
<div class="test-message">&emsp;Policy Number: 6127885296</div>
<div class="test-message">&emsp;AccountNumber: 1524987933</div>
<div class="test-message">&emsp;Policy Number: 8334472053</div>
<div class="test-message">&emsp;AccountNumber: 8272080688</div>
<div class="test-message">&emsp;Policy Number: 3522493807</div>
<div class="test-message">&emsp;AccountNumber: 2265024054</div>
<div class="test-message">&emsp;Policy Number: 7526181412</div>
<div class="test-message">&emsp;AccountNumber: 5697624759</div>
<div class="test-message">&emsp;Policy Number: 0831062584</div>
<div class="test-message">&emsp;AccountNumber: 1706588266</div>
<div class="test-message">&emsp;Policy Number: 9789274054</div>
<div class="test-message">&emsp;AccountNumber: 0108790044</div>
<div class="test-message">&emsp;Policy Number: 2428326130</div>
<div class="test-message">&emsp;AccountNumber: 0503177750</div>
<div class="test-message">&emsp;Policy Number: 3200662445</div>
<div class="test-message">&emsp;AccountNumber: 7338259612</div>
<div class="test-message">&emsp;Policy Number: 8168614971</div>
<div class="test-message">&emsp;AccountNumber: 8225654282</div>
<div class="test-message">&emsp;Policy Number: 1962946662</div>
<div class="test-message">&emsp;AccountNumber: 6942785584</div>
<div class="test-message">&emsp;Policy Number: 2503499176</div>
<div class="test-message">&emsp;AccountNumber: 6558710532</div>
<div class="test-message">&emsp;Policy Number: 9964784922</div>
<div class="test-message">&emsp;AccountNumber: 7651846649</div>
<div class="test-message">&emsp;Policy Number: 5928367235</div>
<div class="test-message">&emsp;AccountNumber: 5503770786</div>
<div class="test-message">&emsp;Policy Number: 3095740488</div>
<div class="test-message">&emsp;AccountNumber: 9102034544</div>
<div class="test-message">&emsp;Policy Number: 0436865528</div>
<div class="test-message">&emsp;AccountNumber: 9914844615</div>
<div class="test-message">&emsp;Policy Number: 7890841827</div>
<div class="test-message">&emsp;AccountNumber: 8785865718</div>
<div class="test-message">&emsp;Policy Number: 7679363248</div>
<div class="test-message">&emsp;AccountNumber: 1499227018</div>
<div class="test-message">&emsp;Policy Number: 7676920724</div>
<div class="test-message">&emsp;AccountNumber: 8155216761</div>
<div class="test-message">&emsp;Policy Number: 7606628316</div>
<div class="test-message">&emsp;AccountNumber: 6989840470</div>
<div class="test-message">&emsp;Policy Number: 6038104672</div>
<div class="test-message">&emsp;AccountNumber: 9636235811</div>
<div class="test-message">&emsp;Policy Number: 8506345897</div>
<div class="test-message">&emsp;AccountNumber: 9271755777</div>
<div class="test-message">&emsp;Policy Number: 6754727796</div>
<div class="test-message">&emsp;AccountNumber: 6142314699</div>
<div class="test-message">&emsp;Policy Number: 3762239592</div>
<div class="test-message">&emsp;AccountNumber: 2691203496</div>
<div class="test-message">&emsp;Policy Number: 3746196269</div>
<div class="test-message">&emsp;AccountNumber: 9167937000</div>
<div class="test-message">&emsp;Policy Number: 8843485746</div>
<div class="test-message">&emsp;AccountNumber: 9512795544</div>
<div class="test-message">&emsp;Policy Number: 3246121963</div>
<div class="test-message">&emsp;AccountNumber: 6692533776</div>
<div class="test-message">&emsp;Policy Number: 8012245719</div>
<div class="test-message">&emsp;AccountNumber: 8702994427</div>
<div class="test-message">&emsp;Policy Number: 4282046807</div>
<div class="test-message">&emsp;AccountNumber: 5246057391</div>
<div class="test-message">&emsp;Policy Number: 8391466812</div>
<div class="test-message">&emsp;AccountNumber: 2600469275</div>
<div class="test-message">&emsp;Policy Number: 9332477849</div>
<div class="test-message">&emsp;AccountNumber: 5795440851</div>
<div class="test-message">&emsp;Policy Number: 6371408689</div>
<div class="test-message">&emsp;AccountNumber: 6461580181</div>
<div class="test-message">&emsp;Policy Number: 7000108457</div>
<div class="test-message">&emsp;AccountNumber: 3468849294</div>
<div class="test-message">&emsp;Policy Number: 0109454820</div>
<div class="test-message">&emsp;AccountNumber: 1428788740</div>
<div class="test-message">&emsp;Policy Number: 0583973811</div>
<div class="test-message">&emsp;AccountNumber: 0153639400</div>
<div class="test-message">&emsp;Policy Number: 4719350702</div>
<div class="test-message">&emsp;AccountNumber: 5216869580</div>
<div class="test-message">&emsp;Policy Number: 7665267031</div>
<div class="test-message">&emsp;AccountNumber: 3617269465</div>
<div class="test-message">&emsp;Policy Number: 3078989190</div>
<div class="test-message">&emsp;AccountNumber: 9283000272</div>
<div class="test-message">&emsp;Policy Number: 5639489186</div>
<div class="test-message">&emsp;AccountNumber: 9926699165</div>
<div class="test-message">&emsp;Policy Number: 6979376728</div>
<div class="test-message">&emsp;AccountNumber: 9390725685</div>
<div class="test-message">&emsp;Policy Number: 4905511190</div>
<div class="test-message">&emsp;AccountNumber: 9100935133</div>
<div class="test-message">&emsp;Policy Number: 9214455016</div>
<div class="test-message">&emsp;AccountNumber: 8035718278</div>
<div class="test-message">&emsp;Policy Number: 5128149831</div>
<div class="test-message">&emsp;AccountNumber: 2133377000</div>
<div class="test-message">&emsp;Policy Number: 4030503815</div>
<div class="test-message">&emsp;AccountNumber: 1401364489</div>
<div class="test-message">&emsp;Policy Number: 3987085385</div>
<div class="test-message">&emsp;AccountNumber: 5283825203</div>
<div class="test-message">&emsp;Policy Number: 6489581989</div>
<div class="test-message">&emsp;AccountNumber: 4571160605</div>
<div class="test-message">&emsp;Policy Number: 2589334539</div>]]>
    </system-out>
  </testcase> <!-- personalAutoPolicyCreationInBC -->
  <system-out>
    <![CDATA[<div class="test-message">&emsp;AccountNumber: 9938132821</div>
<div class="test-message">&emsp;Policy Number: 2523557416</div>
<div class="test-message">&emsp;AccountNumber: 9526362783</div>
<div class="test-message">&emsp;Policy Number: 9432463785</div>
<div class="test-message">&emsp;AccountNumber: 7375587197</div>
<div class="test-message">&emsp;Policy Number: 3378859569</div>
<div class="test-message">&emsp;AccountNumber: 6211277399</div>
<div class="test-message">&emsp;Policy Number: 7014442009</div>
<div class="test-message">&emsp;AccountNumber: 1671208503</div>
<div class="test-message">&emsp;Policy Number: 7090278514</div>
<div class="test-message">&emsp;AccountNumber: 1666046291</div>
<div class="test-message">&emsp;Policy Number: 1278970900</div>
<div class="test-message">&emsp;AccountNumber: 0121075953</div>
<div class="test-message">&emsp;Policy Number: 9464000546</div>
<div class="test-message">&emsp;AccountNumber: 8333062974</div>
<div class="test-message">&emsp;Policy Number: 0868222135</div>
<div class="test-message">&emsp;AccountNumber: 5678802025</div>
<div class="test-message">&emsp;Policy Number: 9348300370</div>
<div class="test-message">&emsp;AccountNumber: 0852041690</div>
<div class="test-message">&emsp;Policy Number: 7182257328</div>
<div class="test-message">&emsp;AccountNumber: 7302514795</div>
<div class="test-message">&emsp;Policy Number: 2623180893</div>
<div class="test-message">&emsp;AccountNumber: 5150438442</div>
<div class="test-message">&emsp;Policy Number: 7493668224</div>
<div class="test-message">&emsp;AccountNumber: 5205597773</div>
<div class="test-message">&emsp;Policy Number: 4402456232</div>
<div class="test-message">&emsp;AccountNumber: 3920769280</div>
<div class="test-message">&emsp;Policy Number: 6547867672</div>
<div class="test-message">&emsp;AccountNumber: 9053887765</div>
<div class="test-message">&emsp;Policy Number: 5997430464</div>
<div class="test-message">&emsp;AccountNumber: 1334782514</div>
<div class="test-message">&emsp;Policy Number: 4467228525</div>
<div class="test-message">&emsp;AccountNumber: 9680051039</div>
<div class="test-message">&emsp;Policy Number: 3142085947</div>
<div class="test-message">&emsp;AccountNumber: 3086452563</div>
<div class="test-message">&emsp;Policy Number: 6127885296</div>
<div class="test-message">&emsp;AccountNumber: 1524987933</div>
<div class="test-message">&emsp;Policy Number: 8334472053</div>
<div class="test-message">&emsp;AccountNumber: 8272080688</div>
<div class="test-message">&emsp;Policy Number: 3522493807</div>
<div class="test-message">&emsp;AccountNumber: 2265024054</div>
<div class="test-message">&emsp;Policy Number: 7526181412</div>
<div class="test-message">&emsp;AccountNumber: 5697624759</div>
<div class="test-message">&emsp;Policy Number: 0831062584</div>
<div class="test-message">&emsp;AccountNumber: 1706588266</div>
<div class="test-message">&emsp;Policy Number: 9789274054</div>
<div class="test-message">&emsp;AccountNumber: 0108790044</div>
<div class="test-message">&emsp;Policy Number: 2428326130</div>
<div class="test-message">&emsp;AccountNumber: 0503177750</div>
<div class="test-message">&emsp;Policy Number: 3200662445</div>
<div class="test-message">&emsp;AccountNumber: 7338259612</div>
<div class="test-message">&emsp;Policy Number: 8168614971</div>
<div class="test-message">&emsp;AccountNumber: 8225654282</div>
<div class="test-message">&emsp;Policy Number: 1962946662</div>
<div class="test-message">&emsp;AccountNumber: 6942785584</div>
<div class="test-message">&emsp;Policy Number: 2503499176</div>
<div class="test-message">&emsp;AccountNumber: 6558710532</div>
<div class="test-message">&emsp;Policy Number: 9964784922</div>
<div class="test-message">&emsp;AccountNumber: 7651846649</div>
<div class="test-message">&emsp;Policy Number: 5928367235</div>
<div class="test-message">&emsp;AccountNumber: 5503770786</div>
<div class="test-message">&emsp;Policy Number: 3095740488</div>
<div class="test-message">&emsp;AccountNumber: 9102034544</div>
<div class="test-message">&emsp;Policy Number: 0436865528</div>
<div class="test-message">&emsp;AccountNumber: 9914844615</div>
<div class="test-message">&emsp;Policy Number: 7890841827</div>
<div class="test-message">&emsp;AccountNumber: 8785865718</div>
<div class="test-message">&emsp;Policy Number: 7679363248</div>
<div class="test-message">&emsp;AccountNumber: 1499227018</div>
<div class="test-message">&emsp;Policy Number: 7676920724</div>
<div class="test-message">&emsp;AccountNumber: 8155216761</div>
<div class="test-message">&emsp;Policy Number: 7606628316</div>
<div class="test-message">&emsp;AccountNumber: 6989840470</div>
<div class="test-message">&emsp;Policy Number: 6038104672</div>
<div class="test-message">&emsp;AccountNumber: 9636235811</div>
<div class="test-message">&emsp;Policy Number: 8506345897</div>
<div class="test-message">&emsp;AccountNumber: 9271755777</div>
<div class="test-message">&emsp;Policy Number: 6754727796</div>
<div class="test-message">&emsp;AccountNumber: 6142314699</div>
<div class="test-message">&emsp;Policy Number: 3762239592</div>
<div class="test-message">&emsp;AccountNumber: 2691203496</div>
<div class="test-message">&emsp;Policy Number: 3746196269</div>
<div class="test-message">&emsp;AccountNumber: 9167937000</div>
<div class="test-message">&emsp;Policy Number: 8843485746</div>
<div class="test-message">&emsp;AccountNumber: 9512795544</div>
<div class="test-message">&emsp;Policy Number: 3246121963</div>
<div class="test-message">&emsp;AccountNumber: 6692533776</div>
<div class="test-message">&emsp;Policy Number: 8012245719</div>
<div class="test-message">&emsp;AccountNumber: 8702994427</div>
<div class="test-message">&emsp;Policy Number: 4282046807</div>
<div class="test-message">&emsp;AccountNumber: 5246057391</div>
<div class="test-message">&emsp;Policy Number: 8391466812</div>
<div class="test-message">&emsp;AccountNumber: 2600469275</div>
<div class="test-message">&emsp;Policy Number: 9332477849</div>
<div class="test-message">&emsp;AccountNumber: 5795440851</div>
<div class="test-message">&emsp;Policy Number: 6371408689</div>
<div class="test-message">&emsp;AccountNumber: 6461580181</div>
<div class="test-message">&emsp;Policy Number: 7000108457</div>
<div class="test-message">&emsp;AccountNumber: 3468849294</div>
<div class="test-message">&emsp;Policy Number: 0109454820</div>
<div class="test-message">&emsp;AccountNumber: 1428788740</div>
<div class="test-message">&emsp;Policy Number: 0583973811</div>
<div class="test-message">&emsp;AccountNumber: 0153639400</div>
<div class="test-message">&emsp;Policy Number: 4719350702</div>
<div class="test-message">&emsp;AccountNumber: 5216869580</div>
<div class="test-message">&emsp;Policy Number: 7665267031</div>
<div class="test-message">&emsp;AccountNumber: 3617269465</div>
<div class="test-message">&emsp;Policy Number: 3078989190</div>
<div class="test-message">&emsp;AccountNumber: 9283000272</div>
<div class="test-message">&emsp;Policy Number: 5639489186</div>
<div class="test-message">&emsp;AccountNumber: 9926699165</div>
<div class="test-message">&emsp;Policy Number: 6979376728</div>
<div class="test-message">&emsp;AccountNumber: 9390725685</div>
<div class="test-message">&emsp;Policy Number: 4905511190</div>
<div class="test-message">&emsp;AccountNumber: 9100935133</div>
<div class="test-message">&emsp;Policy Number: 9214455016</div>
<div class="test-message">&emsp;AccountNumber: 8035718278</div>
<div class="test-message">&emsp;Policy Number: 5128149831</div>
<div class="test-message">&emsp;AccountNumber: 2133377000</div>
<div class="test-message">&emsp;Policy Number: 4030503815</div>
<div class="test-message">&emsp;AccountNumber: 1401364489</div>
<div class="test-message">&emsp;Policy Number: 3987085385</div>
<div class="test-message">&emsp;AccountNumber: 5283825203</div>
<div class="test-message">&emsp;Policy Number: 6489581989</div>
<div class="test-message">&emsp;AccountNumber: 4571160605</div>
<div class="test-message">&emsp;Policy Number: 2589334539</div>]]>
  </system-out>
</testsuite> <!-- com.aspire.guidewire.api.pc.testscripts.API_PC_DataGenerator -->
